INFO - 2023-12-28 05:38:35 --> Session: Class initialized using 'CodeIgniter\Session\Handlers\FileHandler' driver.
INFO - 2023-12-28 05:38:45 --> Session: Class initialized using 'CodeIgniter\Session\Handlers\FileHandler' driver.
INFO - 2023-12-28 05:38:49 --> Session: Class initialized using 'CodeIgniter\Session\Handlers\FileHandler' driver.
INFO - 2023-12-28 05:38:50 --> Session: Class initialized using 'CodeIgniter\Session\Handlers\FileHandler' driver.
WARNING - 2023-12-28 05:38:51 --> [DEPRECATED] Function strftime() is deprecated in APPPATH\Views\dashboard\index.php on line 19.
 1 SYSTEMPATH\View\View.php(213): include('D:\\xampp\\htdocs\\ameng\\app\\Views\\dashboard\\index.php')
 2 SYSTEMPATH\View\View.php(216): CodeIgniter\View\View->CodeIgniter\View\{closure}()
 3 SYSTEMPATH\Common.php(1184): CodeIgniter\View\View->render('dashboard/index', [], true)
 4 APPPATH\Controllers\DashboardController.php(51): view('dashboard/index', [...])
 5 SYSTEMPATH\CodeIgniter.php(934): App\Controllers\DashboardController->index()
 6 SYSTEMPATH\CodeIgniter.php(499): CodeIgniter\CodeIgniter->runController(Object(App\Controllers\DashboardController))
 7 SYSTEMPATH\CodeIgniter.php(368): CodeIgniter\CodeIgniter->handleRequest(null, Object(Config\Cache), false)
 8 FCPATH\index.php(67): CodeIgniter\CodeIgniter->run()
 9 SYSTEMPATH\Commands\Server\rewrite.php(47): require_once('D:\\xampp\\htdocs\\ameng\\public\\index.php')
INFO - 2023-12-28 05:39:53 --> Session: Class initialized using 'CodeIgniter\Session\Handlers\FileHandler' driver.
WARNING - 2023-12-28 05:39:53 --> [DEPRECATED] Function strftime() is deprecated in APPPATH\Views\dashboard\index.php on line 19.
 1 SYSTEMPATH\View\View.php(213): include('D:\\xampp\\htdocs\\ameng\\app\\Views\\dashboard\\index.php')
 2 SYSTEMPATH\View\View.php(216): CodeIgniter\View\View->CodeIgniter\View\{closure}()
 3 SYSTEMPATH\Common.php(1184): CodeIgniter\View\View->render('dashboard/index', [], true)
 4 APPPATH\Controllers\DashboardController.php(51): view('dashboard/index', [...])
 5 SYSTEMPATH\CodeIgniter.php(934): App\Controllers\DashboardController->index()
 6 SYSTEMPATH\CodeIgniter.php(499): CodeIgniter\CodeIgniter->runController(Object(App\Controllers\DashboardController))
 7 SYSTEMPATH\CodeIgniter.php(368): CodeIgniter\CodeIgniter->handleRequest(null, Object(Config\Cache), false)
 8 FCPATH\index.php(67): CodeIgniter\CodeIgniter->run()
 9 SYSTEMPATH\Commands\Server\rewrite.php(47): require_once('D:\\xampp\\htdocs\\ameng\\public\\index.php')
INFO - 2023-12-28 05:41:31 --> Session: Class initialized using 'CodeIgniter\Session\Handlers\FileHandler' driver.
CRITICAL - 2023-12-28 05:41:31 --> Undefined array key "rt"
in APPPATH\Views\dashboard\penduduk\v_warga.php on line 74.
 1 APPPATH\Views\dashboard\penduduk\v_warga.php(74): CodeIgniter\Debug\Exceptions->errorHandler(2, 'Undefined array key "rt"', 'D:\\xampp\\htdocs\\ameng\\app\\Views\\dashboard\\penduduk\\v_warga.php', 74)
 2 SYSTEMPATH\View\View.php(213): include('D:\\xampp\\htdocs\\ameng\\app\\Views\\dashboard\\penduduk\\v_warga.php')
 3 SYSTEMPATH\View\View.php(216): CodeIgniter\View\View->CodeIgniter\View\{closure}()
 4 SYSTEMPATH\Common.php(1184): CodeIgniter\View\View->render('dashboard/penduduk/v_warga', [], true)
 5 APPPATH\Controllers\PendudukController.php(25): view('dashboard/penduduk/v_warga', [...])
 6 SYSTEMPATH\CodeIgniter.php(934): App\Controllers\PendudukController->index()
 7 SYSTEMPATH\CodeIgniter.php(499): CodeIgniter\CodeIgniter->runController(Object(App\Controllers\PendudukController))
 8 SYSTEMPATH\CodeIgniter.php(368): CodeIgniter\CodeIgniter->handleRequest(null, Object(Config\Cache), false)
 9 FCPATH\index.php(67): CodeIgniter\CodeIgniter->run()
10 SYSTEMPATH\Commands\Server\rewrite.php(47): require_once('D:\\xampp\\htdocs\\ameng\\public\\index.php')
INFO - 2023-12-28 05:41:32 --> Session: Class initialized using 'CodeIgniter\Session\Handlers\FileHandler' driver.
CRITICAL - 2023-12-28 05:41:32 --> Undefined array key "rt"
in APPPATH\Views\dashboard\penduduk\v_warga.php on line 74.
 1 APPPATH\Views\dashboard\penduduk\v_warga.php(74): CodeIgniter\Debug\Exceptions->errorHandler(2, 'Undefined array key "rt"', 'D:\\xampp\\htdocs\\ameng\\app\\Views\\dashboard\\penduduk\\v_warga.php', 74)
 2 SYSTEMPATH\View\View.php(213): include('D:\\xampp\\htdocs\\ameng\\app\\Views\\dashboard\\penduduk\\v_warga.php')
 3 SYSTEMPATH\View\View.php(216): CodeIgniter\View\View->CodeIgniter\View\{closure}()
 4 SYSTEMPATH\Common.php(1184): CodeIgniter\View\View->render('dashboard/penduduk/v_warga', [], true)
 5 APPPATH\Controllers\PendudukController.php(25): view('dashboard/penduduk/v_warga', [...])
 6 SYSTEMPATH\CodeIgniter.php(934): App\Controllers\PendudukController->index()
 7 SYSTEMPATH\CodeIgniter.php(499): CodeIgniter\CodeIgniter->runController(Object(App\Controllers\PendudukController))
 8 SYSTEMPATH\CodeIgniter.php(368): CodeIgniter\CodeIgniter->handleRequest(null, Object(Config\Cache), false)
 9 FCPATH\index.php(67): CodeIgniter\CodeIgniter->run()
10 SYSTEMPATH\Commands\Server\rewrite.php(47): require_once('D:\\xampp\\htdocs\\ameng\\public\\index.php')
INFO - 2023-12-28 05:41:34 --> Session: Class initialized using 'CodeIgniter\Session\Handlers\FileHandler' driver.
CRITICAL - 2023-12-28 05:41:34 --> Undefined array key "rt"
in APPPATH\Views\dashboard\penduduk\v_warga.php on line 74.
 1 APPPATH\Views\dashboard\penduduk\v_warga.php(74): CodeIgniter\Debug\Exceptions->errorHandler(2, 'Undefined array key "rt"', 'D:\\xampp\\htdocs\\ameng\\app\\Views\\dashboard\\penduduk\\v_warga.php', 74)
 2 SYSTEMPATH\View\View.php(213): include('D:\\xampp\\htdocs\\ameng\\app\\Views\\dashboard\\penduduk\\v_warga.php')
 3 SYSTEMPATH\View\View.php(216): CodeIgniter\View\View->CodeIgniter\View\{closure}()
 4 SYSTEMPATH\Common.php(1184): CodeIgniter\View\View->render('dashboard/penduduk/v_warga', [], true)
 5 APPPATH\Controllers\PendudukController.php(25): view('dashboard/penduduk/v_warga', [...])
 6 SYSTEMPATH\CodeIgniter.php(934): App\Controllers\PendudukController->index()
 7 SYSTEMPATH\CodeIgniter.php(499): CodeIgniter\CodeIgniter->runController(Object(App\Controllers\PendudukController))
 8 SYSTEMPATH\CodeIgniter.php(368): CodeIgniter\CodeIgniter->handleRequest(null, Object(Config\Cache), false)
 9 FCPATH\index.php(67): CodeIgniter\CodeIgniter->run()
10 SYSTEMPATH\Commands\Server\rewrite.php(47): require_once('D:\\xampp\\htdocs\\ameng\\public\\index.php')
INFO - 2023-12-28 05:42:20 --> Session: Class initialized using 'CodeIgniter\Session\Handlers\FileHandler' driver.
INFO - 2023-12-28 05:42:24 --> Session: Class initialized using 'CodeIgniter\Session\Handlers\FileHandler' driver.
INFO - 2023-12-28 05:43:52 --> Session: Class initialized using 'CodeIgniter\Session\Handlers\FileHandler' driver.
INFO - 2023-12-28 05:43:53 --> Session: Class initialized using 'CodeIgniter\Session\Handlers\FileHandler' driver.
INFO - 2023-12-28 05:44:44 --> Session: Class initialized using 'CodeIgniter\Session\Handlers\FileHandler' driver.
INFO - 2023-12-28 05:47:50 --> Session: Class initialized using 'CodeIgniter\Session\Handlers\FileHandler' driver.
INFO - 2023-12-28 05:50:28 --> Session: Class initialized using 'CodeIgniter\Session\Handlers\FileHandler' driver.
INFO - 2023-12-28 05:50:28 --> Session: Class initialized using 'CodeIgniter\Session\Handlers\FileHandler' driver.
ERROR - 2023-12-28 07:03:21 --> Error connecting to the database: mysqli_sql_exception: No connection could be made because the target machine actively refused it in D:\xampp\htdocs\ameng\system\Database\MySQLi\Connection.php:174
Stack trace:
#0 D:\xampp\htdocs\ameng\system\Database\MySQLi\Connection.php(174): mysqli->real_connect('localhost', 'root', '', 'db_desa_2023_ne...', 3306, '', 0)
#1 D:\xampp\htdocs\ameng\system\Database\BaseConnection.php(391): CodeIgniter\Database\MySQLi\Connection->connect(false)
#2 D:\xampp\htdocs\ameng\system\Database\BaseConnection.php(574): CodeIgniter\Database\BaseConnection->initialize()
#3 D:\xampp\htdocs\ameng\system\Database\BaseBuilder.php(1616): CodeIgniter\Database\BaseConnection->query('SELECT *\nFROM `...', Array, false)
#4 D:\xampp\htdocs\ameng\app\Models\BeritaModel.php(46): CodeIgniter\Database\BaseBuilder->get()
#5 D:\xampp\htdocs\ameng\app\Controllers\HomepageController.php(48): App\Models\BeritaModel->getFirstBerita()
#6 D:\xampp\htdocs\ameng\system\CodeIgniter.php(934): App\Controllers\HomepageController->index()
#7 D:\xampp\htdocs\ameng\system\CodeIgniter.php(499): CodeIgniter\CodeIgniter->runController(Object(App\Controllers\HomepageController))
#8 D:\xampp\htdocs\ameng\system\CodeIgniter.php(368): CodeIgniter\CodeIgniter->handleRequest(NULL, Object(Config\Cache), false)
#9 D:\xampp\htdocs\ameng\public\index.php(67): CodeIgniter\CodeIgniter->run()
#10 D:\xampp\htdocs\ameng\system\Commands\Server\rewrite.php(47): require_once('D:\\xampp\\htdocs...')
#11 {main}

Next CodeIgniter\Database\Exceptions\DatabaseException: No connection could be made because the target machine actively refused it in D:\xampp\htdocs\ameng\system\Database\MySQLi\Connection.php:218
Stack trace:
#0 D:\xampp\htdocs\ameng\system\Database\BaseConnection.php(391): CodeIgniter\Database\MySQLi\Connection->connect(false)
#1 D:\xampp\htdocs\ameng\system\Database\BaseConnection.php(574): CodeIgniter\Database\BaseConnection->initialize()
#2 D:\xampp\htdocs\ameng\system\Database\BaseBuilder.php(1616): CodeIgniter\Database\BaseConnection->query('SELECT *\nFROM `...', Array, false)
#3 D:\xampp\htdocs\ameng\app\Models\BeritaModel.php(46): CodeIgniter\Database\BaseBuilder->get()
#4 D:\xampp\htdocs\ameng\app\Controllers\HomepageController.php(48): App\Models\BeritaModel->getFirstBerita()
#5 D:\xampp\htdocs\ameng\system\CodeIgniter.php(934): App\Controllers\HomepageController->index()
#6 D:\xampp\htdocs\ameng\system\CodeIgniter.php(499): CodeIgniter\CodeIgniter->runController(Object(App\Controllers\HomepageController))
#7 D:\xampp\htdocs\ameng\system\CodeIgniter.php(368): CodeIgniter\CodeIgniter->handleRequest(NULL, Object(Config\Cache), false)
#8 D:\xampp\htdocs\ameng\public\index.php(67): CodeIgniter\CodeIgniter->run()
#9 D:\xampp\htdocs\ameng\system\Commands\Server\rewrite.php(47): require_once('D:\\xampp\\htdocs...')
#10 {main}
CRITICAL - 2023-12-28 07:03:21 --> Unable to connect to the database.
Main connection [MySQLi]: No connection could be made because the target machine actively refused it
in SYSTEMPATH\Database\BaseConnection.php on line 427.
 1 SYSTEMPATH\Database\BaseConnection.php(574): CodeIgniter\Database\BaseConnection->initialize()
 2 SYSTEMPATH\Database\BaseBuilder.php(1616): CodeIgniter\Database\BaseConnection->query('SELECT *
FROM `berita`', [], false)
 3 APPPATH\Models\BeritaModel.php(46): CodeIgniter\Database\BaseBuilder->get()
 4 APPPATH\Controllers\HomepageController.php(48): App\Models\BeritaModel->getFirstBerita()
 5 SYSTEMPATH\CodeIgniter.php(934): App\Controllers\HomepageController->index()
 6 SYSTEMPATH\CodeIgniter.php(499): CodeIgniter\CodeIgniter->runController(Object(App\Controllers\HomepageController))
 7 SYSTEMPATH\CodeIgniter.php(368): CodeIgniter\CodeIgniter->handleRequest(null, Object(Config\Cache), false)
 8 FCPATH\index.php(67): CodeIgniter\CodeIgniter->run()
 9 SYSTEMPATH\Commands\Server\rewrite.php(47): require_once('D:\\xampp\\htdocs\\ameng\\public\\index.php')
ERROR - 2023-12-28 07:03:25 --> Error connecting to the database: mysqli_sql_exception: No connection could be made because the target machine actively refused it in D:\xampp\htdocs\ameng\system\Database\MySQLi\Connection.php:174
Stack trace:
#0 D:\xampp\htdocs\ameng\system\Database\MySQLi\Connection.php(174): mysqli->real_connect('localhost', 'root', '', 'db_desa_2023_ne...', 3306, '', 0)
#1 D:\xampp\htdocs\ameng\system\Database\BaseConnection.php(391): CodeIgniter\Database\MySQLi\Connection->connect(false)
#2 D:\xampp\htdocs\ameng\system\Database\BaseConnection.php(574): CodeIgniter\Database\BaseConnection->initialize()
#3 D:\xampp\htdocs\ameng\system\Database\BaseBuilder.php(1616): CodeIgniter\Database\BaseConnection->query('SELECT *\nFROM `...', Array, false)
#4 D:\xampp\htdocs\ameng\app\Models\BeritaModel.php(46): CodeIgniter\Database\BaseBuilder->get()
#5 D:\xampp\htdocs\ameng\app\Controllers\HomepageController.php(48): App\Models\BeritaModel->getFirstBerita()
#6 D:\xampp\htdocs\ameng\system\CodeIgniter.php(934): App\Controllers\HomepageController->index()
#7 D:\xampp\htdocs\ameng\system\CodeIgniter.php(499): CodeIgniter\CodeIgniter->runController(Object(App\Controllers\HomepageController))
#8 D:\xampp\htdocs\ameng\system\CodeIgniter.php(368): CodeIgniter\CodeIgniter->handleRequest(NULL, Object(Config\Cache), false)
#9 D:\xampp\htdocs\ameng\public\index.php(67): CodeIgniter\CodeIgniter->run()
#10 D:\xampp\htdocs\ameng\system\Commands\Server\rewrite.php(47): require_once('D:\\xampp\\htdocs...')
#11 {main}

Next CodeIgniter\Database\Exceptions\DatabaseException: No connection could be made because the target machine actively refused it in D:\xampp\htdocs\ameng\system\Database\MySQLi\Connection.php:218
Stack trace:
#0 D:\xampp\htdocs\ameng\system\Database\BaseConnection.php(391): CodeIgniter\Database\MySQLi\Connection->connect(false)
#1 D:\xampp\htdocs\ameng\system\Database\BaseConnection.php(574): CodeIgniter\Database\BaseConnection->initialize()
#2 D:\xampp\htdocs\ameng\system\Database\BaseBuilder.php(1616): CodeIgniter\Database\BaseConnection->query('SELECT *\nFROM `...', Array, false)
#3 D:\xampp\htdocs\ameng\app\Models\BeritaModel.php(46): CodeIgniter\Database\BaseBuilder->get()
#4 D:\xampp\htdocs\ameng\app\Controllers\HomepageController.php(48): App\Models\BeritaModel->getFirstBerita()
#5 D:\xampp\htdocs\ameng\system\CodeIgniter.php(934): App\Controllers\HomepageController->index()
#6 D:\xampp\htdocs\ameng\system\CodeIgniter.php(499): CodeIgniter\CodeIgniter->runController(Object(App\Controllers\HomepageController))
#7 D:\xampp\htdocs\ameng\system\CodeIgniter.php(368): CodeIgniter\CodeIgniter->handleRequest(NULL, Object(Config\Cache), false)
#8 D:\xampp\htdocs\ameng\public\index.php(67): CodeIgniter\CodeIgniter->run()
#9 D:\xampp\htdocs\ameng\system\Commands\Server\rewrite.php(47): require_once('D:\\xampp\\htdocs...')
#10 {main}
CRITICAL - 2023-12-28 07:03:25 --> Unable to connect to the database.
Main connection [MySQLi]: No connection could be made because the target machine actively refused it
in SYSTEMPATH\Database\BaseConnection.php on line 427.
 1 SYSTEMPATH\Database\BaseConnection.php(574): CodeIgniter\Database\BaseConnection->initialize()
 2 SYSTEMPATH\Database\BaseBuilder.php(1616): CodeIgniter\Database\BaseConnection->query('SELECT *
FROM `berita`', [], false)
 3 APPPATH\Models\BeritaModel.php(46): CodeIgniter\Database\BaseBuilder->get()
 4 APPPATH\Controllers\HomepageController.php(48): App\Models\BeritaModel->getFirstBerita()
 5 SYSTEMPATH\CodeIgniter.php(934): App\Controllers\HomepageController->index()
 6 SYSTEMPATH\CodeIgniter.php(499): CodeIgniter\CodeIgniter->runController(Object(App\Controllers\HomepageController))
 7 SYSTEMPATH\CodeIgniter.php(368): CodeIgniter\CodeIgniter->handleRequest(null, Object(Config\Cache), false)
 8 FCPATH\index.php(67): CodeIgniter\CodeIgniter->run()
 9 SYSTEMPATH\Commands\Server\rewrite.php(47): require_once('D:\\xampp\\htdocs\\ameng\\public\\index.php')
