INFO - 2023-12-23 00:00:00 --> Session: Class initialized using 'CodeIgniter\Session\Handlers\FileHandler' driver.
INFO - 2023-12-23 00:00:24 --> Session: Class initialized using 'CodeIgniter\Session\Handlers\FileHandler' driver.
INFO - 2023-12-23 00:00:50 --> Session: Class initialized using 'CodeIgniter\Session\Handlers\FileHandler' driver.
CRITICAL - 2023-12-23 00:00:50 --> Undefined array key "startcolumn"
in VENDORPATH\tecnickcom\tcpdf\tcpdf.php on line 19676.
 1 VENDORPATH\tecnickcom\tcpdf\tcpdf.php(19676): CodeIgniter\Debug\Exceptions->errorHandler(2, 'Undefined array key "startcolumn"', 'D:\\xampp\\htdocs\\ameng\\vendor\\tecnickcom\\tcpdf\\tcpdf.php', 19676)
 2 VENDORPATH\tecnickcom\tcpdf\tcpdf.php(18451): TCPDF->closeHTMLTagHandler([...], 186, true, 204.31119177777774)
 3 VENDORPATH\tecnickcom\tcpdf\tcpdf.php(5934): TCPDF->writeHTML('<!-- DEBUG-VIEW START 1 APPPATH\\Views\\dashboard\\s_waris\\cetak_surat.php -->
<style>
    p, span, table { 
        font-size: 12px
    }
    table { 
        width: 100%; 
        border: 1px solid #dee2e6; 
        margin-top: 10px;
        vertical-align: middle;
        padding: 5px;
    }
    table#tb-item tr th, table#tb-item tr td {
        border:1px solid #000;
        margin-top: 8px;
        line-height: 3px;
    }

    table tr th{
        line-height: 22px;
    }

    .garis1{
        margin-top: -15px;
        border-top:3px solid black;
        height: 2px;
        border-bottom:1px solid black;
    }
    .header{
        top: -50px;
        margin-top: 100px;
    }
    .text-header{
        font-size:14pt;
        font-weight: bold;
        text-align:center;
        margin-top: 100px;
    }
    .text-header span{
        font-size:12pt;
        text-align:center;
        font-weight: normal;
    }
    .uppercase-text {
        text-transform: uppercase;
    }
    .keterangan{
        text-align: justify;
        line-height: 18px;
    }

</style>
<div class="container">
    <br>
    <hr class="garis1"/>
    <div class="row mt-n5 header">
        <p class="text-header uppercase-text">Surat Ahli Waris<br>
        <span>No: _______ /_______/ ______</span></p>
    </div>

    <div class="">
        <span class="keterangan">Yang bertanda tangan di bawah ini :</span><br>
        <table cellpadding="0" class="table">
            <tr>
                <th width="30%">Nama</th>
                <th width="5%">:</th>
                <th width="55%"><b>LILIK RATNAWATI, S.Pd., M.I.P.</b></th>
            </tr>
            <tr>
                <th width="30%">JabatanLahir</th>
                <th width="5%">:</th>
                <th width="55%">Kepala Desa</th>
            </tr>
            <tr>
                <th width="30%">Alamat</th>
                <th width="5%">:</th>
                <th width="55%">Dk. Ngaglik  RT. 002 RW. 009, Ds. Plawikan, Kec. Jogonalan, Kab. Klaten</th>
            </tr>
        </table>
        <br>
        <br>
        <span class="keterangan">Menerangkan dengan sebenarnya bahwa :</span><br>
        <table cellpadding="0" class="table">
            <tr>
                <th width="30%">Nama</th>
                <th width="5%">:</th>
                <th width="55%">Emdeha Team</th>
            </tr>
            <tr>
                <th width="30%">Tempat, Tgl Lahir</th>
                <th width="5%">:</th>
                <th width="55%">Bojonegoro, 22 November 1990</th>
            </tr>
            <tr>
                <th width="30%">Kewarganegaraan / Agama</th>
                <th width="5%">:</th>
                <th width="55%">Indonesia / islam</th>
            </tr>
            <tr>
                <th width="30%">Jenis Kelamin</th>
                <th width="5%">:</th>
                <th width="55%">Laki-Laki</th>
            </tr>
            <tr>
                <th width="30%">Pekerjaan</th>
                <th width="5%">:</th>
                <th width="55%">buruh</th>
            </tr>
            <tr>
                <th width="30%">Alamat</th>
                <th width="5%">:</th>
                <th width="55%">Bangkalan, Jawa Timur, Indonesia
Gili Timur, Perumahan GKP Bloko A4 no. 26.</th>
            </tr>
        </table>
        <br><br>
        <span class="keterangan">Nama di atas benar-benar sudah Meninggal dunia pada hari Rabu, tanggal  30 Agustus 2023 di Rumah Sakit Soeradji Tirtonegoro dan mempunyai ahli waris sebagai berikut :</span><br/><br>
        <table cellpadding="2" border="1px" class="table-waris">
            <tr>
                <th>No</th>
                <th>Nama</th>
            </tr>
            <tr>
                        </tr>
        </table>
    </div>

    
</div>
<p>&nbsp;</p>
<table cellpadding="4" >
    <tr>
        <td width="50%" style="height: 20px;text-align:center">
            <p>&nbsp;</p>
        </td>
        <td width="50%" style="height: 20px;text-align:center">
            <p>Plawikan, 23 December 2023<br>Hormat kami,</p>
            <p></p>
            <p></p>
            <p></p>
            <p></p>
            <p><b><u>LILIK RATNAWATI, S.Pd., M.I.P.</u></b></p>
        </td>
    </tr>
</table>
<!-- DEBUG-VIEW ENDED 1 APPPATH\\Views\\dashboard\\s_waris\\cetak_surat.php -->
', true, false, true, true, '')
 4 VENDORPATH\tecnickcom\tcpdf\tcpdf.php(17261): TCPDF->MultiCell(180.0001444444444, 0, '<!-- DEBUG-VIEW START 1 APPPATH\\Views\\dashboard\\s_waris\\cetak_surat.php -->
<style>
    p, span, table { 
        font-size: 12px
    }
    table { 
        width: 100%; 
        border: 1px solid #dee2e6; 
        margin-top: 10px;
        vertical-align: middle;
        padding: 5px;
    }
    table#tb-item tr th, table#tb-item tr td {
        border:1px solid #000;
        margin-top: 8px;
        line-height: 3px;
    }

    table tr th{
        line-height: 22px;
    }

    .garis1{
        margin-top: -15px;
        border-top:3px solid black;
        height: 2px;
        border-bottom:1px solid black;
    }
    .header{
        top: -50px;
        margin-top: 100px;
    }
    .text-header{
        font-size:14pt;
        font-weight: bold;
        text-align:center;
        margin-top: 100px;
    }
    .text-header span{
        font-size:12pt;
        text-align:center;
        font-weight: normal;
    }
    .uppercase-text {
        text-transform: uppercase;
    }
    .keterangan{
        text-align: justify;
        line-height: 18px;
    }

</style>
<div class="container">
    <br>
    <hr class="garis1"/>
    <div class="row mt-n5 header">
        <p class="text-header uppercase-text">Surat Ahli Waris<br>
        <span>No: _______ /_______/ ______</span></p>
    </div>

    <div class="">
        <span class="keterangan">Yang bertanda tangan di bawah ini :</span><br>
        <table cellpadding="0" class="table">
            <tr>
                <th width="30%">Nama</th>
                <th width="5%">:</th>
                <th width="55%"><b>LILIK RATNAWATI, S.Pd., M.I.P.</b></th>
            </tr>
            <tr>
                <th width="30%">JabatanLahir</th>
                <th width="5%">:</th>
                <th width="55%">Kepala Desa</th>
            </tr>
            <tr>
                <th width="30%">Alamat</th>
                <th width="5%">:</th>
                <th width="55%">Dk. Ngaglik  RT. 002 RW. 009, Ds. Plawikan, Kec. Jogonalan, Kab. Klaten</th>
            </tr>
        </table>
        <br>
        <br>
        <span class="keterangan">Menerangkan dengan sebenarnya bahwa :</span><br>
        <table cellpadding="0" class="table">
            <tr>
                <th width="30%">Nama</th>
                <th width="5%">:</th>
                <th width="55%">Emdeha Team</th>
            </tr>
            <tr>
                <th width="30%">Tempat, Tgl Lahir</th>
                <th width="5%">:</th>
                <th width="55%">Bojonegoro, 22 November 1990</th>
            </tr>
            <tr>
                <th width="30%">Kewarganegaraan / Agama</th>
                <th width="5%">:</th>
                <th width="55%">Indonesia / islam</th>
            </tr>
            <tr>
                <th width="30%">Jenis Kelamin</th>
                <th width="5%">:</th>
                <th width="55%">Laki-Laki</th>
            </tr>
            <tr>
                <th width="30%">Pekerjaan</th>
                <th width="5%">:</th>
                <th width="55%">buruh</th>
            </tr>
            <tr>
                <th width="30%">Alamat</th>
                <th width="5%">:</th>
                <th width="55%">Bangkalan, Jawa Timur, Indonesia
Gili Timur, Perumahan GKP Bloko A4 no. 26.</th>
            </tr>
        </table>
        <br><br>
        <span class="keterangan">Nama di atas benar-benar sudah Meninggal dunia pada hari Rabu, tanggal  30 Agustus 2023 di Rumah Sakit Soeradji Tirtonegoro dan mempunyai ahli waris sebagai berikut :</span><br/><br>
        <table cellpadding="2" border="1px" class="table-waris">
            <tr>
                <th>No</th>
                <th>Nama</th>
            </tr>
            <tr>
                        </tr>
        </table>
    </div>

    
</div>
<p>&nbsp;</p>
<table cellpadding="4" >
    <tr>
        <td width="50%" style="height: 20px;text-align:center">
            <p>&nbsp;</p>
        </td>
        <td width="50%" style="height: 20px;text-align:center">
            <p>Plawikan, 23 December 2023<br>Hormat kami,</p>
            <p></p>
            <p></p>
            <p></p>
            <p></p>
            <p><b><u>LILIK RATNAWATI, S.Pd., M.I.P.</u></b></p>
        </td>
    </tr>
</table>
<!-- DEBUG-VIEW ENDED 1 APPPATH\\Views\\dashboard\\s_waris\\cetak_surat.php -->
', 0, '', 0, 1, 15.0, 27.0, true, 0, true, true, 0, 'T', false)
 5 APPPATH\Controllers\SWarisController.php(244): TCPDF->writeHTMLCell(0, 0, '', '', '<!-- DEBUG-VIEW START 1 APPPATH\\Views\\dashboard\\s_waris\\cetak_surat.php -->
<style>
    p, span, table { 
        font-size: 12px
    }
    table { 
        width: 100%; 
        border: 1px solid #dee2e6; 
        margin-top: 10px;
        vertical-align: middle;
        padding: 5px;
    }
    table#tb-item tr th, table#tb-item tr td {
        border:1px solid #000;
        margin-top: 8px;
        line-height: 3px;
    }

    table tr th{
        line-height: 22px;
    }

    .garis1{
        margin-top: -15px;
        border-top:3px solid black;
        height: 2px;
        border-bottom:1px solid black;
    }
    .header{
        top: -50px;
        margin-top: 100px;
    }
    .text-header{
        font-size:14pt;
        font-weight: bold;
        text-align:center;
        margin-top: 100px;
    }
    .text-header span{
        font-size:12pt;
        text-align:center;
        font-weight: normal;
    }
    .uppercase-text {
        text-transform: uppercase;
    }
    .keterangan{
        text-align: justify;
        line-height: 18px;
    }

</style>
<div class="container">
    <br>
    <hr class="garis1"/>
    <div class="row mt-n5 header">
        <p class="text-header uppercase-text">Surat Ahli Waris<br>
        <span>No: _______ /_______/ ______</span></p>
    </div>

    <div class="">
        <span class="keterangan">Yang bertanda tangan di bawah ini :</span><br>
        <table cellpadding="0" class="table">
            <tr>
                <th width="30%">Nama</th>
                <th width="5%">:</th>
                <th width="55%"><b>LILIK RATNAWATI, S.Pd., M.I.P.</b></th>
            </tr>
            <tr>
                <th width="30%">JabatanLahir</th>
                <th width="5%">:</th>
                <th width="55%">Kepala Desa</th>
            </tr>
            <tr>
                <th width="30%">Alamat</th>
                <th width="5%">:</th>
                <th width="55%">Dk. Ngaglik  RT. 002 RW. 009, Ds. Plawikan, Kec. Jogonalan, Kab. Klaten</th>
            </tr>
        </table>
        <br>
        <br>
        <span class="keterangan">Menerangkan dengan sebenarnya bahwa :</span><br>
        <table cellpadding="0" class="table">
            <tr>
                <th width="30%">Nama</th>
                <th width="5%">:</th>
                <th width="55%">Emdeha Team</th>
            </tr>
            <tr>
                <th width="30%">Tempat, Tgl Lahir</th>
                <th width="5%">:</th>
                <th width="55%">Bojonegoro, 22 November 1990</th>
            </tr>
            <tr>
                <th width="30%">Kewarganegaraan / Agama</th>
                <th width="5%">:</th>
                <th width="55%">Indonesia / islam</th>
            </tr>
            <tr>
                <th width="30%">Jenis Kelamin</th>
                <th width="5%">:</th>
                <th width="55%">Laki-Laki</th>
            </tr>
            <tr>
                <th width="30%">Pekerjaan</th>
                <th width="5%">:</th>
                <th width="55%">buruh</th>
            </tr>
            <tr>
                <th width="30%">Alamat</th>
                <th width="5%">:</th>
                <th width="55%">Bangkalan, Jawa Timur, Indonesia
Gili Timur, Perumahan GKP Bloko A4 no. 26.</th>
            </tr>
        </table>
        <br><br>
        <span class="keterangan">Nama di atas benar-benar sudah Meninggal dunia pada hari Rabu, tanggal  30 Agustus 2023 di Rumah Sakit Soeradji Tirtonegoro dan mempunyai ahli waris sebagai berikut :</span><br/><br>
        <table cellpadding="2" border="1px" class="table-waris">
            <tr>
                <th>No</th>
                <th>Nama</th>
            </tr>
            <tr>
                        </tr>
        </table>
    </div>

    
</div>
<p>&nbsp;</p>
<table cellpadding="4" >
    <tr>
        <td width="50%" style="height: 20px;text-align:center">
            <p>&nbsp;</p>
        </td>
        <td width="50%" style="height: 20px;text-align:center">
            <p>Plawikan, 23 December 2023<br>Hormat kami,</p>
            <p></p>
            <p></p>
            <p></p>
            <p></p>
            <p><b><u>LILIK RATNAWATI, S.Pd., M.I.P.</u></b></p>
        </td>
    </tr>
</table>
<!-- DEBUG-VIEW ENDED 1 APPPATH\\Views\\dashboard\\s_waris\\cetak_surat.php -->
', 0, 1, 0, true, '', true)
 6 SYSTEMPATH\CodeIgniter.php(934): App\Controllers\SWarisController->cetak_surat('3')
 7 SYSTEMPATH\CodeIgniter.php(499): CodeIgniter\CodeIgniter->runController(Object(App\Controllers\SWarisController))
 8 SYSTEMPATH\CodeIgniter.php(368): CodeIgniter\CodeIgniter->handleRequest(null, Object(Config\Cache), false)
 9 FCPATH\index.php(67): CodeIgniter\CodeIgniter->run()
10 SYSTEMPATH\Commands\Server\rewrite.php(47): require_once('D:\\xampp\\htdocs\\ameng\\public\\index.php')
INFO - 2023-12-23 00:01:15 --> Session: Class initialized using 'CodeIgniter\Session\Handlers\FileHandler' driver.
INFO - 2023-12-23 00:02:03 --> Session: Class initialized using 'CodeIgniter\Session\Handlers\FileHandler' driver.
INFO - 2023-12-23 00:02:40 --> Session: Class initialized using 'CodeIgniter\Session\Handlers\FileHandler' driver.
INFO - 2023-12-23 00:03:22 --> Session: Class initialized using 'CodeIgniter\Session\Handlers\FileHandler' driver.
INFO - 2023-12-23 00:03:24 --> Session: Class initialized using 'CodeIgniter\Session\Handlers\FileHandler' driver.
INFO - 2023-12-23 00:03:53 --> Session: Class initialized using 'CodeIgniter\Session\Handlers\FileHandler' driver.
INFO - 2023-12-23 00:04:20 --> Session: Class initialized using 'CodeIgniter\Session\Handlers\FileHandler' driver.
INFO - 2023-12-23 00:04:58 --> Session: Class initialized using 'CodeIgniter\Session\Handlers\FileHandler' driver.
CRITICAL - 2023-12-23 00:04:58 --> Undefined variable $no
in APPPATH\Views\dashboard\s_waris\cetak_surat.php on line 127.
 1 APPPATH\Views\dashboard\s_waris\cetak_surat.php(127): CodeIgniter\Debug\Exceptions->errorHandler(2, 'Undefined variable $no', 'D:\\xampp\\htdocs\\ameng\\app\\Views\\dashboard\\s_waris\\cetak_surat.php', 127)
 2 SYSTEMPATH\View\View.php(213): include('D:\\xampp\\htdocs\\ameng\\app\\Views\\dashboard\\s_waris\\cetak_surat.php')
 3 SYSTEMPATH\View\View.php(216): CodeIgniter\View\View->CodeIgniter\View\{closure}()
 4 SYSTEMPATH\Common.php(1184): CodeIgniter\View\View->render('dashboard/s_waris/cetak_surat', [], true)
 5 APPPATH\Controllers\SWarisController.php(242): view('dashboard/s_waris/cetak_surat', [...])
 6 SYSTEMPATH\CodeIgniter.php(934): App\Controllers\SWarisController->cetak_surat('SAW.20231222.111219.02094')
 7 SYSTEMPATH\CodeIgniter.php(499): CodeIgniter\CodeIgniter->runController(Object(App\Controllers\SWarisController))
 8 SYSTEMPATH\CodeIgniter.php(368): CodeIgniter\CodeIgniter->handleRequest(null, Object(Config\Cache), false)
 9 FCPATH\index.php(67): CodeIgniter\CodeIgniter->run()
10 SYSTEMPATH\Commands\Server\rewrite.php(47): require_once('D:\\xampp\\htdocs\\ameng\\public\\index.php')
INFO - 2023-12-23 00:05:15 --> Session: Class initialized using 'CodeIgniter\Session\Handlers\FileHandler' driver.
CRITICAL - 2023-12-23 00:05:15 --> Undefined array key "cols"
in VENDORPATH\tecnickcom\tcpdf\tcpdf.php on line 17094.
 1 VENDORPATH\tecnickcom\tcpdf\tcpdf.php(17094): CodeIgniter\Debug\Exceptions->errorHandler(2, 'Undefined array key "cols"', 'D:\\xampp\\htdocs\\ameng\\vendor\\tecnickcom\\tcpdf\\tcpdf.php', 17094)
 2 VENDORPATH\tecnickcom\tcpdf\tcpdf.php(17366): TCPDF->getHtmlDomArray('<div class="container"><br>&nbsp; <hr class="garis1"/> <div class="row mt-n5 header">&nbsp; <p class="text-header uppercase-text">Surat Ahli Waris<br>&nbsp; <span>No: _______ /_______/ ______</span></p></div> <div class="">&nbsp; <span class="keterangan">Yang bertanda tangan di bawah ini :</span><br>&nbsp; <table cellpadding="0" class="table"><tr><th width="30%">Nama<marker style="font-size:0"/></th><th width="5%">:<marker style="font-size:0"/></th><th width="55%"><b>LILIK RATNAWATI, S.Pd., M.I.P.</b><marker style="font-size:0"/></th></tr><tr><th width="30%">JabatanLahir<marker style="font-size:0"/></th><th width="5%">:<marker style="font-size:0"/></th><th width="55%">Kepala Desa<marker style="font-size:0"/></th></tr><tr><th width="30%">Alamat<marker style="font-size:0"/></th><th width="5%">:<marker style="font-size:0"/></th><th width="55%">Dk. Ngaglik RT. 002 RW. 009, Ds. Plawikan, Kec. Jogonalan, Kab. Klaten<marker style="font-size:0"/></th></tr></table><br><br>&nbsp; <span class="keterangan">Menerangkan dengan sebenarnya bahwa :</span><br>&nbsp; <table cellpadding="0" class="table"><tr><th width="30%">Nama<marker style="font-size:0"/></th><th width="5%">:<marker style="font-size:0"/></th><th width="55%">Emdeha Team<marker style="font-size:0"/></th></tr><tr><th width="30%">Tempat, Tgl Lahir<marker style="font-size:0"/></th><th width="5%">:<marker style="font-size:0"/></th><th width="55%">Bojonegoro, 22 November 1990<marker style="font-size:0"/></th></tr><tr><th width="30%">Kewarganegaraan / Agama<marker style="font-size:0"/></th><th width="5%">:<marker style="font-size:0"/></th><th width="55%">Indonesia / islam<marker style="font-size:0"/></th></tr><tr><th width="30%">Jenis Kelamin<marker style="font-size:0"/></th><th width="5%">:<marker style="font-size:0"/></th><th width="55%">Laki-Laki<marker style="font-size:0"/></th></tr><tr><th width="30%">Pekerjaan<marker style="font-size:0"/></th><th width="5%">:<marker style="font-size:0"/></th><th width="55%">buruh<marker style="font-size:0"/></th></tr><tr><th width="30%">Alamat<marker style="font-size:0"/></th><th width="5%">:<marker style="font-size:0"/></th><th width="55%">Bangkalan, Jawa Timur, Indonesia Gili Timur, Perumahan GKP Bloko A4 no. 26.<marker style="font-size:0"/></th></tr></table><br><br>&nbsp; <span class="keterangan">Nama di atas benar-benar sudah Meninggal dunia pada hari Rabu, tanggal 30 Agustus 2023 di Rumah Sakit Soeradji Tirtonegoro dan mempunyai ahli waris sebagai berikut :</span><br/><br><td>1<marker style="font-size:0"/></td><td>3522122211980003xx<marker style="font-size:0"/></td><td>2<marker style="font-size:0"/></td><td>3522122211980004xx<marker style="font-size:0"/></td><td>3<marker style="font-size:0"/></td><td>3522122211980005xx<marker style="font-size:0"/></td></div> &nbsp;</div><p>&nbsp;</p><table cellpadding="4" ><tr><td width="50%" style="height: 20px;text-align:center">&nbsp; <p>&nbsp;</p><marker style="font-size:0"/></td><td width="50%" style="height: 20px;text-align:center">&nbsp; <p>Plawikan, 23 December 2023<br>Hormat kami,</p><p></p><p></p><p></p><p></p><p><b><u>LILIK RATNAWATI, S.Pd., M.I.P.</u></b></p><marker style="font-size:0"/></td></tr></table>')
 3 VENDORPATH\tecnickcom\tcpdf\tcpdf.php(5934): TCPDF->writeHTML('<!-- DEBUG-VIEW START 1 APPPATH\\Views\\dashboard\\s_waris\\cetak_surat.php -->
<style>
    p, span, table { 
        font-size: 12px
    }
    table { 
        width: 100%; 
        border: 1px solid #dee2e6; 
        margin-top: 10px;
        vertical-align: middle;
        padding: 5px;
    }
    table#tb-item tr th, table#tb-item tr td {
        border:1px solid #000;
        margin-top: 8px;
        line-height: 3px;
    }

    table tr th{
        line-height: 22px;
    }

    .garis1{
        margin-top: -15px;
        border-top:3px solid black;
        height: 2px;
        border-bottom:1px solid black;
    }
    .header{
        top: -50px;
        margin-top: 100px;
    }
    .text-header{
        font-size:14pt;
        font-weight: bold;
        text-align:center;
        margin-top: 100px;
    }
    .text-header span{
        font-size:12pt;
        text-align:center;
        font-weight: normal;
    }
    .uppercase-text {
        text-transform: uppercase;
    }
    .keterangan{
        text-align: justify;
        line-height: 18px;
    }

</style>
<div class="container">
    <br>
    <hr class="garis1"/>
    <div class="row mt-n5 header">
        <p class="text-header uppercase-text">Surat Ahli Waris<br>
        <span>No: _______ /_______/ ______</span></p>
    </div>

    <div class="">
        <span class="keterangan">Yang bertanda tangan di bawah ini :</span><br>
        <table cellpadding="0" class="table">
            <tr>
                <th width="30%">Nama</th>
                <th width="5%">:</th>
                <th width="55%"><b>LILIK RATNAWATI, S.Pd., M.I.P.</b></th>
            </tr>
            <tr>
                <th width="30%">JabatanLahir</th>
                <th width="5%">:</th>
                <th width="55%">Kepala Desa</th>
            </tr>
            <tr>
                <th width="30%">Alamat</th>
                <th width="5%">:</th>
                <th width="55%">Dk. Ngaglik  RT. 002 RW. 009, Ds. Plawikan, Kec. Jogonalan, Kab. Klaten</th>
            </tr>
        </table>
        <br>
        <br>
        <span class="keterangan">Menerangkan dengan sebenarnya bahwa :</span><br>
        <table cellpadding="0" class="table">
            <tr>
                <th width="30%">Nama</th>
                <th width="5%">:</th>
                <th width="55%">Emdeha Team</th>
            </tr>
            <tr>
                <th width="30%">Tempat, Tgl Lahir</th>
                <th width="5%">:</th>
                <th width="55%">Bojonegoro, 22 November 1990</th>
            </tr>
            <tr>
                <th width="30%">Kewarganegaraan / Agama</th>
                <th width="5%">:</th>
                <th width="55%">Indonesia / islam</th>
            </tr>
            <tr>
                <th width="30%">Jenis Kelamin</th>
                <th width="5%">:</th>
                <th width="55%">Laki-Laki</th>
            </tr>
            <tr>
                <th width="30%">Pekerjaan</th>
                <th width="5%">:</th>
                <th width="55%">buruh</th>
            </tr>
            <tr>
                <th width="30%">Alamat</th>
                <th width="5%">:</th>
                <th width="55%">Bangkalan, Jawa Timur, Indonesia
Gili Timur, Perumahan GKP Bloko A4 no. 26.</th>
            </tr>
        </table>
        <br><br>
        <span class="keterangan">Nama di atas benar-benar sudah Meninggal dunia pada hari Rabu, tanggal  30 Agustus 2023 di Rumah Sakit Soeradji Tirtonegoro dan mempunyai ahli waris sebagai berikut :</span><br/><br>
        
                            <td>1</td>
                <td>3522122211980003xx</td>
                            <td>2</td>
                <td>3522122211980004xx</td>
                            <td>3</td>
                <td>3522122211980005xx</td>
                </div>

    
</div>
<p>&nbsp;</p>
<table cellpadding="4" >
    <tr>
        <td width="50%" style="height: 20px;text-align:center">
            <p>&nbsp;</p>
        </td>
        <td width="50%" style="height: 20px;text-align:center">
            <p>Plawikan, 23 December 2023<br>Hormat kami,</p>
            <p></p>
            <p></p>
            <p></p>
            <p></p>
            <p><b><u>LILIK RATNAWATI, S.Pd., M.I.P.</u></b></p>
        </td>
    </tr>
</table>
<!-- DEBUG-VIEW ENDED 1 APPPATH\\Views\\dashboard\\s_waris\\cetak_surat.php -->
', true, false, true, true, '')
 4 VENDORPATH\tecnickcom\tcpdf\tcpdf.php(17261): TCPDF->MultiCell(180.0001444444444, 0, '<!-- DEBUG-VIEW START 1 APPPATH\\Views\\dashboard\\s_waris\\cetak_surat.php -->
<style>
    p, span, table { 
        font-size: 12px
    }
    table { 
        width: 100%; 
        border: 1px solid #dee2e6; 
        margin-top: 10px;
        vertical-align: middle;
        padding: 5px;
    }
    table#tb-item tr th, table#tb-item tr td {
        border:1px solid #000;
        margin-top: 8px;
        line-height: 3px;
    }

    table tr th{
        line-height: 22px;
    }

    .garis1{
        margin-top: -15px;
        border-top:3px solid black;
        height: 2px;
        border-bottom:1px solid black;
    }
    .header{
        top: -50px;
        margin-top: 100px;
    }
    .text-header{
        font-size:14pt;
        font-weight: bold;
        text-align:center;
        margin-top: 100px;
    }
    .text-header span{
        font-size:12pt;
        text-align:center;
        font-weight: normal;
    }
    .uppercase-text {
        text-transform: uppercase;
    }
    .keterangan{
        text-align: justify;
        line-height: 18px;
    }

</style>
<div class="container">
    <br>
    <hr class="garis1"/>
    <div class="row mt-n5 header">
        <p class="text-header uppercase-text">Surat Ahli Waris<br>
        <span>No: _______ /_______/ ______</span></p>
    </div>

    <div class="">
        <span class="keterangan">Yang bertanda tangan di bawah ini :</span><br>
        <table cellpadding="0" class="table">
            <tr>
                <th width="30%">Nama</th>
                <th width="5%">:</th>
                <th width="55%"><b>LILIK RATNAWATI, S.Pd., M.I.P.</b></th>
            </tr>
            <tr>
                <th width="30%">JabatanLahir</th>
                <th width="5%">:</th>
                <th width="55%">Kepala Desa</th>
            </tr>
            <tr>
                <th width="30%">Alamat</th>
                <th width="5%">:</th>
                <th width="55%">Dk. Ngaglik  RT. 002 RW. 009, Ds. Plawikan, Kec. Jogonalan, Kab. Klaten</th>
            </tr>
        </table>
        <br>
        <br>
        <span class="keterangan">Menerangkan dengan sebenarnya bahwa :</span><br>
        <table cellpadding="0" class="table">
            <tr>
                <th width="30%">Nama</th>
                <th width="5%">:</th>
                <th width="55%">Emdeha Team</th>
            </tr>
            <tr>
                <th width="30%">Tempat, Tgl Lahir</th>
                <th width="5%">:</th>
                <th width="55%">Bojonegoro, 22 November 1990</th>
            </tr>
            <tr>
                <th width="30%">Kewarganegaraan / Agama</th>
                <th width="5%">:</th>
                <th width="55%">Indonesia / islam</th>
            </tr>
            <tr>
                <th width="30%">Jenis Kelamin</th>
                <th width="5%">:</th>
                <th width="55%">Laki-Laki</th>
            </tr>
            <tr>
                <th width="30%">Pekerjaan</th>
                <th width="5%">:</th>
                <th width="55%">buruh</th>
            </tr>
            <tr>
                <th width="30%">Alamat</th>
                <th width="5%">:</th>
                <th width="55%">Bangkalan, Jawa Timur, Indonesia
Gili Timur, Perumahan GKP Bloko A4 no. 26.</th>
            </tr>
        </table>
        <br><br>
        <span class="keterangan">Nama di atas benar-benar sudah Meninggal dunia pada hari Rabu, tanggal  30 Agustus 2023 di Rumah Sakit Soeradji Tirtonegoro dan mempunyai ahli waris sebagai berikut :</span><br/><br>
        
                            <td>1</td>
                <td>3522122211980003xx</td>
                            <td>2</td>
                <td>3522122211980004xx</td>
                            <td>3</td>
                <td>3522122211980005xx</td>
                </div>

    
</div>
<p>&nbsp;</p>
<table cellpadding="4" >
    <tr>
        <td width="50%" style="height: 20px;text-align:center">
            <p>&nbsp;</p>
        </td>
        <td width="50%" style="height: 20px;text-align:center">
            <p>Plawikan, 23 December 2023<br>Hormat kami,</p>
            <p></p>
            <p></p>
            <p></p>
            <p></p>
            <p><b><u>LILIK RATNAWATI, S.Pd., M.I.P.</u></b></p>
        </td>
    </tr>
</table>
<!-- DEBUG-VIEW ENDED 1 APPPATH\\Views\\dashboard\\s_waris\\cetak_surat.php -->
', 0, '', 0, 1, 15.0, 27.0, true, 0, true, true, 0, 'T', false)
 5 APPPATH\Controllers\SWarisController.php(245): TCPDF->writeHTMLCell(0, 0, '', '', '<!-- DEBUG-VIEW START 1 APPPATH\\Views\\dashboard\\s_waris\\cetak_surat.php -->
<style>
    p, span, table { 
        font-size: 12px
    }
    table { 
        width: 100%; 
        border: 1px solid #dee2e6; 
        margin-top: 10px;
        vertical-align: middle;
        padding: 5px;
    }
    table#tb-item tr th, table#tb-item tr td {
        border:1px solid #000;
        margin-top: 8px;
        line-height: 3px;
    }

    table tr th{
        line-height: 22px;
    }

    .garis1{
        margin-top: -15px;
        border-top:3px solid black;
        height: 2px;
        border-bottom:1px solid black;
    }
    .header{
        top: -50px;
        margin-top: 100px;
    }
    .text-header{
        font-size:14pt;
        font-weight: bold;
        text-align:center;
        margin-top: 100px;
    }
    .text-header span{
        font-size:12pt;
        text-align:center;
        font-weight: normal;
    }
    .uppercase-text {
        text-transform: uppercase;
    }
    .keterangan{
        text-align: justify;
        line-height: 18px;
    }

</style>
<div class="container">
    <br>
    <hr class="garis1"/>
    <div class="row mt-n5 header">
        <p class="text-header uppercase-text">Surat Ahli Waris<br>
        <span>No: _______ /_______/ ______</span></p>
    </div>

    <div class="">
        <span class="keterangan">Yang bertanda tangan di bawah ini :</span><br>
        <table cellpadding="0" class="table">
            <tr>
                <th width="30%">Nama</th>
                <th width="5%">:</th>
                <th width="55%"><b>LILIK RATNAWATI, S.Pd., M.I.P.</b></th>
            </tr>
            <tr>
                <th width="30%">JabatanLahir</th>
                <th width="5%">:</th>
                <th width="55%">Kepala Desa</th>
            </tr>
            <tr>
                <th width="30%">Alamat</th>
                <th width="5%">:</th>
                <th width="55%">Dk. Ngaglik  RT. 002 RW. 009, Ds. Plawikan, Kec. Jogonalan, Kab. Klaten</th>
            </tr>
        </table>
        <br>
        <br>
        <span class="keterangan">Menerangkan dengan sebenarnya bahwa :</span><br>
        <table cellpadding="0" class="table">
            <tr>
                <th width="30%">Nama</th>
                <th width="5%">:</th>
                <th width="55%">Emdeha Team</th>
            </tr>
            <tr>
                <th width="30%">Tempat, Tgl Lahir</th>
                <th width="5%">:</th>
                <th width="55%">Bojonegoro, 22 November 1990</th>
            </tr>
            <tr>
                <th width="30%">Kewarganegaraan / Agama</th>
                <th width="5%">:</th>
                <th width="55%">Indonesia / islam</th>
            </tr>
            <tr>
                <th width="30%">Jenis Kelamin</th>
                <th width="5%">:</th>
                <th width="55%">Laki-Laki</th>
            </tr>
            <tr>
                <th width="30%">Pekerjaan</th>
                <th width="5%">:</th>
                <th width="55%">buruh</th>
            </tr>
            <tr>
                <th width="30%">Alamat</th>
                <th width="5%">:</th>
                <th width="55%">Bangkalan, Jawa Timur, Indonesia
Gili Timur, Perumahan GKP Bloko A4 no. 26.</th>
            </tr>
        </table>
        <br><br>
        <span class="keterangan">Nama di atas benar-benar sudah Meninggal dunia pada hari Rabu, tanggal  30 Agustus 2023 di Rumah Sakit Soeradji Tirtonegoro dan mempunyai ahli waris sebagai berikut :</span><br/><br>
        
                            <td>1</td>
                <td>3522122211980003xx</td>
                            <td>2</td>
                <td>3522122211980004xx</td>
                            <td>3</td>
                <td>3522122211980005xx</td>
                </div>

    
</div>
<p>&nbsp;</p>
<table cellpadding="4" >
    <tr>
        <td width="50%" style="height: 20px;text-align:center">
            <p>&nbsp;</p>
        </td>
        <td width="50%" style="height: 20px;text-align:center">
            <p>Plawikan, 23 December 2023<br>Hormat kami,</p>
            <p></p>
            <p></p>
            <p></p>
            <p></p>
            <p><b><u>LILIK RATNAWATI, S.Pd., M.I.P.</u></b></p>
        </td>
    </tr>
</table>
<!-- DEBUG-VIEW ENDED 1 APPPATH\\Views\\dashboard\\s_waris\\cetak_surat.php -->
', 0, 1, 0, true, '', true)
 6 SYSTEMPATH\CodeIgniter.php(934): App\Controllers\SWarisController->cetak_surat('SAW.20231222.111219.02094')
 7 SYSTEMPATH\CodeIgniter.php(499): CodeIgniter\CodeIgniter->runController(Object(App\Controllers\SWarisController))
 8 SYSTEMPATH\CodeIgniter.php(368): CodeIgniter\CodeIgniter->handleRequest(null, Object(Config\Cache), false)
 9 FCPATH\index.php(67): CodeIgniter\CodeIgniter->run()
10 SYSTEMPATH\Commands\Server\rewrite.php(47): require_once('D:\\xampp\\htdocs\\ameng\\public\\index.php')
INFO - 2023-12-23 00:05:33 --> Session: Class initialized using 'CodeIgniter\Session\Handlers\FileHandler' driver.
INFO - 2023-12-23 00:05:51 --> Session: Class initialized using 'CodeIgniter\Session\Handlers\FileHandler' driver.
INFO - 2023-12-23 00:07:42 --> Session: Class initialized using 'CodeIgniter\Session\Handlers\FileHandler' driver.
INFO - 2023-12-23 00:08:00 --> Session: Class initialized using 'CodeIgniter\Session\Handlers\FileHandler' driver.
INFO - 2023-12-23 00:08:15 --> Session: Class initialized using 'CodeIgniter\Session\Handlers\FileHandler' driver.
INFO - 2023-12-23 00:08:54 --> Session: Class initialized using 'CodeIgniter\Session\Handlers\FileHandler' driver.
INFO - 2023-12-23 00:09:18 --> Session: Class initialized using 'CodeIgniter\Session\Handlers\FileHandler' driver.
INFO - 2023-12-23 00:09:36 --> Session: Class initialized using 'CodeIgniter\Session\Handlers\FileHandler' driver.
INFO - 2023-12-23 00:15:18 --> Session: Class initialized using 'CodeIgniter\Session\Handlers\FileHandler' driver.
INFO - 2023-12-23 00:15:18 --> Session: Class initialized using 'CodeIgniter\Session\Handlers\FileHandler' driver.
INFO - 2023-12-23 00:15:25 --> Session: Class initialized using 'CodeIgniter\Session\Handlers\FileHandler' driver.
INFO - 2023-12-23 00:15:38 --> Session: Class initialized using 'CodeIgniter\Session\Handlers\FileHandler' driver.
INFO - 2023-12-23 00:15:49 --> Session: Class initialized using 'CodeIgniter\Session\Handlers\FileHandler' driver.
INFO - 2023-12-23 00:16:54 --> Session: Class initialized using 'CodeIgniter\Session\Handlers\FileHandler' driver.
INFO - 2023-12-23 00:17:04 --> Session: Class initialized using 'CodeIgniter\Session\Handlers\FileHandler' driver.
INFO - 2023-12-23 00:17:13 --> Session: Class initialized using 'CodeIgniter\Session\Handlers\FileHandler' driver.
INFO - 2023-12-23 00:17:13 --> Session: Class initialized using 'CodeIgniter\Session\Handlers\FileHandler' driver.
INFO - 2023-12-23 00:17:18 --> Session: Class initialized using 'CodeIgniter\Session\Handlers\FileHandler' driver.
INFO - 2023-12-23 00:17:18 --> Session: Class initialized using 'CodeIgniter\Session\Handlers\FileHandler' driver.
INFO - 2023-12-23 00:17:22 --> Session: Class initialized using 'CodeIgniter\Session\Handlers\FileHandler' driver.
INFO - 2023-12-23 00:17:22 --> Session: Class initialized using 'CodeIgniter\Session\Handlers\FileHandler' driver.
INFO - 2023-12-23 00:17:44 --> Session: Class initialized using 'CodeIgniter\Session\Handlers\FileHandler' driver.
INFO - 2023-12-23 00:17:44 --> Session: Class initialized using 'CodeIgniter\Session\Handlers\FileHandler' driver.
INFO - 2023-12-23 00:17:47 --> Session: Class initialized using 'CodeIgniter\Session\Handlers\FileHandler' driver.
INFO - 2023-12-23 00:18:10 --> Session: Class initialized using 'CodeIgniter\Session\Handlers\FileHandler' driver.
INFO - 2023-12-23 00:19:39 --> Session: Class initialized using 'CodeIgniter\Session\Handlers\FileHandler' driver.
INFO - 2023-12-23 00:19:39 --> Session: Class initialized using 'CodeIgniter\Session\Handlers\FileHandler' driver.
INFO - 2023-12-23 00:19:44 --> Session: Class initialized using 'CodeIgniter\Session\Handlers\FileHandler' driver.
INFO - 2023-12-23 00:19:48 --> Session: Class initialized using 'CodeIgniter\Session\Handlers\FileHandler' driver.
INFO - 2023-12-23 00:19:49 --> Session: Class initialized using 'CodeIgniter\Session\Handlers\FileHandler' driver.
INFO - 2023-12-23 00:23:02 --> Session: Class initialized using 'CodeIgniter\Session\Handlers\FileHandler' driver.
INFO - 2023-12-23 00:26:31 --> Session: Class initialized using 'CodeIgniter\Session\Handlers\FileHandler' driver.
INFO - 2023-12-23 00:26:32 --> Session: Class initialized using 'CodeIgniter\Session\Handlers\FileHandler' driver.
INFO - 2023-12-23 00:26:35 --> Session: Class initialized using 'CodeIgniter\Session\Handlers\FileHandler' driver.
INFO - 2023-12-23 00:26:39 --> Session: Class initialized using 'CodeIgniter\Session\Handlers\FileHandler' driver.
INFO - 2023-12-23 00:26:49 --> Session: Class initialized using 'CodeIgniter\Session\Handlers\FileHandler' driver.
INFO - 2023-12-23 00:34:53 --> Session: Class initialized using 'CodeIgniter\Session\Handlers\FileHandler' driver.
INFO - 2023-12-23 00:35:29 --> Session: Class initialized using 'CodeIgniter\Session\Handlers\FileHandler' driver.
INFO - 2023-12-23 00:35:46 --> Session: Class initialized using 'CodeIgniter\Session\Handlers\FileHandler' driver.
INFO - 2023-12-23 00:36:08 --> Session: Class initialized using 'CodeIgniter\Session\Handlers\FileHandler' driver.
INFO - 2023-12-23 00:36:19 --> Session: Class initialized using 'CodeIgniter\Session\Handlers\FileHandler' driver.
INFO - 2023-12-23 00:36:30 --> Session: Class initialized using 'CodeIgniter\Session\Handlers\FileHandler' driver.
INFO - 2023-12-23 00:37:09 --> Session: Class initialized using 'CodeIgniter\Session\Handlers\FileHandler' driver.
INFO - 2023-12-23 00:37:29 --> Session: Class initialized using 'CodeIgniter\Session\Handlers\FileHandler' driver.
INFO - 2023-12-23 00:38:06 --> Session: Class initialized using 'CodeIgniter\Session\Handlers\FileHandler' driver.
INFO - 2023-12-23 00:38:19 --> Session: Class initialized using 'CodeIgniter\Session\Handlers\FileHandler' driver.
INFO - 2023-12-23 00:38:23 --> Session: Class initialized using 'CodeIgniter\Session\Handlers\FileHandler' driver.
INFO - 2023-12-23 00:38:27 --> Session: Class initialized using 'CodeIgniter\Session\Handlers\FileHandler' driver.
INFO - 2023-12-23 00:38:34 --> Session: Class initialized using 'CodeIgniter\Session\Handlers\FileHandler' driver.
INFO - 2023-12-23 00:38:39 --> Session: Class initialized using 'CodeIgniter\Session\Handlers\FileHandler' driver.
INFO - 2023-12-23 00:39:18 --> Session: Class initialized using 'CodeIgniter\Session\Handlers\FileHandler' driver.
INFO - 2023-12-23 00:39:37 --> Session: Class initialized using 'CodeIgniter\Session\Handlers\FileHandler' driver.
INFO - 2023-12-23 00:39:50 --> Session: Class initialized using 'CodeIgniter\Session\Handlers\FileHandler' driver.
INFO - 2023-12-23 00:40:01 --> Session: Class initialized using 'CodeIgniter\Session\Handlers\FileHandler' driver.
INFO - 2023-12-23 00:40:14 --> Session: Class initialized using 'CodeIgniter\Session\Handlers\FileHandler' driver.
INFO - 2023-12-23 04:06:42 --> Session: Class initialized using 'CodeIgniter\Session\Handlers\FileHandler' driver.
INFO - 2023-12-23 04:06:57 --> Session: Class initialized using 'CodeIgniter\Session\Handlers\FileHandler' driver.
INFO - 2023-12-23 04:07:01 --> Session: Class initialized using 'CodeIgniter\Session\Handlers\FileHandler' driver.
INFO - 2023-12-23 04:07:02 --> Session: Class initialized using 'CodeIgniter\Session\Handlers\FileHandler' driver.
INFO - 2023-12-23 04:07:05 --> Session: Class initialized using 'CodeIgniter\Session\Handlers\FileHandler' driver.
INFO - 2023-12-23 04:07:10 --> Session: Class initialized using 'CodeIgniter\Session\Handlers\FileHandler' driver.
INFO - 2023-12-23 04:07:50 --> Session: Class initialized using 'CodeIgniter\Session\Handlers\FileHandler' driver.
INFO - 2023-12-23 04:07:50 --> Session: Class initialized using 'CodeIgniter\Session\Handlers\FileHandler' driver.
INFO - 2023-12-23 04:07:56 --> Session: Class initialized using 'CodeIgniter\Session\Handlers\FileHandler' driver.
INFO - 2023-12-23 04:07:57 --> Session: Class initialized using 'CodeIgniter\Session\Handlers\FileHandler' driver.
INFO - 2023-12-23 04:08:02 --> Session: Class initialized using 'CodeIgniter\Session\Handlers\FileHandler' driver.
INFO - 2023-12-23 04:08:02 --> Session: Class initialized using 'CodeIgniter\Session\Handlers\FileHandler' driver.
INFO - 2023-12-23 04:08:06 --> Session: Class initialized using 'CodeIgniter\Session\Handlers\FileHandler' driver.
INFO - 2023-12-23 04:08:11 --> Session: Class initialized using 'CodeIgniter\Session\Handlers\FileHandler' driver.
INFO - 2023-12-23 04:08:11 --> Session: Class initialized using 'CodeIgniter\Session\Handlers\FileHandler' driver.
INFO - 2023-12-23 04:08:15 --> Session: Class initialized using 'CodeIgniter\Session\Handlers\FileHandler' driver.
INFO - 2023-12-23 04:08:19 --> Session: Class initialized using 'CodeIgniter\Session\Handlers\FileHandler' driver.
INFO - 2023-12-23 04:08:19 --> Session: Class initialized using 'CodeIgniter\Session\Handlers\FileHandler' driver.
INFO - 2023-12-23 04:08:22 --> Session: Class initialized using 'CodeIgniter\Session\Handlers\FileHandler' driver.
INFO - 2023-12-23 04:08:22 --> Session: Class initialized using 'CodeIgniter\Session\Handlers\FileHandler' driver.
INFO - 2023-12-23 04:08:25 --> Session: Class initialized using 'CodeIgniter\Session\Handlers\FileHandler' driver.
INFO - 2023-12-23 04:08:25 --> Session: Class initialized using 'CodeIgniter\Session\Handlers\FileHandler' driver.
INFO - 2023-12-23 04:08:27 --> Session: Class initialized using 'CodeIgniter\Session\Handlers\FileHandler' driver.
INFO - 2023-12-23 04:08:28 --> Session: Class initialized using 'CodeIgniter\Session\Handlers\FileHandler' driver.
INFO - 2023-12-23 04:08:30 --> Session: Class initialized using 'CodeIgniter\Session\Handlers\FileHandler' driver.
INFO - 2023-12-23 04:08:30 --> Session: Class initialized using 'CodeIgniter\Session\Handlers\FileHandler' driver.
INFO - 2023-12-23 04:08:33 --> Session: Class initialized using 'CodeIgniter\Session\Handlers\FileHandler' driver.
INFO - 2023-12-23 04:08:34 --> Session: Class initialized using 'CodeIgniter\Session\Handlers\FileHandler' driver.
