INFO - 2023-08-19 14:54:47 --> Session: Class initialized using 'CodeIgniter\Session\Handlers\FileHandler' driver.
INFO - 2023-08-19 14:54:52 --> Session: Class initialized using 'CodeIgniter\Session\Handlers\FileHandler' driver.
INFO - 2023-08-19 14:56:18 --> Session: Class initialized using 'CodeIgniter\Session\Handlers\FileHandler' driver.
INFO - 2023-08-19 14:56:20 --> Session: Class initialized using 'CodeIgniter\Session\Handlers\FileHandler' driver.
INFO - 2023-08-19 14:56:20 --> Session: Class initialized using 'CodeIgniter\Session\Handlers\FileHandler' driver.
INFO - 2023-08-19 14:56:29 --> Session: Class initialized using 'CodeIgniter\Session\Handlers\FileHandler' driver.
INFO - 2023-08-19 14:56:30 --> Session: Class initialized using 'CodeIgniter\Session\Handlers\FileHandler' driver.
INFO - 2023-08-19 14:56:34 --> Session: Class initialized using 'CodeIgniter\Session\Handlers\FileHandler' driver.
INFO - 2023-08-19 14:56:43 --> Session: Class initialized using 'CodeIgniter\Session\Handlers\FileHandler' driver.
INFO - 2023-08-19 14:56:57 --> Session: Class initialized using 'CodeIgniter\Session\Handlers\FileHandler' driver.
INFO - 2023-08-19 14:56:57 --> Session: Class initialized using 'CodeIgniter\Session\Handlers\FileHandler' driver.
INFO - 2023-08-19 14:57:00 --> Session: Class initialized using 'CodeIgniter\Session\Handlers\FileHandler' driver.
ERROR - 2023-08-19 15:20:34 --> mysqli_sql_exception: Cannot add or update a child row: a foreign key constraint fails (`db_desa_2022`.`tb_s_waris`, CONSTRAINT `tb_s_waris_nik_foreign` FOREIGN KEY (`nik`) REFERENCES `tb_warga` (`nik`)) in C:\xampp\htdocs\web_manajemen_desa\system\Database\MySQLi\Connection.php:295
Stack trace:
#0 C:\xampp\htdocs\web_manajemen_desa\system\Database\MySQLi\Connection.php(295): mysqli->query('INSERT INTO `tb...', 0)
#1 C:\xampp\htdocs\web_manajemen_desa\system\Database\BaseConnection.php(692): CodeIgniter\Database\MySQLi\Connection->execute('INSERT INTO `tb...')
#2 C:\xampp\htdocs\web_manajemen_desa\system\Database\BaseConnection.php(606): CodeIgniter\Database\BaseConnection->simpleQuery('INSERT INTO `tb...')
#3 C:\xampp\htdocs\web_manajemen_desa\system\Database\BaseBuilder.php(1801): CodeIgniter\Database\BaseConnection->query('INSERT INTO `tb...', NULL, false)
#4 C:\xampp\htdocs\web_manajemen_desa\system\Database\BaseBuilder.php(2192): CodeIgniter\Database\BaseBuilder->batchExecute('_insertBatch', 100)
#5 C:\xampp\htdocs\web_manajemen_desa\system\Model.php(364): CodeIgniter\Database\BaseBuilder->insertBatch(Array, NULL, 100)
#6 C:\xampp\htdocs\web_manajemen_desa\system\BaseModel.php(874): CodeIgniter\Model->doInsertBatch(Array, NULL, 100, false)
#7 C:\xampp\htdocs\web_manajemen_desa\app\Controllers\HomepageController.php(658): CodeIgniter\BaseModel->insertBatch(Array)
#8 C:\xampp\htdocs\web_manajemen_desa\system\CodeIgniter.php(934): App\Controllers\HomepageController->form_waris_proses()
#9 C:\xampp\htdocs\web_manajemen_desa\system\CodeIgniter.php(499): CodeIgniter\CodeIgniter->runController(Object(App\Controllers\HomepageController))
#10 C:\xampp\htdocs\web_manajemen_desa\system\CodeIgniter.php(368): CodeIgniter\CodeIgniter->handleRequest(NULL, Object(Config\Cache), false)
#11 C:\xampp\htdocs\web_manajemen_desa\public\index.php(67): CodeIgniter\CodeIgniter->run()
#12 C:\xampp\htdocs\web_manajemen_desa\system\Commands\Server\rewrite.php(47): require_once('C:\\xampp\\htdocs...')
#13 {main}
CRITICAL - 2023-08-19 15:20:34 --> Cannot add or update a child row: a foreign key constraint fails (`db_desa_2022`.`tb_s_waris`, CONSTRAINT `tb_s_waris_nik_foreign` FOREIGN KEY (`nik`) REFERENCES `tb_warga` (`nik`))
in SYSTEMPATH\Database\MySQLi\Connection.php on line 295.
 1 SYSTEMPATH\Database\MySQLi\Connection.php(295): mysqli->query('INSERT INTO `tb_s_waris` (`hubungan_keluarga`, `jenis_surat`, `keperluan`, `nama_ahli_waris`, `nik`, `nik_ahli_waris`, `ns_waris`, `pengambilan`, `status`, `tempat_lahir_ahli_waris`, `tgl_lahir_ahli_waris`)
VALUES (\'ibu\',\'Surat Ahli Waris\',\'Surat Keterangan Ahli Waris\',\'dani\',\'3522122211980022\',\'3522122211980122\',\'SAW.20230819.030834.20151\',\'kantor\',\'proses\',\'Gresik\',\'2023-08-08\')', 0)
 2 SYSTEMPATH\Database\BaseConnection.php(692): CodeIgniter\Database\MySQLi\Connection->execute('INSERT INTO `tb_s_waris` (`hubungan_keluarga`, `jenis_surat`, `keperluan`, `nama_ahli_waris`, `nik`, `nik_ahli_waris`, `ns_waris`, `pengambilan`, `status`, `tempat_lahir_ahli_waris`, `tgl_lahir_ahli_waris`)
VALUES (\'ibu\',\'Surat Ahli Waris\',\'Surat Keterangan Ahli Waris\',\'dani\',\'3522122211980022\',\'3522122211980122\',\'SAW.20230819.030834.20151\',\'kantor\',\'proses\',\'Gresik\',\'2023-08-08\')')
 3 SYSTEMPATH\Database\BaseConnection.php(606): CodeIgniter\Database\BaseConnection->simpleQuery('INSERT INTO `tb_s_waris` (`hubungan_keluarga`, `jenis_surat`, `keperluan`, `nama_ahli_waris`, `nik`, `nik_ahli_waris`, `ns_waris`, `pengambilan`, `status`, `tempat_lahir_ahli_waris`, `tgl_lahir_ahli_waris`)
VALUES (\'ibu\',\'Surat Ahli Waris\',\'Surat Keterangan Ahli Waris\',\'dani\',\'3522122211980022\',\'3522122211980122\',\'SAW.20230819.030834.20151\',\'kantor\',\'proses\',\'Gresik\',\'2023-08-08\')')
 4 SYSTEMPATH\Database\BaseBuilder.php(1801): CodeIgniter\Database\BaseConnection->query('INSERT INTO `tb_s_waris` (`hubungan_keluarga`, `jenis_surat`, `keperluan`, `nama_ahli_waris`, `nik`, `nik_ahli_waris`, `ns_waris`, `pengambilan`, `status`, `tempat_lahir_ahli_waris`, `tgl_lahir_ahli_waris`)
VALUES (\'ibu\',\'Surat Ahli Waris\',\'Surat Keterangan Ahli Waris\',\'dani\',\'3522122211980022\',\'3522122211980122\',\'SAW.20230819.030834.20151\',\'kantor\',\'proses\',\'Gresik\',\'2023-08-08\')', null, false)
 5 SYSTEMPATH\Database\BaseBuilder.php(2192): CodeIgniter\Database\BaseBuilder->batchExecute('_insertBatch', 100)
 6 SYSTEMPATH\Model.php(364): CodeIgniter\Database\BaseBuilder->insertBatch([...], null, 100)
 7 SYSTEMPATH\BaseModel.php(874): CodeIgniter\Model->doInsertBatch([...], null, 100, false)
 8 APPPATH\Controllers\HomepageController.php(658): CodeIgniter\BaseModel->insertBatch([...])
 9 SYSTEMPATH\CodeIgniter.php(934): App\Controllers\HomepageController->form_waris_proses()
10 SYSTEMPATH\CodeIgniter.php(499): CodeIgniter\CodeIgniter->runController(Object(App\Controllers\HomepageController))
11 SYSTEMPATH\CodeIgniter.php(368): CodeIgniter\CodeIgniter->handleRequest(null, Object(Config\Cache), false)
12 FCPATH\index.php(67): CodeIgniter\CodeIgniter->run()
13 SYSTEMPATH\Commands\Server\rewrite.php(47): require_once('C:\\xampp\\htdocs\\web_manajemen_desa\\public\\index.php')
ERROR - 2023-08-19 15:21:36 --> mysqli_sql_exception: Cannot add or update a child row: a foreign key constraint fails (`db_desa_2022`.`tb_s_waris`, CONSTRAINT `tb_s_waris_nik_foreign` FOREIGN KEY (`nik`) REFERENCES `tb_warga` (`nik`)) in C:\xampp\htdocs\web_manajemen_desa\system\Database\MySQLi\Connection.php:295
Stack trace:
#0 C:\xampp\htdocs\web_manajemen_desa\system\Database\MySQLi\Connection.php(295): mysqli->query('INSERT INTO `tb...', 0)
#1 C:\xampp\htdocs\web_manajemen_desa\system\Database\BaseConnection.php(692): CodeIgniter\Database\MySQLi\Connection->execute('INSERT INTO `tb...')
#2 C:\xampp\htdocs\web_manajemen_desa\system\Database\BaseConnection.php(606): CodeIgniter\Database\BaseConnection->simpleQuery('INSERT INTO `tb...')
#3 C:\xampp\htdocs\web_manajemen_desa\system\Database\BaseBuilder.php(1801): CodeIgniter\Database\BaseConnection->query('INSERT INTO `tb...', NULL, false)
#4 C:\xampp\htdocs\web_manajemen_desa\system\Database\BaseBuilder.php(2192): CodeIgniter\Database\BaseBuilder->batchExecute('_insertBatch', 100)
#5 C:\xampp\htdocs\web_manajemen_desa\system\Model.php(364): CodeIgniter\Database\BaseBuilder->insertBatch(Array, NULL, 100)
#6 C:\xampp\htdocs\web_manajemen_desa\system\BaseModel.php(874): CodeIgniter\Model->doInsertBatch(Array, NULL, 100, false)
#7 C:\xampp\htdocs\web_manajemen_desa\app\Controllers\HomepageController.php(658): CodeIgniter\BaseModel->insertBatch(Array)
#8 C:\xampp\htdocs\web_manajemen_desa\system\CodeIgniter.php(934): App\Controllers\HomepageController->form_waris_proses()
#9 C:\xampp\htdocs\web_manajemen_desa\system\CodeIgniter.php(499): CodeIgniter\CodeIgniter->runController(Object(App\Controllers\HomepageController))
#10 C:\xampp\htdocs\web_manajemen_desa\system\CodeIgniter.php(368): CodeIgniter\CodeIgniter->handleRequest(NULL, Object(Config\Cache), false)
#11 C:\xampp\htdocs\web_manajemen_desa\public\index.php(67): CodeIgniter\CodeIgniter->run()
#12 C:\xampp\htdocs\web_manajemen_desa\system\Commands\Server\rewrite.php(47): require_once('C:\\xampp\\htdocs...')
#13 {main}
CRITICAL - 2023-08-19 15:21:36 --> Cannot add or update a child row: a foreign key constraint fails (`db_desa_2022`.`tb_s_waris`, CONSTRAINT `tb_s_waris_nik_foreign` FOREIGN KEY (`nik`) REFERENCES `tb_warga` (`nik`))
in SYSTEMPATH\Database\MySQLi\Connection.php on line 295.
 1 SYSTEMPATH\Database\MySQLi\Connection.php(295): mysqli->query('INSERT INTO `tb_s_waris` (`hubungan_keluarga`, `jenis_surat`, `keperluan`, `nama_ahli_waris`, `nik`, `nik_ahli_waris`, `ns_waris`, `pengambilan`, `status`, `tempat_lahir_ahli_waris`, `tgl_lahir_ahli_waris`)
VALUES (\'ibu\',\'Surat Ahli Waris\',\'Surat Keterangan Ahli Waris\',\'dani\',\'3522122211980022\',\'3522122211980122\',\'SAW.20230819.030836.21294\',\'kantor\',\'proses\',\'Gresik\',\'2023-08-08\')', 0)
 2 SYSTEMPATH\Database\BaseConnection.php(692): CodeIgniter\Database\MySQLi\Connection->execute('INSERT INTO `tb_s_waris` (`hubungan_keluarga`, `jenis_surat`, `keperluan`, `nama_ahli_waris`, `nik`, `nik_ahli_waris`, `ns_waris`, `pengambilan`, `status`, `tempat_lahir_ahli_waris`, `tgl_lahir_ahli_waris`)
VALUES (\'ibu\',\'Surat Ahli Waris\',\'Surat Keterangan Ahli Waris\',\'dani\',\'3522122211980022\',\'3522122211980122\',\'SAW.20230819.030836.21294\',\'kantor\',\'proses\',\'Gresik\',\'2023-08-08\')')
 3 SYSTEMPATH\Database\BaseConnection.php(606): CodeIgniter\Database\BaseConnection->simpleQuery('INSERT INTO `tb_s_waris` (`hubungan_keluarga`, `jenis_surat`, `keperluan`, `nama_ahli_waris`, `nik`, `nik_ahli_waris`, `ns_waris`, `pengambilan`, `status`, `tempat_lahir_ahli_waris`, `tgl_lahir_ahli_waris`)
VALUES (\'ibu\',\'Surat Ahli Waris\',\'Surat Keterangan Ahli Waris\',\'dani\',\'3522122211980022\',\'3522122211980122\',\'SAW.20230819.030836.21294\',\'kantor\',\'proses\',\'Gresik\',\'2023-08-08\')')
 4 SYSTEMPATH\Database\BaseBuilder.php(1801): CodeIgniter\Database\BaseConnection->query('INSERT INTO `tb_s_waris` (`hubungan_keluarga`, `jenis_surat`, `keperluan`, `nama_ahli_waris`, `nik`, `nik_ahli_waris`, `ns_waris`, `pengambilan`, `status`, `tempat_lahir_ahli_waris`, `tgl_lahir_ahli_waris`)
VALUES (\'ibu\',\'Surat Ahli Waris\',\'Surat Keterangan Ahli Waris\',\'dani\',\'3522122211980022\',\'3522122211980122\',\'SAW.20230819.030836.21294\',\'kantor\',\'proses\',\'Gresik\',\'2023-08-08\')', null, false)
 5 SYSTEMPATH\Database\BaseBuilder.php(2192): CodeIgniter\Database\BaseBuilder->batchExecute('_insertBatch', 100)
 6 SYSTEMPATH\Model.php(364): CodeIgniter\Database\BaseBuilder->insertBatch([...], null, 100)
 7 SYSTEMPATH\BaseModel.php(874): CodeIgniter\Model->doInsertBatch([...], null, 100, false)
 8 APPPATH\Controllers\HomepageController.php(658): CodeIgniter\BaseModel->insertBatch([...])
 9 SYSTEMPATH\CodeIgniter.php(934): App\Controllers\HomepageController->form_waris_proses()
10 SYSTEMPATH\CodeIgniter.php(499): CodeIgniter\CodeIgniter->runController(Object(App\Controllers\HomepageController))
11 SYSTEMPATH\CodeIgniter.php(368): CodeIgniter\CodeIgniter->handleRequest(null, Object(Config\Cache), false)
12 FCPATH\index.php(67): CodeIgniter\CodeIgniter->run()
13 SYSTEMPATH\Commands\Server\rewrite.php(47): require_once('C:\\xampp\\htdocs\\web_manajemen_desa\\public\\index.php')
ERROR - 2023-08-19 15:21:41 --> mysqli_sql_exception: Cannot add or update a child row: a foreign key constraint fails (`db_desa_2022`.`tb_s_waris`, CONSTRAINT `tb_s_waris_nik_foreign` FOREIGN KEY (`nik`) REFERENCES `tb_warga` (`nik`)) in C:\xampp\htdocs\web_manajemen_desa\system\Database\MySQLi\Connection.php:295
Stack trace:
#0 C:\xampp\htdocs\web_manajemen_desa\system\Database\MySQLi\Connection.php(295): mysqli->query('INSERT INTO `tb...', 0)
#1 C:\xampp\htdocs\web_manajemen_desa\system\Database\BaseConnection.php(692): CodeIgniter\Database\MySQLi\Connection->execute('INSERT INTO `tb...')
#2 C:\xampp\htdocs\web_manajemen_desa\system\Database\BaseConnection.php(606): CodeIgniter\Database\BaseConnection->simpleQuery('INSERT INTO `tb...')
#3 C:\xampp\htdocs\web_manajemen_desa\system\Database\BaseBuilder.php(1801): CodeIgniter\Database\BaseConnection->query('INSERT INTO `tb...', NULL, false)
#4 C:\xampp\htdocs\web_manajemen_desa\system\Database\BaseBuilder.php(2192): CodeIgniter\Database\BaseBuilder->batchExecute('_insertBatch', 100)
#5 C:\xampp\htdocs\web_manajemen_desa\system\Model.php(364): CodeIgniter\Database\BaseBuilder->insertBatch(Array, NULL, 100)
#6 C:\xampp\htdocs\web_manajemen_desa\system\BaseModel.php(874): CodeIgniter\Model->doInsertBatch(Array, NULL, 100, false)
#7 C:\xampp\htdocs\web_manajemen_desa\app\Controllers\HomepageController.php(658): CodeIgniter\BaseModel->insertBatch(Array)
#8 C:\xampp\htdocs\web_manajemen_desa\system\CodeIgniter.php(934): App\Controllers\HomepageController->form_waris_proses()
#9 C:\xampp\htdocs\web_manajemen_desa\system\CodeIgniter.php(499): CodeIgniter\CodeIgniter->runController(Object(App\Controllers\HomepageController))
#10 C:\xampp\htdocs\web_manajemen_desa\system\CodeIgniter.php(368): CodeIgniter\CodeIgniter->handleRequest(NULL, Object(Config\Cache), false)
#11 C:\xampp\htdocs\web_manajemen_desa\public\index.php(67): CodeIgniter\CodeIgniter->run()
#12 C:\xampp\htdocs\web_manajemen_desa\system\Commands\Server\rewrite.php(47): require_once('C:\\xampp\\htdocs...')
#13 {main}
CRITICAL - 2023-08-19 15:21:41 --> Cannot add or update a child row: a foreign key constraint fails (`db_desa_2022`.`tb_s_waris`, CONSTRAINT `tb_s_waris_nik_foreign` FOREIGN KEY (`nik`) REFERENCES `tb_warga` (`nik`))
in SYSTEMPATH\Database\MySQLi\Connection.php on line 295.
 1 SYSTEMPATH\Database\MySQLi\Connection.php(295): mysqli->query('INSERT INTO `tb_s_waris` (`hubungan_keluarga`, `jenis_surat`, `keperluan`, `nama_ahli_waris`, `nik`, `nik_ahli_waris`, `ns_waris`, `pengambilan`, `status`, `tempat_lahir_ahli_waris`, `tgl_lahir_ahli_waris`)
VALUES (\'ibu\',\'Surat Ahli Waris\',\'Surat Keterangan Ahli Waris\',\'dani\',\'3522122211980022\',\'3522122211980122\',\'SAW.20230819.030841.29077\',\'kantor\',\'proses\',\'Gresik\',\'2023-08-08\')', 0)
 2 SYSTEMPATH\Database\BaseConnection.php(692): CodeIgniter\Database\MySQLi\Connection->execute('INSERT INTO `tb_s_waris` (`hubungan_keluarga`, `jenis_surat`, `keperluan`, `nama_ahli_waris`, `nik`, `nik_ahli_waris`, `ns_waris`, `pengambilan`, `status`, `tempat_lahir_ahli_waris`, `tgl_lahir_ahli_waris`)
VALUES (\'ibu\',\'Surat Ahli Waris\',\'Surat Keterangan Ahli Waris\',\'dani\',\'3522122211980022\',\'3522122211980122\',\'SAW.20230819.030841.29077\',\'kantor\',\'proses\',\'Gresik\',\'2023-08-08\')')
 3 SYSTEMPATH\Database\BaseConnection.php(606): CodeIgniter\Database\BaseConnection->simpleQuery('INSERT INTO `tb_s_waris` (`hubungan_keluarga`, `jenis_surat`, `keperluan`, `nama_ahli_waris`, `nik`, `nik_ahli_waris`, `ns_waris`, `pengambilan`, `status`, `tempat_lahir_ahli_waris`, `tgl_lahir_ahli_waris`)
VALUES (\'ibu\',\'Surat Ahli Waris\',\'Surat Keterangan Ahli Waris\',\'dani\',\'3522122211980022\',\'3522122211980122\',\'SAW.20230819.030841.29077\',\'kantor\',\'proses\',\'Gresik\',\'2023-08-08\')')
 4 SYSTEMPATH\Database\BaseBuilder.php(1801): CodeIgniter\Database\BaseConnection->query('INSERT INTO `tb_s_waris` (`hubungan_keluarga`, `jenis_surat`, `keperluan`, `nama_ahli_waris`, `nik`, `nik_ahli_waris`, `ns_waris`, `pengambilan`, `status`, `tempat_lahir_ahli_waris`, `tgl_lahir_ahli_waris`)
VALUES (\'ibu\',\'Surat Ahli Waris\',\'Surat Keterangan Ahli Waris\',\'dani\',\'3522122211980022\',\'3522122211980122\',\'SAW.20230819.030841.29077\',\'kantor\',\'proses\',\'Gresik\',\'2023-08-08\')', null, false)
 5 SYSTEMPATH\Database\BaseBuilder.php(2192): CodeIgniter\Database\BaseBuilder->batchExecute('_insertBatch', 100)
 6 SYSTEMPATH\Model.php(364): CodeIgniter\Database\BaseBuilder->insertBatch([...], null, 100)
 7 SYSTEMPATH\BaseModel.php(874): CodeIgniter\Model->doInsertBatch([...], null, 100, false)
 8 APPPATH\Controllers\HomepageController.php(658): CodeIgniter\BaseModel->insertBatch([...])
 9 SYSTEMPATH\CodeIgniter.php(934): App\Controllers\HomepageController->form_waris_proses()
10 SYSTEMPATH\CodeIgniter.php(499): CodeIgniter\CodeIgniter->runController(Object(App\Controllers\HomepageController))
11 SYSTEMPATH\CodeIgniter.php(368): CodeIgniter\CodeIgniter->handleRequest(null, Object(Config\Cache), false)
12 FCPATH\index.php(67): CodeIgniter\CodeIgniter->run()
13 SYSTEMPATH\Commands\Server\rewrite.php(47): require_once('C:\\xampp\\htdocs\\web_manajemen_desa\\public\\index.php')
CRITICAL - 2023-08-19 15:23:27 --> explode(): Argument #2 ($string) must be of type string, array given
in APPPATH\Controllers\HomepageController.php on line 642.
 1 APPPATH\Controllers\HomepageController.php(642): explode(' ', [...])
 2 SYSTEMPATH\CodeIgniter.php(934): App\Controllers\HomepageController->form_waris_proses()
 3 SYSTEMPATH\CodeIgniter.php(499): CodeIgniter\CodeIgniter->runController(Object(App\Controllers\HomepageController))
 4 SYSTEMPATH\CodeIgniter.php(368): CodeIgniter\CodeIgniter->handleRequest(null, Object(Config\Cache), false)
 5 FCPATH\index.php(67): CodeIgniter\CodeIgniter->run()
 6 SYSTEMPATH\Commands\Server\rewrite.php(47): require_once('C:\\xampp\\htdocs\\web_manajemen_desa\\public\\index.php')
CRITICAL - 2023-08-19 15:23:53 --> Call to a member function getClientExtension() on null
in APPPATH\Controllers\HomepageController.php on line 644.
 1 SYSTEMPATH\CodeIgniter.php(934): App\Controllers\HomepageController->form_waris_proses()
 2 SYSTEMPATH\CodeIgniter.php(499): CodeIgniter\CodeIgniter->runController(Object(App\Controllers\HomepageController))
 3 SYSTEMPATH\CodeIgniter.php(368): CodeIgniter\CodeIgniter->handleRequest(null, Object(Config\Cache), false)
 4 FCPATH\index.php(67): CodeIgniter\CodeIgniter->run()
 5 SYSTEMPATH\Commands\Server\rewrite.php(47): require_once('C:\\xampp\\htdocs\\web_manajemen_desa\\public\\index.php')
CRITICAL - 2023-08-19 15:25:02 --> Call to a member function getClientExtension() on null
in APPPATH\Controllers\HomepageController.php on line 644.
 1 SYSTEMPATH\CodeIgniter.php(934): App\Controllers\HomepageController->form_waris_proses()
 2 SYSTEMPATH\CodeIgniter.php(499): CodeIgniter\CodeIgniter->runController(Object(App\Controllers\HomepageController))
 3 SYSTEMPATH\CodeIgniter.php(368): CodeIgniter\CodeIgniter->handleRequest(null, Object(Config\Cache), false)
 4 FCPATH\index.php(67): CodeIgniter\CodeIgniter->run()
 5 SYSTEMPATH\Commands\Server\rewrite.php(47): require_once('C:\\xampp\\htdocs\\web_manajemen_desa\\public\\index.php')
CRITICAL - 2023-08-19 15:25:38 --> Call to a member function getClientExtension() on null
in APPPATH\Controllers\HomepageController.php on line 644.
 1 SYSTEMPATH\CodeIgniter.php(934): App\Controllers\HomepageController->form_waris_proses()
 2 SYSTEMPATH\CodeIgniter.php(499): CodeIgniter\CodeIgniter->runController(Object(App\Controllers\HomepageController))
 3 SYSTEMPATH\CodeIgniter.php(368): CodeIgniter\CodeIgniter->handleRequest(null, Object(Config\Cache), false)
 4 FCPATH\index.php(67): CodeIgniter\CodeIgniter->run()
 5 SYSTEMPATH\Commands\Server\rewrite.php(47): require_once('C:\\xampp\\htdocs\\web_manajemen_desa\\public\\index.php')
CRITICAL - 2023-08-19 15:26:30 --> Trying to access array offset on value of type null
in APPPATH\Controllers\HomepageController.php on line 644.
 1 APPPATH\Controllers\HomepageController.php(644): CodeIgniter\Debug\Exceptions->errorHandler(2, 'Trying to access array offset on value of type null', 'C:\\xampp\\htdocs\\web_manajemen_desa\\app\\Controllers\\HomepageController.php', 644)
 2 SYSTEMPATH\CodeIgniter.php(934): App\Controllers\HomepageController->form_waris_proses()
 3 SYSTEMPATH\CodeIgniter.php(499): CodeIgniter\CodeIgniter->runController(Object(App\Controllers\HomepageController))
 4 SYSTEMPATH\CodeIgniter.php(368): CodeIgniter\CodeIgniter->handleRequest(null, Object(Config\Cache), false)
 5 FCPATH\index.php(67): CodeIgniter\CodeIgniter->run()
 6 SYSTEMPATH\Commands\Server\rewrite.php(47): require_once('C:\\xampp\\htdocs\\web_manajemen_desa\\public\\index.php')
CRITICAL - 2023-08-19 15:26:56 --> Call to a member function getClientExtension() on null
in APPPATH\Controllers\HomepageController.php on line 644.
 1 SYSTEMPATH\CodeIgniter.php(934): App\Controllers\HomepageController->form_waris_proses()
 2 SYSTEMPATH\CodeIgniter.php(499): CodeIgniter\CodeIgniter->runController(Object(App\Controllers\HomepageController))
 3 SYSTEMPATH\CodeIgniter.php(368): CodeIgniter\CodeIgniter->handleRequest(null, Object(Config\Cache), false)
 4 FCPATH\index.php(67): CodeIgniter\CodeIgniter->run()
 5 SYSTEMPATH\Commands\Server\rewrite.php(47): require_once('C:\\xampp\\htdocs\\web_manajemen_desa\\public\\index.php')
CRITICAL - 2023-08-19 15:28:08 --> Array to string conversion
in APPPATH\Controllers\HomepageController.php on line 649.
 1 APPPATH\Controllers\HomepageController.php(649): CodeIgniter\Debug\Exceptions->errorHandler(2, 'Array to string conversion', 'C:\\xampp\\htdocs\\web_manajemen_desa\\app\\Controllers\\HomepageController.php', 649)
 2 SYSTEMPATH\CodeIgniter.php(934): App\Controllers\HomepageController->form_waris_proses()
 3 SYSTEMPATH\CodeIgniter.php(499): CodeIgniter\CodeIgniter->runController(Object(App\Controllers\HomepageController))
 4 SYSTEMPATH\CodeIgniter.php(368): CodeIgniter\CodeIgniter->handleRequest(null, Object(Config\Cache), false)
 5 FCPATH\index.php(67): CodeIgniter\CodeIgniter->run()
 6 SYSTEMPATH\Commands\Server\rewrite.php(47): require_once('C:\\xampp\\htdocs\\web_manajemen_desa\\public\\index.php')
ERROR - 2023-08-19 15:28:30 --> mysqli_sql_exception: You have an error in your SQL syntax; check the manual that corresponds to your MariaDB server version for the right syntax to use near '0) VALUES (:0:)' at line 1 in C:\xampp\htdocs\web_manajemen_desa\system\Database\MySQLi\Connection.php:295
Stack trace:
#0 C:\xampp\htdocs\web_manajemen_desa\system\Database\MySQLi\Connection.php(295): mysqli->query('INSERT INTO `tb...', 0)
#1 C:\xampp\htdocs\web_manajemen_desa\system\Database\BaseConnection.php(692): CodeIgniter\Database\MySQLi\Connection->execute('INSERT INTO `tb...')
#2 C:\xampp\htdocs\web_manajemen_desa\system\Database\BaseConnection.php(606): CodeIgniter\Database\BaseConnection->simpleQuery('INSERT INTO `tb...')
#3 C:\xampp\htdocs\web_manajemen_desa\system\Database\BaseBuilder.php(2309): CodeIgniter\Database\BaseConnection->query('INSERT INTO `tb...', Array, false)
#4 C:\xampp\htdocs\web_manajemen_desa\app\Models\SWarisModel.php(43): CodeIgniter\Database\BaseBuilder->insert(Array)
#5 C:\xampp\htdocs\web_manajemen_desa\app\Controllers\HomepageController.php(662): App\Models\SWarisModel->saveNew(Array)
#6 C:\xampp\htdocs\web_manajemen_desa\system\CodeIgniter.php(934): App\Controllers\HomepageController->form_waris_proses()
#7 C:\xampp\htdocs\web_manajemen_desa\system\CodeIgniter.php(499): CodeIgniter\CodeIgniter->runController(Object(App\Controllers\HomepageController))
#8 C:\xampp\htdocs\web_manajemen_desa\system\CodeIgniter.php(368): CodeIgniter\CodeIgniter->handleRequest(NULL, Object(Config\Cache), false)
#9 C:\xampp\htdocs\web_manajemen_desa\public\index.php(67): CodeIgniter\CodeIgniter->run()
#10 C:\xampp\htdocs\web_manajemen_desa\system\Commands\Server\rewrite.php(47): require_once('C:\\xampp\\htdocs...')
#11 {main}
CRITICAL - 2023-08-19 15:28:30 --> You have an error in your SQL syntax; check the manual that corresponds to your MariaDB server version for the right syntax to use near '0) VALUES (:0:)' at line 1
in SYSTEMPATH\Database\MySQLi\Connection.php on line 295.
 1 SYSTEMPATH\Database\MySQLi\Connection.php(295): mysqli->query('INSERT INTO `tb_warga` (0) VALUES (:0:)', 0)
 2 SYSTEMPATH\Database\BaseConnection.php(692): CodeIgniter\Database\MySQLi\Connection->execute('INSERT INTO `tb_warga` (0) VALUES (:0:)')
 3 SYSTEMPATH\Database\BaseConnection.php(606): CodeIgniter\Database\BaseConnection->simpleQuery('INSERT INTO `tb_warga` (0) VALUES (:0:)')
 4 SYSTEMPATH\Database\BaseBuilder.php(2309): CodeIgniter\Database\BaseConnection->query('INSERT INTO `tb_warga` (0) VALUES (:0:)', [...], false)
 5 APPPATH\Models\SWarisModel.php(43): CodeIgniter\Database\BaseBuilder->insert([...])
 6 APPPATH\Controllers\HomepageController.php(662): App\Models\SWarisModel->saveNew([...])
 7 SYSTEMPATH\CodeIgniter.php(934): App\Controllers\HomepageController->form_waris_proses()
 8 SYSTEMPATH\CodeIgniter.php(499): CodeIgniter\CodeIgniter->runController(Object(App\Controllers\HomepageController))
 9 SYSTEMPATH\CodeIgniter.php(368): CodeIgniter\CodeIgniter->handleRequest(null, Object(Config\Cache), false)
10 FCPATH\index.php(67): CodeIgniter\CodeIgniter->run()
11 SYSTEMPATH\Commands\Server\rewrite.php(47): require_once('C:\\xampp\\htdocs\\web_manajemen_desa\\public\\index.php')
INFO - 2023-08-19 15:30:52 --> Session: Class initialized using 'CodeIgniter\Session\Handlers\FileHandler' driver.
INFO - 2023-08-19 15:32:04 --> Session: Class initialized using 'CodeIgniter\Session\Handlers\FileHandler' driver.
ERROR - 2023-08-19 15:33:03 --> mysqli_sql_exception: Duplicate entry '3522122211980022' for key 'PRIMARY' in C:\xampp\htdocs\web_manajemen_desa\system\Database\MySQLi\Connection.php:295
Stack trace:
#0 C:\xampp\htdocs\web_manajemen_desa\system\Database\MySQLi\Connection.php(295): mysqli->query('INSERT INTO `tb...', 0)
#1 C:\xampp\htdocs\web_manajemen_desa\system\Database\BaseConnection.php(692): CodeIgniter\Database\MySQLi\Connection->execute('INSERT INTO `tb...')
#2 C:\xampp\htdocs\web_manajemen_desa\system\Database\BaseConnection.php(606): CodeIgniter\Database\BaseConnection->simpleQuery('INSERT INTO `tb...')
#3 C:\xampp\htdocs\web_manajemen_desa\system\Database\BaseBuilder.php(2309): CodeIgniter\Database\BaseConnection->query('INSERT INTO `tb...', Array, false)
#4 C:\xampp\htdocs\web_manajemen_desa\app\Models\SWarisModel.php(43): CodeIgniter\Database\BaseBuilder->insert(Array)
#5 C:\xampp\htdocs\web_manajemen_desa\app\Controllers\HomepageController.php(660): App\Models\SWarisModel->saveNew(Array)
#6 C:\xampp\htdocs\web_manajemen_desa\system\CodeIgniter.php(934): App\Controllers\HomepageController->form_waris_proses()
#7 C:\xampp\htdocs\web_manajemen_desa\system\CodeIgniter.php(499): CodeIgniter\CodeIgniter->runController(Object(App\Controllers\HomepageController))
#8 C:\xampp\htdocs\web_manajemen_desa\system\CodeIgniter.php(368): CodeIgniter\CodeIgniter->handleRequest(NULL, Object(Config\Cache), false)
#9 C:\xampp\htdocs\web_manajemen_desa\public\index.php(67): CodeIgniter\CodeIgniter->run()
#10 C:\xampp\htdocs\web_manajemen_desa\system\Commands\Server\rewrite.php(47): require_once('C:\\xampp\\htdocs...')
#11 {main}
CRITICAL - 2023-08-19 15:33:03 --> Duplicate entry '3522122211980022' for key 'PRIMARY'
in SYSTEMPATH\Database\MySQLi\Connection.php on line 295.
 1 SYSTEMPATH\Database\MySQLi\Connection.php(295): mysqli->query('INSERT INTO `tb_warga` (`nik`, `nama`, `slug`, `tempat_lahir`, `tgl_lahir`, `jenis_kelamin`, `agama`, `kewarganegaraan`, `status_perkawinan`, `pekerjaan`, `alamat`, `email`, `telepon`, `identitas`) VALUES (\'3522122211980022\', \'Emdeha Team\', \'SAW.20230819.030803.90712\', (\'bjn\'), (\'2023-08-23\'), (\'L\'), (\'kristen\'), (\'Indonesia\'), (\'Lajang\'), (\'buruh\'), (\'Bangkalan, Jawa Timur, Indonesia\\r\\nGili Timur, Perumahan GKP Bloko A4 no. 26.\'), (\'emdehateam@gmail.com\'), NULL, \'3522122211980022.png\')', 0)
 2 SYSTEMPATH\Database\BaseConnection.php(692): CodeIgniter\Database\MySQLi\Connection->execute('INSERT INTO `tb_warga` (`nik`, `nama`, `slug`, `tempat_lahir`, `tgl_lahir`, `jenis_kelamin`, `agama`, `kewarganegaraan`, `status_perkawinan`, `pekerjaan`, `alamat`, `email`, `telepon`, `identitas`) VALUES (\'3522122211980022\', \'Emdeha Team\', \'SAW.20230819.030803.90712\', (\'bjn\'), (\'2023-08-23\'), (\'L\'), (\'kristen\'), (\'Indonesia\'), (\'Lajang\'), (\'buruh\'), (\'Bangkalan, Jawa Timur, Indonesia\\r\\nGili Timur, Perumahan GKP Bloko A4 no. 26.\'), (\'emdehateam@gmail.com\'), NULL, \'3522122211980022.png\')')
 3 SYSTEMPATH\Database\BaseConnection.php(606): CodeIgniter\Database\BaseConnection->simpleQuery('INSERT INTO `tb_warga` (`nik`, `nama`, `slug`, `tempat_lahir`, `tgl_lahir`, `jenis_kelamin`, `agama`, `kewarganegaraan`, `status_perkawinan`, `pekerjaan`, `alamat`, `email`, `telepon`, `identitas`) VALUES (\'3522122211980022\', \'Emdeha Team\', \'SAW.20230819.030803.90712\', (\'bjn\'), (\'2023-08-23\'), (\'L\'), (\'kristen\'), (\'Indonesia\'), (\'Lajang\'), (\'buruh\'), (\'Bangkalan, Jawa Timur, Indonesia\\r\\nGili Timur, Perumahan GKP Bloko A4 no. 26.\'), (\'emdehateam@gmail.com\'), NULL, \'3522122211980022.png\')')
 4 SYSTEMPATH\Database\BaseBuilder.php(2309): CodeIgniter\Database\BaseConnection->query('INSERT INTO `tb_warga` (`nik`, `nama`, `slug`, `tempat_lahir`, `tgl_lahir`, `jenis_kelamin`, `agama`, `kewarganegaraan`, `status_perkawinan`, `pekerjaan`, `alamat`, `email`, `telepon`, `identitas`) VALUES (:nik:, :nama:, :slug:, :tempat_lahir:, :tgl_lahir:, :jenis_kelamin:, :agama:, :kewarganegaraan:, :status_perkawinan:, :pekerjaan:, :alamat:, :email:, :telepon:, :identitas:)', [...], false)
 5 APPPATH\Models\SWarisModel.php(43): CodeIgniter\Database\BaseBuilder->insert([...])
 6 APPPATH\Controllers\HomepageController.php(660): App\Models\SWarisModel->saveNew([...])
 7 SYSTEMPATH\CodeIgniter.php(934): App\Controllers\HomepageController->form_waris_proses()
 8 SYSTEMPATH\CodeIgniter.php(499): CodeIgniter\CodeIgniter->runController(Object(App\Controllers\HomepageController))
 9 SYSTEMPATH\CodeIgniter.php(368): CodeIgniter\CodeIgniter->handleRequest(null, Object(Config\Cache), false)
10 FCPATH\index.php(67): CodeIgniter\CodeIgniter->run()
11 SYSTEMPATH\Commands\Server\rewrite.php(47): require_once('C:\\xampp\\htdocs\\web_manajemen_desa\\public\\index.php')
ERROR - 2023-08-19 15:45:48 --> mysqli_sql_exception: Cannot delete or update a parent row: a foreign key constraint fails (`db_desa_2022`.`tb_s_kelahiran`, CONSTRAINT `tb_s_kelahiran_nik_foreign` FOREIGN KEY (`nik`) REFERENCES `tb_warga` (`nik`)) in C:\xampp\htdocs\web_manajemen_desa\system\Database\MySQLi\Connection.php:295
Stack trace:
#0 C:\xampp\htdocs\web_manajemen_desa\system\Database\MySQLi\Connection.php(295): mysqli->query('UPDATE `tb_warg...', 0)
#1 C:\xampp\htdocs\web_manajemen_desa\system\Database\BaseConnection.php(692): CodeIgniter\Database\MySQLi\Connection->execute('UPDATE `tb_warg...')
#2 C:\xampp\htdocs\web_manajemen_desa\system\Database\BaseConnection.php(606): CodeIgniter\Database\BaseConnection->simpleQuery('UPDATE `tb_warg...')
#3 C:\xampp\htdocs\web_manajemen_desa\system\Database\BaseBuilder.php(2476): CodeIgniter\Database\BaseConnection->query('UPDATE `tb_warg...', Array, false)
#4 C:\xampp\htdocs\web_manajemen_desa\app\Models\SWarisModel.php(48): CodeIgniter\Database\BaseBuilder->update(Array)
#5 C:\xampp\htdocs\web_manajemen_desa\app\Controllers\HomepageController.php(660): App\Models\SWarisModel->saveNew(Array, '352212221198002...')
#6 C:\xampp\htdocs\web_manajemen_desa\system\CodeIgniter.php(934): App\Controllers\HomepageController->form_waris_proses()
#7 C:\xampp\htdocs\web_manajemen_desa\system\CodeIgniter.php(499): CodeIgniter\CodeIgniter->runController(Object(App\Controllers\HomepageController))
#8 C:\xampp\htdocs\web_manajemen_desa\system\CodeIgniter.php(368): CodeIgniter\CodeIgniter->handleRequest(NULL, Object(Config\Cache), false)
#9 C:\xampp\htdocs\web_manajemen_desa\public\index.php(67): CodeIgniter\CodeIgniter->run()
#10 C:\xampp\htdocs\web_manajemen_desa\system\Commands\Server\rewrite.php(47): require_once('C:\\xampp\\htdocs...')
#11 {main}
CRITICAL - 2023-08-19 15:45:48 --> Cannot delete or update a parent row: a foreign key constraint fails (`db_desa_2022`.`tb_s_kelahiran`, CONSTRAINT `tb_s_kelahiran_nik_foreign` FOREIGN KEY (`nik`) REFERENCES `tb_warga` (`nik`))
in SYSTEMPATH\Database\MySQLi\Connection.php on line 295.
 1 SYSTEMPATH\Database\MySQLi\Connection.php(295): mysqli->query('UPDATE `tb_warga` SET `nik` = \'3522122211980022\', `nama` = \'Emdeha Team\', `slug` = \'SAW.20230819.030848.00405\', `tempat_lahir` = (\'bjn\'), `tgl_lahir` = (\'2023-08-23\'), `jenis_kelamin` = (\'L\'), `agama` = (\'kristen\'), `kewarganegaraan` = (\'Indonesia\'), `status_perkawinan` = (\'Lajang\'), `pekerjaan` = (\'buruh\'), `alamat` = (\'Bangkalan, Jawa Timur, Indonesia\\r\\nGili Timur, Perumahan GKP Bloko A4 no. 26.\'), `email` = (\'emdehateam@gmail.com\'), `telepon` = NULL, `identitas` = \'3522122211980022.png\'', 0)
 2 SYSTEMPATH\Database\BaseConnection.php(692): CodeIgniter\Database\MySQLi\Connection->execute('UPDATE `tb_warga` SET `nik` = \'3522122211980022\', `nama` = \'Emdeha Team\', `slug` = \'SAW.20230819.030848.00405\', `tempat_lahir` = (\'bjn\'), `tgl_lahir` = (\'2023-08-23\'), `jenis_kelamin` = (\'L\'), `agama` = (\'kristen\'), `kewarganegaraan` = (\'Indonesia\'), `status_perkawinan` = (\'Lajang\'), `pekerjaan` = (\'buruh\'), `alamat` = (\'Bangkalan, Jawa Timur, Indonesia\\r\\nGili Timur, Perumahan GKP Bloko A4 no. 26.\'), `email` = (\'emdehateam@gmail.com\'), `telepon` = NULL, `identitas` = \'3522122211980022.png\'')
 3 SYSTEMPATH\Database\BaseConnection.php(606): CodeIgniter\Database\BaseConnection->simpleQuery('UPDATE `tb_warga` SET `nik` = \'3522122211980022\', `nama` = \'Emdeha Team\', `slug` = \'SAW.20230819.030848.00405\', `tempat_lahir` = (\'bjn\'), `tgl_lahir` = (\'2023-08-23\'), `jenis_kelamin` = (\'L\'), `agama` = (\'kristen\'), `kewarganegaraan` = (\'Indonesia\'), `status_perkawinan` = (\'Lajang\'), `pekerjaan` = (\'buruh\'), `alamat` = (\'Bangkalan, Jawa Timur, Indonesia\\r\\nGili Timur, Perumahan GKP Bloko A4 no. 26.\'), `email` = (\'emdehateam@gmail.com\'), `telepon` = NULL, `identitas` = \'3522122211980022.png\'')
 4 SYSTEMPATH\Database\BaseBuilder.php(2476): CodeIgniter\Database\BaseConnection->query('UPDATE `tb_warga` SET `nik` = :nik:, `nama` = :nama:, `slug` = :slug:, `tempat_lahir` = :tempat_lahir:, `tgl_lahir` = :tgl_lahir:, `jenis_kelamin` = :jenis_kelamin:, `agama` = :agama:, `kewarganegaraan` = :kewarganegaraan:, `status_perkawinan` = :status_perkawinan:, `pekerjaan` = :pekerjaan:, `alamat` = :alamat:, `email` = :email:, `telepon` = :telepon:, `identitas` = :identitas:', [...], false)
 5 APPPATH\Models\SWarisModel.php(48): CodeIgniter\Database\BaseBuilder->update([...])
 6 APPPATH\Controllers\HomepageController.php(660): App\Models\SWarisModel->saveNew([...], '3522122211980022')
 7 SYSTEMPATH\CodeIgniter.php(934): App\Controllers\HomepageController->form_waris_proses()
 8 SYSTEMPATH\CodeIgniter.php(499): CodeIgniter\CodeIgniter->runController(Object(App\Controllers\HomepageController))
 9 SYSTEMPATH\CodeIgniter.php(368): CodeIgniter\CodeIgniter->handleRequest(null, Object(Config\Cache), false)
10 FCPATH\index.php(67): CodeIgniter\CodeIgniter->run()
11 SYSTEMPATH\Commands\Server\rewrite.php(47): require_once('C:\\xampp\\htdocs\\web_manajemen_desa\\public\\index.php')
ERROR - 2023-08-19 15:47:44 --> mysqli_sql_exception: Cannot delete or update a parent row: a foreign key constraint fails (`db_desa_2022`.`tb_s_kelahiran`, CONSTRAINT `tb_s_kelahiran_nik_foreign` FOREIGN KEY (`nik`) REFERENCES `tb_warga` (`nik`)) in C:\xampp\htdocs\web_manajemen_desa\system\Database\MySQLi\Connection.php:295
Stack trace:
#0 C:\xampp\htdocs\web_manajemen_desa\system\Database\MySQLi\Connection.php(295): mysqli->query('UPDATE `tb_warg...', 0)
#1 C:\xampp\htdocs\web_manajemen_desa\system\Database\BaseConnection.php(692): CodeIgniter\Database\MySQLi\Connection->execute('UPDATE `tb_warg...')
#2 C:\xampp\htdocs\web_manajemen_desa\system\Database\BaseConnection.php(606): CodeIgniter\Database\BaseConnection->simpleQuery('UPDATE `tb_warg...')
#3 C:\xampp\htdocs\web_manajemen_desa\system\Database\BaseBuilder.php(2476): CodeIgniter\Database\BaseConnection->query('UPDATE `tb_warg...', Array, false)
#4 C:\xampp\htdocs\web_manajemen_desa\app\Models\SWarisModel.php(51): CodeIgniter\Database\BaseBuilder->update(Array)
#5 C:\xampp\htdocs\web_manajemen_desa\app\Controllers\HomepageController.php(660): App\Models\SWarisModel->saveNew(Array, '352212221198002...')
#6 C:\xampp\htdocs\web_manajemen_desa\system\CodeIgniter.php(934): App\Controllers\HomepageController->form_waris_proses()
#7 C:\xampp\htdocs\web_manajemen_desa\system\CodeIgniter.php(499): CodeIgniter\CodeIgniter->runController(Object(App\Controllers\HomepageController))
#8 C:\xampp\htdocs\web_manajemen_desa\system\CodeIgniter.php(368): CodeIgniter\CodeIgniter->handleRequest(NULL, Object(Config\Cache), false)
#9 C:\xampp\htdocs\web_manajemen_desa\public\index.php(67): CodeIgniter\CodeIgniter->run()
#10 C:\xampp\htdocs\web_manajemen_desa\system\Commands\Server\rewrite.php(47): require_once('C:\\xampp\\htdocs...')
#11 {main}
CRITICAL - 2023-08-19 15:47:44 --> Cannot delete or update a parent row: a foreign key constraint fails (`db_desa_2022`.`tb_s_kelahiran`, CONSTRAINT `tb_s_kelahiran_nik_foreign` FOREIGN KEY (`nik`) REFERENCES `tb_warga` (`nik`))
in SYSTEMPATH\Database\MySQLi\Connection.php on line 295.
 1 SYSTEMPATH\Database\MySQLi\Connection.php(295): mysqli->query('UPDATE `tb_warga` SET `nik` = \'3522122211980022\', `nama` = \'Emdeha Team\', `slug` = \'SAW.20230819.030843.00282\', `tempat_lahir` = (\'bjn\'), `tgl_lahir` = (\'2023-08-23\'), `jenis_kelamin` = (\'L\'), `agama` = (\'kristen\'), `kewarganegaraan` = (\'Indonesia\'), `status_perkawinan` = (\'Lajang\'), `pekerjaan` = (\'buruh\'), `alamat` = (\'Bangkalan, Jawa Timur, Indonesia\\r\\nGili Timur, Perumahan GKP Bloko A4 no. 26.\'), `email` = (\'emdehateam@gmail.com\'), `telepon` = NULL, `identitas` = \'3522122211980022.png\'', 0)
 2 SYSTEMPATH\Database\BaseConnection.php(692): CodeIgniter\Database\MySQLi\Connection->execute('UPDATE `tb_warga` SET `nik` = \'3522122211980022\', `nama` = \'Emdeha Team\', `slug` = \'SAW.20230819.030843.00282\', `tempat_lahir` = (\'bjn\'), `tgl_lahir` = (\'2023-08-23\'), `jenis_kelamin` = (\'L\'), `agama` = (\'kristen\'), `kewarganegaraan` = (\'Indonesia\'), `status_perkawinan` = (\'Lajang\'), `pekerjaan` = (\'buruh\'), `alamat` = (\'Bangkalan, Jawa Timur, Indonesia\\r\\nGili Timur, Perumahan GKP Bloko A4 no. 26.\'), `email` = (\'emdehateam@gmail.com\'), `telepon` = NULL, `identitas` = \'3522122211980022.png\'')
 3 SYSTEMPATH\Database\BaseConnection.php(606): CodeIgniter\Database\BaseConnection->simpleQuery('UPDATE `tb_warga` SET `nik` = \'3522122211980022\', `nama` = \'Emdeha Team\', `slug` = \'SAW.20230819.030843.00282\', `tempat_lahir` = (\'bjn\'), `tgl_lahir` = (\'2023-08-23\'), `jenis_kelamin` = (\'L\'), `agama` = (\'kristen\'), `kewarganegaraan` = (\'Indonesia\'), `status_perkawinan` = (\'Lajang\'), `pekerjaan` = (\'buruh\'), `alamat` = (\'Bangkalan, Jawa Timur, Indonesia\\r\\nGili Timur, Perumahan GKP Bloko A4 no. 26.\'), `email` = (\'emdehateam@gmail.com\'), `telepon` = NULL, `identitas` = \'3522122211980022.png\'')
 4 SYSTEMPATH\Database\BaseBuilder.php(2476): CodeIgniter\Database\BaseConnection->query('UPDATE `tb_warga` SET `nik` = :nik:, `nama` = :nama:, `slug` = :slug:, `tempat_lahir` = :tempat_lahir:, `tgl_lahir` = :tgl_lahir:, `jenis_kelamin` = :jenis_kelamin:, `agama` = :agama:, `kewarganegaraan` = :kewarganegaraan:, `status_perkawinan` = :status_perkawinan:, `pekerjaan` = :pekerjaan:, `alamat` = :alamat:, `email` = :email:, `telepon` = :telepon:, `identitas` = :identitas:', [...], false)
 5 APPPATH\Models\SWarisModel.php(51): CodeIgniter\Database\BaseBuilder->update([...])
 6 APPPATH\Controllers\HomepageController.php(660): App\Models\SWarisModel->saveNew([...], '3522122211980022')
 7 SYSTEMPATH\CodeIgniter.php(934): App\Controllers\HomepageController->form_waris_proses()
 8 SYSTEMPATH\CodeIgniter.php(499): CodeIgniter\CodeIgniter->runController(Object(App\Controllers\HomepageController))
 9 SYSTEMPATH\CodeIgniter.php(368): CodeIgniter\CodeIgniter->handleRequest(null, Object(Config\Cache), false)
10 FCPATH\index.php(67): CodeIgniter\CodeIgniter->run()
11 SYSTEMPATH\Commands\Server\rewrite.php(47): require_once('C:\\xampp\\htdocs\\web_manajemen_desa\\public\\index.php')
ERROR - 2023-08-19 15:48:23 --> mysqli_sql_exception: Cannot delete or update a parent row: a foreign key constraint fails (`db_desa_2022`.`tb_s_kelahiran`, CONSTRAINT `tb_s_kelahiran_nik_foreign` FOREIGN KEY (`nik`) REFERENCES `tb_warga` (`nik`)) in C:\xampp\htdocs\web_manajemen_desa\system\Database\MySQLi\Connection.php:295
Stack trace:
#0 C:\xampp\htdocs\web_manajemen_desa\system\Database\MySQLi\Connection.php(295): mysqli->query('UPDATE `tb_warg...', 0)
#1 C:\xampp\htdocs\web_manajemen_desa\system\Database\BaseConnection.php(692): CodeIgniter\Database\MySQLi\Connection->execute('UPDATE `tb_warg...')
#2 C:\xampp\htdocs\web_manajemen_desa\system\Database\BaseConnection.php(606): CodeIgniter\Database\BaseConnection->simpleQuery('UPDATE `tb_warg...')
#3 C:\xampp\htdocs\web_manajemen_desa\system\Database\BaseBuilder.php(2476): CodeIgniter\Database\BaseConnection->query('UPDATE `tb_warg...', Array, false)
#4 C:\xampp\htdocs\web_manajemen_desa\app\Models\SWarisModel.php(51): CodeIgniter\Database\BaseBuilder->update(Array)
#5 C:\xampp\htdocs\web_manajemen_desa\app\Controllers\HomepageController.php(660): App\Models\SWarisModel->saveNew(Array, '352212221198002...')
#6 C:\xampp\htdocs\web_manajemen_desa\system\CodeIgniter.php(934): App\Controllers\HomepageController->form_waris_proses()
#7 C:\xampp\htdocs\web_manajemen_desa\system\CodeIgniter.php(499): CodeIgniter\CodeIgniter->runController(Object(App\Controllers\HomepageController))
#8 C:\xampp\htdocs\web_manajemen_desa\system\CodeIgniter.php(368): CodeIgniter\CodeIgniter->handleRequest(NULL, Object(Config\Cache), false)
#9 C:\xampp\htdocs\web_manajemen_desa\public\index.php(67): CodeIgniter\CodeIgniter->run()
#10 C:\xampp\htdocs\web_manajemen_desa\system\Commands\Server\rewrite.php(47): require_once('C:\\xampp\\htdocs...')
#11 {main}
CRITICAL - 2023-08-19 15:48:23 --> Cannot delete or update a parent row: a foreign key constraint fails (`db_desa_2022`.`tb_s_kelahiran`, CONSTRAINT `tb_s_kelahiran_nik_foreign` FOREIGN KEY (`nik`) REFERENCES `tb_warga` (`nik`))
in SYSTEMPATH\Database\MySQLi\Connection.php on line 295.
 1 SYSTEMPATH\Database\MySQLi\Connection.php(295): mysqli->query('UPDATE `tb_warga` SET `nik` = \'3522122211980022\', `nama` = \'Emdeha Team\', `slug` = \'SAW.20230819.030823.72202\', `tempat_lahir` = (\'bjn\'), `tgl_lahir` = (\'2023-08-03\'), `jenis_kelamin` = (\'L\'), `agama` = (\'buddha\'), `kewarganegaraan` = (\'Indonesia\'), `status_perkawinan` = (\'Lajang\'), `pekerjaan` = (\'buruh\'), `alamat` = (\'Bangkalan, Jawa Timur, Indonesia\\r\\nGili Timur, Perumahan GKP Bloko A4 no. 26.\'), `email` = (\'emdehateam@gmail.com\'), `telepon` = NULL, `identitas` = \'3522122211980022.png\'', 0)
 2 SYSTEMPATH\Database\BaseConnection.php(692): CodeIgniter\Database\MySQLi\Connection->execute('UPDATE `tb_warga` SET `nik` = \'3522122211980022\', `nama` = \'Emdeha Team\', `slug` = \'SAW.20230819.030823.72202\', `tempat_lahir` = (\'bjn\'), `tgl_lahir` = (\'2023-08-03\'), `jenis_kelamin` = (\'L\'), `agama` = (\'buddha\'), `kewarganegaraan` = (\'Indonesia\'), `status_perkawinan` = (\'Lajang\'), `pekerjaan` = (\'buruh\'), `alamat` = (\'Bangkalan, Jawa Timur, Indonesia\\r\\nGili Timur, Perumahan GKP Bloko A4 no. 26.\'), `email` = (\'emdehateam@gmail.com\'), `telepon` = NULL, `identitas` = \'3522122211980022.png\'')
 3 SYSTEMPATH\Database\BaseConnection.php(606): CodeIgniter\Database\BaseConnection->simpleQuery('UPDATE `tb_warga` SET `nik` = \'3522122211980022\', `nama` = \'Emdeha Team\', `slug` = \'SAW.20230819.030823.72202\', `tempat_lahir` = (\'bjn\'), `tgl_lahir` = (\'2023-08-03\'), `jenis_kelamin` = (\'L\'), `agama` = (\'buddha\'), `kewarganegaraan` = (\'Indonesia\'), `status_perkawinan` = (\'Lajang\'), `pekerjaan` = (\'buruh\'), `alamat` = (\'Bangkalan, Jawa Timur, Indonesia\\r\\nGili Timur, Perumahan GKP Bloko A4 no. 26.\'), `email` = (\'emdehateam@gmail.com\'), `telepon` = NULL, `identitas` = \'3522122211980022.png\'')
 4 SYSTEMPATH\Database\BaseBuilder.php(2476): CodeIgniter\Database\BaseConnection->query('UPDATE `tb_warga` SET `nik` = :nik:, `nama` = :nama:, `slug` = :slug:, `tempat_lahir` = :tempat_lahir:, `tgl_lahir` = :tgl_lahir:, `jenis_kelamin` = :jenis_kelamin:, `agama` = :agama:, `kewarganegaraan` = :kewarganegaraan:, `status_perkawinan` = :status_perkawinan:, `pekerjaan` = :pekerjaan:, `alamat` = :alamat:, `email` = :email:, `telepon` = :telepon:, `identitas` = :identitas:', [...], false)
 5 APPPATH\Models\SWarisModel.php(51): CodeIgniter\Database\BaseBuilder->update([...])
 6 APPPATH\Controllers\HomepageController.php(660): App\Models\SWarisModel->saveNew([...], '3522122211980022')
 7 SYSTEMPATH\CodeIgniter.php(934): App\Controllers\HomepageController->form_waris_proses()
 8 SYSTEMPATH\CodeIgniter.php(499): CodeIgniter\CodeIgniter->runController(Object(App\Controllers\HomepageController))
 9 SYSTEMPATH\CodeIgniter.php(368): CodeIgniter\CodeIgniter->handleRequest(null, Object(Config\Cache), false)
10 FCPATH\index.php(67): CodeIgniter\CodeIgniter->run()
11 SYSTEMPATH\Commands\Server\rewrite.php(47): require_once('C:\\xampp\\htdocs\\web_manajemen_desa\\public\\index.php')
CRITICAL - 2023-08-19 15:55:20 --> Array to string conversion
in APPPATH\Controllers\HomepageController.php on line 687.
 1 APPPATH\Controllers\HomepageController.php(687): CodeIgniter\Debug\Exceptions->errorHandler(2, 'Array to string conversion', 'C:\\xampp\\htdocs\\web_manajemen_desa\\app\\Controllers\\HomepageController.php', 687)
 2 SYSTEMPATH\CodeIgniter.php(934): App\Controllers\HomepageController->form_waris_proses()
 3 SYSTEMPATH\CodeIgniter.php(499): CodeIgniter\CodeIgniter->runController(Object(App\Controllers\HomepageController))
 4 SYSTEMPATH\CodeIgniter.php(368): CodeIgniter\CodeIgniter->handleRequest(null, Object(Config\Cache), false)
 5 FCPATH\index.php(67): CodeIgniter\CodeIgniter->run()
 6 SYSTEMPATH\Commands\Server\rewrite.php(47): require_once('C:\\xampp\\htdocs\\web_manajemen_desa\\public\\index.php')
CRITICAL - 2023-08-19 15:55:37 --> Array to string conversion
in APPPATH\Controllers\HomepageController.php on line 711.
 1 APPPATH\Controllers\HomepageController.php(711): CodeIgniter\Debug\Exceptions->errorHandler(2, 'Array to string conversion', 'C:\\xampp\\htdocs\\web_manajemen_desa\\app\\Controllers\\HomepageController.php', 711)
 2 SYSTEMPATH\CodeIgniter.php(934): App\Controllers\HomepageController->form_waris_proses()
 3 SYSTEMPATH\CodeIgniter.php(499): CodeIgniter\CodeIgniter->runController(Object(App\Controllers\HomepageController))
 4 SYSTEMPATH\CodeIgniter.php(368): CodeIgniter\CodeIgniter->handleRequest(null, Object(Config\Cache), false)
 5 FCPATH\index.php(67): CodeIgniter\CodeIgniter->run()
 6 SYSTEMPATH\Commands\Server\rewrite.php(47): require_once('C:\\xampp\\htdocs\\web_manajemen_desa\\public\\index.php')
INFO - 2023-08-19 15:55:48 --> Session: Class initialized using 'CodeIgniter\Session\Handlers\FileHandler' driver.
INFO - 2023-08-19 15:57:21 --> Session: Class initialized using 'CodeIgniter\Session\Handlers\FileHandler' driver.
INFO - 2023-08-19 15:59:24 --> Session: Class initialized using 'CodeIgniter\Session\Handlers\FileHandler' driver.
INFO - 2023-08-19 16:02:22 --> Session: Class initialized using 'CodeIgniter\Session\Handlers\FileHandler' driver.
INFO - 2023-08-19 16:02:27 --> Session: Class initialized using 'CodeIgniter\Session\Handlers\FileHandler' driver.
INFO - 2023-08-19 16:02:31 --> Session: Class initialized using 'CodeIgniter\Session\Handlers\FileHandler' driver.
INFO - 2023-08-19 16:03:29 --> Session: Class initialized using 'CodeIgniter\Session\Handlers\FileHandler' driver.
INFO - 2023-08-19 16:03:29 --> Session: Class initialized using 'CodeIgniter\Session\Handlers\FileHandler' driver.
INFO - 2023-08-19 16:03:57 --> Session: Class initialized using 'CodeIgniter\Session\Handlers\FileHandler' driver.
INFO - 2023-08-19 16:04:04 --> Session: Class initialized using 'CodeIgniter\Session\Handlers\FileHandler' driver.
INFO - 2023-08-19 16:04:04 --> Session: Class initialized using 'CodeIgniter\Session\Handlers\FileHandler' driver.
INFO - 2023-08-19 16:04:19 --> Session: Class initialized using 'CodeIgniter\Session\Handlers\FileHandler' driver.
INFO - 2023-08-19 16:04:21 --> Session: Class initialized using 'CodeIgniter\Session\Handlers\FileHandler' driver.
INFO - 2023-08-19 16:05:14 --> Session: Class initialized using 'CodeIgniter\Session\Handlers\FileHandler' driver.
CRITICAL - 2023-08-19 16:05:14 --> Undefined array key 0
in APPPATH\Views\dashboard\s_waris\_waris.php on line 32.
 1 APPPATH\Views\dashboard\s_waris\_waris.php(32): CodeIgniter\Debug\Exceptions->errorHandler(2, 'Undefined array key 0', 'C:\\xampp\\htdocs\\web_manajemen_desa\\app\\Views\\dashboard\\s_waris\\_waris.php', 32)
 2 SYSTEMPATH\View\View.php(213): include('C:\\xampp\\htdocs\\web_manajemen_desa\\app\\Views\\dashboard\\s_waris\\_waris.php')
 3 SYSTEMPATH\View\View.php(216): CodeIgniter\View\View->CodeIgniter\View\{closure}()
 4 SYSTEMPATH\Common.php(1184): CodeIgniter\View\View->render('dashboard/s_waris/_waris', [], true)
 5 APPPATH\Controllers\SWarisController.php(39): view('dashboard/s_waris/_waris', [...])
 6 SYSTEMPATH\CodeIgniter.php(934): App\Controllers\SWarisController->show('SAW.20230819.040829.02216')
 7 SYSTEMPATH\CodeIgniter.php(499): CodeIgniter\CodeIgniter->runController(Object(App\Controllers\SWarisController))
 8 SYSTEMPATH\CodeIgniter.php(368): CodeIgniter\CodeIgniter->handleRequest(null, Object(Config\Cache), false)
 9 FCPATH\index.php(67): CodeIgniter\CodeIgniter->run()
10 SYSTEMPATH\Commands\Server\rewrite.php(47): require_once('C:\\xampp\\htdocs\\web_manajemen_desa\\public\\index.php')
INFO - 2023-08-19 16:05:16 --> Session: Class initialized using 'CodeIgniter\Session\Handlers\FileHandler' driver.
INFO - 2023-08-19 16:05:20 --> Session: Class initialized using 'CodeIgniter\Session\Handlers\FileHandler' driver.
INFO - 2023-08-19 16:05:20 --> Session: Class initialized using 'CodeIgniter\Session\Handlers\FileHandler' driver.
INFO - 2023-08-19 16:05:22 --> Session: Class initialized using 'CodeIgniter\Session\Handlers\FileHandler' driver.
INFO - 2023-08-19 16:06:17 --> Session: Class initialized using 'CodeIgniter\Session\Handlers\FileHandler' driver.
INFO - 2023-08-19 16:06:17 --> Session: Class initialized using 'CodeIgniter\Session\Handlers\FileHandler' driver.
INFO - 2023-08-19 16:06:31 --> Session: Class initialized using 'CodeIgniter\Session\Handlers\FileHandler' driver.
INFO - 2023-08-19 16:06:34 --> Session: Class initialized using 'CodeIgniter\Session\Handlers\FileHandler' driver.
INFO - 2023-08-19 16:06:40 --> Session: Class initialized using 'CodeIgniter\Session\Handlers\FileHandler' driver.
INFO - 2023-08-19 16:06:40 --> Session: Class initialized using 'CodeIgniter\Session\Handlers\FileHandler' driver.
INFO - 2023-08-19 16:06:44 --> Session: Class initialized using 'CodeIgniter\Session\Handlers\FileHandler' driver.
INFO - 2023-08-19 16:06:47 --> Session: Class initialized using 'CodeIgniter\Session\Handlers\FileHandler' driver.
