INFO - 2023-08-17 03:58:17 --> Session: Class initialized using 'CodeIgniter\Session\Handlers\FileHandler' driver.
WARNING - 2023-08-17 03:59:39 --> [DEPRECATED] explode(): Passing null to parameter #2 ($string) of type string is deprecated in APPPATH\Controllers\HomepageController.php on line 609.
 1 APPPATH\Controllers\HomepageController.php(609): explode(' ', null)
 2 SYSTEMPATH\CodeIgniter.php(934): App\Controllers\HomepageController->form_waris_proses()
 3 SYSTEMPATH\CodeIgniter.php(499): CodeIgniter\CodeIgniter->runController(Object(App\Controllers\HomepageController))
 4 SYSTEMPATH\CodeIgniter.php(368): CodeIgniter\CodeIgniter->handleRequest(null, Object(Config\Cache), false)
 5 FCPATH\index.php(67): CodeIgniter\CodeIgniter->run()
 6 SYSTEMPATH\Commands\Server\rewrite.php(47): require_once('C:\\xampp\\htdocs\\web_manajemen_desa\\public\\index.php')
CRITICAL - 2023-08-17 03:59:39 --> Call to a member function getClientExtension() on null
in APPPATH\Controllers\HomepageController.php on line 656.
 1 SYSTEMPATH\CodeIgniter.php(934): App\Controllers\HomepageController->form_waris_proses()
 2 SYSTEMPATH\CodeIgniter.php(499): CodeIgniter\CodeIgniter->runController(Object(App\Controllers\HomepageController))
 3 SYSTEMPATH\CodeIgniter.php(368): CodeIgniter\CodeIgniter->handleRequest(null, Object(Config\Cache), false)
 4 FCPATH\index.php(67): CodeIgniter\CodeIgniter->run()
 5 SYSTEMPATH\Commands\Server\rewrite.php(47): require_once('C:\\xampp\\htdocs\\web_manajemen_desa\\public\\index.php')
WARNING - 2023-08-17 04:00:00 --> [DEPRECATED] explode(): Passing null to parameter #2 ($string) of type string is deprecated in APPPATH\Controllers\HomepageController.php on line 609.
 1 APPPATH\Controllers\HomepageController.php(609): explode(' ', null)
 2 SYSTEMPATH\CodeIgniter.php(934): App\Controllers\HomepageController->form_waris_proses()
 3 SYSTEMPATH\CodeIgniter.php(499): CodeIgniter\CodeIgniter->runController(Object(App\Controllers\HomepageController))
 4 SYSTEMPATH\CodeIgniter.php(368): CodeIgniter\CodeIgniter->handleRequest(null, Object(Config\Cache), false)
 5 FCPATH\index.php(67): CodeIgniter\CodeIgniter->run()
 6 SYSTEMPATH\Commands\Server\rewrite.php(47): require_once('C:\\xampp\\htdocs\\web_manajemen_desa\\public\\index.php')
CRITICAL - 2023-08-17 04:00:00 --> Call to a member function getClientExtension() on null
in APPPATH\Controllers\HomepageController.php on line 656.
 1 SYSTEMPATH\CodeIgniter.php(934): App\Controllers\HomepageController->form_waris_proses()
 2 SYSTEMPATH\CodeIgniter.php(499): CodeIgniter\CodeIgniter->runController(Object(App\Controllers\HomepageController))
 3 SYSTEMPATH\CodeIgniter.php(368): CodeIgniter\CodeIgniter->handleRequest(null, Object(Config\Cache), false)
 4 FCPATH\index.php(67): CodeIgniter\CodeIgniter->run()
 5 SYSTEMPATH\Commands\Server\rewrite.php(47): require_once('C:\\xampp\\htdocs\\web_manajemen_desa\\public\\index.php')
CRITICAL - 2023-08-17 04:04:26 --> count(): Argument #1 ($value) must be of type Countable|array, string given
in APPPATH\Controllers\HomepageController.php on line 626.
 1 APPPATH\Controllers\HomepageController.php(626): count('')
 2 SYSTEMPATH\CodeIgniter.php(934): App\Controllers\HomepageController->form_waris_proses()
 3 SYSTEMPATH\CodeIgniter.php(499): CodeIgniter\CodeIgniter->runController(Object(App\Controllers\HomepageController))
 4 SYSTEMPATH\CodeIgniter.php(368): CodeIgniter\CodeIgniter->handleRequest(null, Object(Config\Cache), false)
 5 FCPATH\index.php(67): CodeIgniter\CodeIgniter->run()
 6 SYSTEMPATH\Commands\Server\rewrite.php(47): require_once('C:\\xampp\\htdocs\\web_manajemen_desa\\public\\index.php')
ERROR - 2023-08-17 04:05:08 --> mysqli_sql_exception: Cannot add or update a child row: a foreign key constraint fails (`db_desa_2022`.`tb_s_waris`, CONSTRAINT `tb_s_waris_nik_foreign` FOREIGN KEY (`nik`) REFERENCES `tb_warga` (`nik`)) in C:\xampp\htdocs\web_manajemen_desa\system\Database\MySQLi\Connection.php:295
Stack trace:
#0 C:\xampp\htdocs\web_manajemen_desa\system\Database\MySQLi\Connection.php(295): mysqli->query('INSERT INTO `tb...', 0)
#1 C:\xampp\htdocs\web_manajemen_desa\system\Database\BaseConnection.php(692): CodeIgniter\Database\MySQLi\Connection->execute('INSERT INTO `tb...')
#2 C:\xampp\htdocs\web_manajemen_desa\system\Database\BaseConnection.php(606): CodeIgniter\Database\BaseConnection->simpleQuery('INSERT INTO `tb...')
#3 C:\xampp\htdocs\web_manajemen_desa\system\Database\BaseBuilder.php(1801): CodeIgniter\Database\BaseConnection->query('INSERT INTO `tb...', NULL, false)
#4 C:\xampp\htdocs\web_manajemen_desa\system\Database\BaseBuilder.php(2192): CodeIgniter\Database\BaseBuilder->batchExecute('_insertBatch', 100)
#5 C:\xampp\htdocs\web_manajemen_desa\system\Model.php(364): CodeIgniter\Database\BaseBuilder->insertBatch(Array, NULL, 100)
#6 C:\xampp\htdocs\web_manajemen_desa\system\BaseModel.php(874): CodeIgniter\Model->doInsertBatch(Array, NULL, 100, false)
#7 C:\xampp\htdocs\web_manajemen_desa\app\Controllers\HomepageController.php(642): CodeIgniter\BaseModel->insertBatch(Array)
#8 C:\xampp\htdocs\web_manajemen_desa\system\CodeIgniter.php(934): App\Controllers\HomepageController->form_waris_proses()
#9 C:\xampp\htdocs\web_manajemen_desa\system\CodeIgniter.php(499): CodeIgniter\CodeIgniter->runController(Object(App\Controllers\HomepageController))
#10 C:\xampp\htdocs\web_manajemen_desa\system\CodeIgniter.php(368): CodeIgniter\CodeIgniter->handleRequest(NULL, Object(Config\Cache), false)
#11 C:\xampp\htdocs\web_manajemen_desa\public\index.php(67): CodeIgniter\CodeIgniter->run()
#12 C:\xampp\htdocs\web_manajemen_desa\system\Commands\Server\rewrite.php(47): require_once('C:\\xampp\\htdocs...')
#13 {main}
CRITICAL - 2023-08-17 04:05:08 --> Cannot add or update a child row: a foreign key constraint fails (`db_desa_2022`.`tb_s_waris`, CONSTRAINT `tb_s_waris_nik_foreign` FOREIGN KEY (`nik`) REFERENCES `tb_warga` (`nik`))
in SYSTEMPATH\Database\MySQLi\Connection.php on line 295.
 1 SYSTEMPATH\Database\MySQLi\Connection.php(295): mysqli->query('INSERT INTO `tb_s_waris` (`hubungan_keluarga`, `jenis_surat`, `keperluan`, `nama_ahli_waris`, `nik`, `nik_ahli_waris`, `pengambilan`, `status`, `tempat_lahir_ahli_waris`, `tgl_lahir_ahli_waris`)
VALUES (\'A\',\'Surat Ahli Waris\',\'Surat Keterangan Ahli Waris\',\'Sri\',\'3\',\'3\',\'k\',\'proses\',\'bojonegoro\',\'2023-08-02\')', 0)
 2 SYSTEMPATH\Database\BaseConnection.php(692): CodeIgniter\Database\MySQLi\Connection->execute('INSERT INTO `tb_s_waris` (`hubungan_keluarga`, `jenis_surat`, `keperluan`, `nama_ahli_waris`, `nik`, `nik_ahli_waris`, `pengambilan`, `status`, `tempat_lahir_ahli_waris`, `tgl_lahir_ahli_waris`)
VALUES (\'A\',\'Surat Ahli Waris\',\'Surat Keterangan Ahli Waris\',\'Sri\',\'3\',\'3\',\'k\',\'proses\',\'bojonegoro\',\'2023-08-02\')')
 3 SYSTEMPATH\Database\BaseConnection.php(606): CodeIgniter\Database\BaseConnection->simpleQuery('INSERT INTO `tb_s_waris` (`hubungan_keluarga`, `jenis_surat`, `keperluan`, `nama_ahli_waris`, `nik`, `nik_ahli_waris`, `pengambilan`, `status`, `tempat_lahir_ahli_waris`, `tgl_lahir_ahli_waris`)
VALUES (\'A\',\'Surat Ahli Waris\',\'Surat Keterangan Ahli Waris\',\'Sri\',\'3\',\'3\',\'k\',\'proses\',\'bojonegoro\',\'2023-08-02\')')
 4 SYSTEMPATH\Database\BaseBuilder.php(1801): CodeIgniter\Database\BaseConnection->query('INSERT INTO `tb_s_waris` (`hubungan_keluarga`, `jenis_surat`, `keperluan`, `nama_ahli_waris`, `nik`, `nik_ahli_waris`, `pengambilan`, `status`, `tempat_lahir_ahli_waris`, `tgl_lahir_ahli_waris`)
VALUES (\'A\',\'Surat Ahli Waris\',\'Surat Keterangan Ahli Waris\',\'Sri\',\'3\',\'3\',\'k\',\'proses\',\'bojonegoro\',\'2023-08-02\')', null, false)
 5 SYSTEMPATH\Database\BaseBuilder.php(2192): CodeIgniter\Database\BaseBuilder->batchExecute('_insertBatch', 100)
 6 SYSTEMPATH\Model.php(364): CodeIgniter\Database\BaseBuilder->insertBatch([...], null, 100)
 7 SYSTEMPATH\BaseModel.php(874): CodeIgniter\Model->doInsertBatch([...], null, 100, false)
 8 APPPATH\Controllers\HomepageController.php(642): CodeIgniter\BaseModel->insertBatch([...])
 9 SYSTEMPATH\CodeIgniter.php(934): App\Controllers\HomepageController->form_waris_proses()
10 SYSTEMPATH\CodeIgniter.php(499): CodeIgniter\CodeIgniter->runController(Object(App\Controllers\HomepageController))
11 SYSTEMPATH\CodeIgniter.php(368): CodeIgniter\CodeIgniter->handleRequest(null, Object(Config\Cache), false)
12 FCPATH\index.php(67): CodeIgniter\CodeIgniter->run()
13 SYSTEMPATH\Commands\Server\rewrite.php(47): require_once('C:\\xampp\\htdocs\\web_manajemen_desa\\public\\index.php')
ERROR - 2023-08-17 04:07:08 --> mysqli_sql_exception: Cannot add or update a child row: a foreign key constraint fails (`db_desa_2022`.`tb_s_waris`, CONSTRAINT `tb_s_waris_nik_foreign` FOREIGN KEY (`nik`) REFERENCES `tb_warga` (`nik`)) in C:\xampp\htdocs\web_manajemen_desa\system\Database\MySQLi\Connection.php:295
Stack trace:
#0 C:\xampp\htdocs\web_manajemen_desa\system\Database\MySQLi\Connection.php(295): mysqli->query('INSERT INTO `tb...', 0)
#1 C:\xampp\htdocs\web_manajemen_desa\system\Database\BaseConnection.php(692): CodeIgniter\Database\MySQLi\Connection->execute('INSERT INTO `tb...')
#2 C:\xampp\htdocs\web_manajemen_desa\system\Database\BaseConnection.php(606): CodeIgniter\Database\BaseConnection->simpleQuery('INSERT INTO `tb...')
#3 C:\xampp\htdocs\web_manajemen_desa\system\Database\BaseBuilder.php(1801): CodeIgniter\Database\BaseConnection->query('INSERT INTO `tb...', NULL, false)
#4 C:\xampp\htdocs\web_manajemen_desa\system\Database\BaseBuilder.php(2192): CodeIgniter\Database\BaseBuilder->batchExecute('_insertBatch', 100)
#5 C:\xampp\htdocs\web_manajemen_desa\system\Model.php(364): CodeIgniter\Database\BaseBuilder->insertBatch(Array, NULL, 100)
#6 C:\xampp\htdocs\web_manajemen_desa\system\BaseModel.php(874): CodeIgniter\Model->doInsertBatch(Array, NULL, 100, false)
#7 C:\xampp\htdocs\web_manajemen_desa\app\Controllers\HomepageController.php(642): CodeIgniter\BaseModel->insertBatch(Array)
#8 C:\xampp\htdocs\web_manajemen_desa\system\CodeIgniter.php(934): App\Controllers\HomepageController->form_waris_proses()
#9 C:\xampp\htdocs\web_manajemen_desa\system\CodeIgniter.php(499): CodeIgniter\CodeIgniter->runController(Object(App\Controllers\HomepageController))
#10 C:\xampp\htdocs\web_manajemen_desa\system\CodeIgniter.php(368): CodeIgniter\CodeIgniter->handleRequest(NULL, Object(Config\Cache), false)
#11 C:\xampp\htdocs\web_manajemen_desa\public\index.php(67): CodeIgniter\CodeIgniter->run()
#12 C:\xampp\htdocs\web_manajemen_desa\system\Commands\Server\rewrite.php(47): require_once('C:\\xampp\\htdocs...')
#13 {main}
CRITICAL - 2023-08-17 04:07:08 --> Cannot add or update a child row: a foreign key constraint fails (`db_desa_2022`.`tb_s_waris`, CONSTRAINT `tb_s_waris_nik_foreign` FOREIGN KEY (`nik`) REFERENCES `tb_warga` (`nik`))
in SYSTEMPATH\Database\MySQLi\Connection.php on line 295.
 1 SYSTEMPATH\Database\MySQLi\Connection.php(295): mysqli->query('INSERT INTO `tb_s_waris` (`hubungan_keluarga`, `jenis_surat`, `keperluan`, `nama_ahli_waris`, `nik`, `nik_ahli_waris`, `pengambilan`, `status`, `tempat_lahir_ahli_waris`, `tgl_lahir_ahli_waris`)
VALUES (\'A\',\'Surat Ahli Waris\',\'Surat Keterangan Ahli Waris\',\'Sri\',\'3\',\'3\',\'k\',\'proses\',\'bojonegoro\',\'2023-08-02\')', 0)
 2 SYSTEMPATH\Database\BaseConnection.php(692): CodeIgniter\Database\MySQLi\Connection->execute('INSERT INTO `tb_s_waris` (`hubungan_keluarga`, `jenis_surat`, `keperluan`, `nama_ahli_waris`, `nik`, `nik_ahli_waris`, `pengambilan`, `status`, `tempat_lahir_ahli_waris`, `tgl_lahir_ahli_waris`)
VALUES (\'A\',\'Surat Ahli Waris\',\'Surat Keterangan Ahli Waris\',\'Sri\',\'3\',\'3\',\'k\',\'proses\',\'bojonegoro\',\'2023-08-02\')')
 3 SYSTEMPATH\Database\BaseConnection.php(606): CodeIgniter\Database\BaseConnection->simpleQuery('INSERT INTO `tb_s_waris` (`hubungan_keluarga`, `jenis_surat`, `keperluan`, `nama_ahli_waris`, `nik`, `nik_ahli_waris`, `pengambilan`, `status`, `tempat_lahir_ahli_waris`, `tgl_lahir_ahli_waris`)
VALUES (\'A\',\'Surat Ahli Waris\',\'Surat Keterangan Ahli Waris\',\'Sri\',\'3\',\'3\',\'k\',\'proses\',\'bojonegoro\',\'2023-08-02\')')
 4 SYSTEMPATH\Database\BaseBuilder.php(1801): CodeIgniter\Database\BaseConnection->query('INSERT INTO `tb_s_waris` (`hubungan_keluarga`, `jenis_surat`, `keperluan`, `nama_ahli_waris`, `nik`, `nik_ahli_waris`, `pengambilan`, `status`, `tempat_lahir_ahli_waris`, `tgl_lahir_ahli_waris`)
VALUES (\'A\',\'Surat Ahli Waris\',\'Surat Keterangan Ahli Waris\',\'Sri\',\'3\',\'3\',\'k\',\'proses\',\'bojonegoro\',\'2023-08-02\')', null, false)
 5 SYSTEMPATH\Database\BaseBuilder.php(2192): CodeIgniter\Database\BaseBuilder->batchExecute('_insertBatch', 100)
 6 SYSTEMPATH\Model.php(364): CodeIgniter\Database\BaseBuilder->insertBatch([...], null, 100)
 7 SYSTEMPATH\BaseModel.php(874): CodeIgniter\Model->doInsertBatch([...], null, 100, false)
 8 APPPATH\Controllers\HomepageController.php(642): CodeIgniter\BaseModel->insertBatch([...])
 9 SYSTEMPATH\CodeIgniter.php(934): App\Controllers\HomepageController->form_waris_proses()
10 SYSTEMPATH\CodeIgniter.php(499): CodeIgniter\CodeIgniter->runController(Object(App\Controllers\HomepageController))
11 SYSTEMPATH\CodeIgniter.php(368): CodeIgniter\CodeIgniter->handleRequest(null, Object(Config\Cache), false)
12 FCPATH\index.php(67): CodeIgniter\CodeIgniter->run()
13 SYSTEMPATH\Commands\Server\rewrite.php(47): require_once('C:\\xampp\\htdocs\\web_manajemen_desa\\public\\index.php')
ERROR - 2023-08-17 04:07:38 --> mysqli_sql_exception: Cannot add or update a child row: a foreign key constraint fails (`db_desa_2022`.`tb_s_waris`, CONSTRAINT `tb_s_waris_nik_foreign` FOREIGN KEY (`nik`) REFERENCES `tb_warga` (`nik`)) in C:\xampp\htdocs\web_manajemen_desa\system\Database\MySQLi\Connection.php:295
Stack trace:
#0 C:\xampp\htdocs\web_manajemen_desa\system\Database\MySQLi\Connection.php(295): mysqli->query('INSERT INTO `tb...', 0)
#1 C:\xampp\htdocs\web_manajemen_desa\system\Database\BaseConnection.php(692): CodeIgniter\Database\MySQLi\Connection->execute('INSERT INTO `tb...')
#2 C:\xampp\htdocs\web_manajemen_desa\system\Database\BaseConnection.php(606): CodeIgniter\Database\BaseConnection->simpleQuery('INSERT INTO `tb...')
#3 C:\xampp\htdocs\web_manajemen_desa\system\Database\BaseBuilder.php(1801): CodeIgniter\Database\BaseConnection->query('INSERT INTO `tb...', NULL, false)
#4 C:\xampp\htdocs\web_manajemen_desa\system\Database\BaseBuilder.php(2192): CodeIgniter\Database\BaseBuilder->batchExecute('_insertBatch', 100)
#5 C:\xampp\htdocs\web_manajemen_desa\system\Model.php(364): CodeIgniter\Database\BaseBuilder->insertBatch(Array, NULL, 100)
#6 C:\xampp\htdocs\web_manajemen_desa\system\BaseModel.php(874): CodeIgniter\Model->doInsertBatch(Array, NULL, 100, false)
#7 C:\xampp\htdocs\web_manajemen_desa\app\Controllers\HomepageController.php(642): CodeIgniter\BaseModel->insertBatch(Array)
#8 C:\xampp\htdocs\web_manajemen_desa\system\CodeIgniter.php(934): App\Controllers\HomepageController->form_waris_proses()
#9 C:\xampp\htdocs\web_manajemen_desa\system\CodeIgniter.php(499): CodeIgniter\CodeIgniter->runController(Object(App\Controllers\HomepageController))
#10 C:\xampp\htdocs\web_manajemen_desa\system\CodeIgniter.php(368): CodeIgniter\CodeIgniter->handleRequest(NULL, Object(Config\Cache), false)
#11 C:\xampp\htdocs\web_manajemen_desa\public\index.php(67): CodeIgniter\CodeIgniter->run()
#12 C:\xampp\htdocs\web_manajemen_desa\system\Commands\Server\rewrite.php(47): require_once('C:\\xampp\\htdocs...')
#13 {main}
CRITICAL - 2023-08-17 04:07:38 --> Cannot add or update a child row: a foreign key constraint fails (`db_desa_2022`.`tb_s_waris`, CONSTRAINT `tb_s_waris_nik_foreign` FOREIGN KEY (`nik`) REFERENCES `tb_warga` (`nik`))
in SYSTEMPATH\Database\MySQLi\Connection.php on line 295.
 1 SYSTEMPATH\Database\MySQLi\Connection.php(295): mysqli->query('INSERT INTO `tb_s_waris` (`hubungan_keluarga`, `jenis_surat`, `keperluan`, `nama_ahli_waris`, `nik`, `nik_ahli_waris`, `pengambilan`, `status`, `tempat_lahir_ahli_waris`, `tgl_lahir_ahli_waris`)
VALUES (\'A\',\'Surat Ahli Waris\',\'Surat Keterangan Ahli Waris\',\'Sri\',\'3\',\'3\',\'k\',\'proses\',\'Gresik\',\'2023-08-15\')', 0)
 2 SYSTEMPATH\Database\BaseConnection.php(692): CodeIgniter\Database\MySQLi\Connection->execute('INSERT INTO `tb_s_waris` (`hubungan_keluarga`, `jenis_surat`, `keperluan`, `nama_ahli_waris`, `nik`, `nik_ahli_waris`, `pengambilan`, `status`, `tempat_lahir_ahli_waris`, `tgl_lahir_ahli_waris`)
VALUES (\'A\',\'Surat Ahli Waris\',\'Surat Keterangan Ahli Waris\',\'Sri\',\'3\',\'3\',\'k\',\'proses\',\'Gresik\',\'2023-08-15\')')
 3 SYSTEMPATH\Database\BaseConnection.php(606): CodeIgniter\Database\BaseConnection->simpleQuery('INSERT INTO `tb_s_waris` (`hubungan_keluarga`, `jenis_surat`, `keperluan`, `nama_ahli_waris`, `nik`, `nik_ahli_waris`, `pengambilan`, `status`, `tempat_lahir_ahli_waris`, `tgl_lahir_ahli_waris`)
VALUES (\'A\',\'Surat Ahli Waris\',\'Surat Keterangan Ahli Waris\',\'Sri\',\'3\',\'3\',\'k\',\'proses\',\'Gresik\',\'2023-08-15\')')
 4 SYSTEMPATH\Database\BaseBuilder.php(1801): CodeIgniter\Database\BaseConnection->query('INSERT INTO `tb_s_waris` (`hubungan_keluarga`, `jenis_surat`, `keperluan`, `nama_ahli_waris`, `nik`, `nik_ahli_waris`, `pengambilan`, `status`, `tempat_lahir_ahli_waris`, `tgl_lahir_ahli_waris`)
VALUES (\'A\',\'Surat Ahli Waris\',\'Surat Keterangan Ahli Waris\',\'Sri\',\'3\',\'3\',\'k\',\'proses\',\'Gresik\',\'2023-08-15\')', null, false)
 5 SYSTEMPATH\Database\BaseBuilder.php(2192): CodeIgniter\Database\BaseBuilder->batchExecute('_insertBatch', 100)
 6 SYSTEMPATH\Model.php(364): CodeIgniter\Database\BaseBuilder->insertBatch([...], null, 100)
 7 SYSTEMPATH\BaseModel.php(874): CodeIgniter\Model->doInsertBatch([...], null, 100, false)
 8 APPPATH\Controllers\HomepageController.php(642): CodeIgniter\BaseModel->insertBatch([...])
 9 SYSTEMPATH\CodeIgniter.php(934): App\Controllers\HomepageController->form_waris_proses()
10 SYSTEMPATH\CodeIgniter.php(499): CodeIgniter\CodeIgniter->runController(Object(App\Controllers\HomepageController))
11 SYSTEMPATH\CodeIgniter.php(368): CodeIgniter\CodeIgniter->handleRequest(null, Object(Config\Cache), false)
12 FCPATH\index.php(67): CodeIgniter\CodeIgniter->run()
13 SYSTEMPATH\Commands\Server\rewrite.php(47): require_once('C:\\xampp\\htdocs\\web_manajemen_desa\\public\\index.php')
CRITICAL - 2023-08-17 04:09:38 --> count(): Argument #1 ($value) must be of type Countable|array, string given
in APPPATH\Controllers\HomepageController.php on line 626.
 1 APPPATH\Controllers\HomepageController.php(626): count('Jokowi')
 2 SYSTEMPATH\CodeIgniter.php(934): App\Controllers\HomepageController->form_waris_proses()
 3 SYSTEMPATH\CodeIgniter.php(499): CodeIgniter\CodeIgniter->runController(Object(App\Controllers\HomepageController))
 4 SYSTEMPATH\CodeIgniter.php(368): CodeIgniter\CodeIgniter->handleRequest(null, Object(Config\Cache), false)
 5 FCPATH\index.php(67): CodeIgniter\CodeIgniter->run()
 6 SYSTEMPATH\Commands\Server\rewrite.php(47): require_once('C:\\xampp\\htdocs\\web_manajemen_desa\\public\\index.php')
ERROR - 2023-08-17 04:10:01 --> mysqli_sql_exception: Cannot add or update a child row: a foreign key constraint fails (`db_desa_2022`.`tb_s_waris`, CONSTRAINT `tb_s_waris_nik_foreign` FOREIGN KEY (`nik`) REFERENCES `tb_warga` (`nik`)) in C:\xampp\htdocs\web_manajemen_desa\system\Database\MySQLi\Connection.php:295
Stack trace:
#0 C:\xampp\htdocs\web_manajemen_desa\system\Database\MySQLi\Connection.php(295): mysqli->query('INSERT INTO `tb...', 0)
#1 C:\xampp\htdocs\web_manajemen_desa\system\Database\BaseConnection.php(692): CodeIgniter\Database\MySQLi\Connection->execute('INSERT INTO `tb...')
#2 C:\xampp\htdocs\web_manajemen_desa\system\Database\BaseConnection.php(606): CodeIgniter\Database\BaseConnection->simpleQuery('INSERT INTO `tb...')
#3 C:\xampp\htdocs\web_manajemen_desa\system\Database\BaseBuilder.php(1801): CodeIgniter\Database\BaseConnection->query('INSERT INTO `tb...', NULL, false)
#4 C:\xampp\htdocs\web_manajemen_desa\system\Database\BaseBuilder.php(2192): CodeIgniter\Database\BaseBuilder->batchExecute('_insertBatch', 100)
#5 C:\xampp\htdocs\web_manajemen_desa\system\Model.php(364): CodeIgniter\Database\BaseBuilder->insertBatch(Array, NULL, 100)
#6 C:\xampp\htdocs\web_manajemen_desa\system\BaseModel.php(874): CodeIgniter\Model->doInsertBatch(Array, NULL, 100, false)
#7 C:\xampp\htdocs\web_manajemen_desa\app\Controllers\HomepageController.php(642): CodeIgniter\BaseModel->insertBatch(Array)
#8 C:\xampp\htdocs\web_manajemen_desa\system\CodeIgniter.php(934): App\Controllers\HomepageController->form_waris_proses()
#9 C:\xampp\htdocs\web_manajemen_desa\system\CodeIgniter.php(499): CodeIgniter\CodeIgniter->runController(Object(App\Controllers\HomepageController))
#10 C:\xampp\htdocs\web_manajemen_desa\system\CodeIgniter.php(368): CodeIgniter\CodeIgniter->handleRequest(NULL, Object(Config\Cache), false)
#11 C:\xampp\htdocs\web_manajemen_desa\public\index.php(67): CodeIgniter\CodeIgniter->run()
#12 C:\xampp\htdocs\web_manajemen_desa\system\Commands\Server\rewrite.php(47): require_once('C:\\xampp\\htdocs...')
#13 {main}
CRITICAL - 2023-08-17 04:10:01 --> Cannot add or update a child row: a foreign key constraint fails (`db_desa_2022`.`tb_s_waris`, CONSTRAINT `tb_s_waris_nik_foreign` FOREIGN KEY (`nik`) REFERENCES `tb_warga` (`nik`))
in SYSTEMPATH\Database\MySQLi\Connection.php on line 295.
 1 SYSTEMPATH\Database\MySQLi\Connection.php(295): mysqli->query('INSERT INTO `tb_s_waris` (`hubungan_keluarga`, `jenis_surat`, `keperluan`, `nama_ahli_waris`, `nik`, `nik_ahli_waris`, `pengambilan`, `status`, `tempat_lahir_ahli_waris`, `tgl_lahir_ahli_waris`)
VALUES (\'A\',\'Surat Ahli Waris\',\'Surat Keterangan Ahli Waris\',\'dani\',\'3\',\'3\',\'k\',\'proses\',\'bojonegoro\',\'2023-08-16\')', 0)
 2 SYSTEMPATH\Database\BaseConnection.php(692): CodeIgniter\Database\MySQLi\Connection->execute('INSERT INTO `tb_s_waris` (`hubungan_keluarga`, `jenis_surat`, `keperluan`, `nama_ahli_waris`, `nik`, `nik_ahli_waris`, `pengambilan`, `status`, `tempat_lahir_ahli_waris`, `tgl_lahir_ahli_waris`)
VALUES (\'A\',\'Surat Ahli Waris\',\'Surat Keterangan Ahli Waris\',\'dani\',\'3\',\'3\',\'k\',\'proses\',\'bojonegoro\',\'2023-08-16\')')
 3 SYSTEMPATH\Database\BaseConnection.php(606): CodeIgniter\Database\BaseConnection->simpleQuery('INSERT INTO `tb_s_waris` (`hubungan_keluarga`, `jenis_surat`, `keperluan`, `nama_ahli_waris`, `nik`, `nik_ahli_waris`, `pengambilan`, `status`, `tempat_lahir_ahli_waris`, `tgl_lahir_ahli_waris`)
VALUES (\'A\',\'Surat Ahli Waris\',\'Surat Keterangan Ahli Waris\',\'dani\',\'3\',\'3\',\'k\',\'proses\',\'bojonegoro\',\'2023-08-16\')')
 4 SYSTEMPATH\Database\BaseBuilder.php(1801): CodeIgniter\Database\BaseConnection->query('INSERT INTO `tb_s_waris` (`hubungan_keluarga`, `jenis_surat`, `keperluan`, `nama_ahli_waris`, `nik`, `nik_ahli_waris`, `pengambilan`, `status`, `tempat_lahir_ahli_waris`, `tgl_lahir_ahli_waris`)
VALUES (\'A\',\'Surat Ahli Waris\',\'Surat Keterangan Ahli Waris\',\'dani\',\'3\',\'3\',\'k\',\'proses\',\'bojonegoro\',\'2023-08-16\')', null, false)
 5 SYSTEMPATH\Database\BaseBuilder.php(2192): CodeIgniter\Database\BaseBuilder->batchExecute('_insertBatch', 100)
 6 SYSTEMPATH\Model.php(364): CodeIgniter\Database\BaseBuilder->insertBatch([...], null, 100)
 7 SYSTEMPATH\BaseModel.php(874): CodeIgniter\Model->doInsertBatch([...], null, 100, false)
 8 APPPATH\Controllers\HomepageController.php(642): CodeIgniter\BaseModel->insertBatch([...])
 9 SYSTEMPATH\CodeIgniter.php(934): App\Controllers\HomepageController->form_waris_proses()
10 SYSTEMPATH\CodeIgniter.php(499): CodeIgniter\CodeIgniter->runController(Object(App\Controllers\HomepageController))
11 SYSTEMPATH\CodeIgniter.php(368): CodeIgniter\CodeIgniter->handleRequest(null, Object(Config\Cache), false)
12 FCPATH\index.php(67): CodeIgniter\CodeIgniter->run()
13 SYSTEMPATH\Commands\Server\rewrite.php(47): require_once('C:\\xampp\\htdocs\\web_manajemen_desa\\public\\index.php')
INFO - 2023-08-17 04:12:15 --> Session: Class initialized using 'CodeIgniter\Session\Handlers\FileHandler' driver.
INFO - 2023-08-17 04:13:34 --> Session: Class initialized using 'CodeIgniter\Session\Handlers\FileHandler' driver.
INFO - 2023-08-17 04:14:23 --> Session: Class initialized using 'CodeIgniter\Session\Handlers\FileHandler' driver.
INFO - 2023-08-17 04:17:05 --> Session: Class initialized using 'CodeIgniter\Session\Handlers\FileHandler' driver.
INFO - 2023-08-17 04:17:40 --> Session: Class initialized using 'CodeIgniter\Session\Handlers\FileHandler' driver.
INFO - 2023-08-17 04:18:37 --> Session: Class initialized using 'CodeIgniter\Session\Handlers\FileHandler' driver.
INFO - 2023-08-17 04:19:35 --> Session: Class initialized using 'CodeIgniter\Session\Handlers\FileHandler' driver.
INFO - 2023-08-17 04:24:01 --> Session: Class initialized using 'CodeIgniter\Session\Handlers\FileHandler' driver.
INFO - 2023-08-17 04:24:06 --> Session: Class initialized using 'CodeIgniter\Session\Handlers\FileHandler' driver.
INFO - 2023-08-17 04:24:07 --> Session: Class initialized using 'CodeIgniter\Session\Handlers\FileHandler' driver.
INFO - 2023-08-17 04:24:21 --> Session: Class initialized using 'CodeIgniter\Session\Handlers\FileHandler' driver.
INFO - 2023-08-17 04:24:22 --> Session: Class initialized using 'CodeIgniter\Session\Handlers\FileHandler' driver.
INFO - 2023-08-17 04:24:30 --> Session: Class initialized using 'CodeIgniter\Session\Handlers\FileHandler' driver.
INFO - 2023-08-17 04:25:59 --> Session: Class initialized using 'CodeIgniter\Session\Handlers\FileHandler' driver.
INFO - 2023-08-17 04:26:22 --> Session: Class initialized using 'CodeIgniter\Session\Handlers\FileHandler' driver.
INFO - 2023-08-17 04:26:39 --> Session: Class initialized using 'CodeIgniter\Session\Handlers\FileHandler' driver.
INFO - 2023-08-17 04:27:05 --> Session: Class initialized using 'CodeIgniter\Session\Handlers\FileHandler' driver.
INFO - 2023-08-17 04:33:17 --> Session: Class initialized using 'CodeIgniter\Session\Handlers\FileHandler' driver.
INFO - 2023-08-17 04:34:23 --> Session: Class initialized using 'CodeIgniter\Session\Handlers\FileHandler' driver.
INFO - 2023-08-17 04:34:33 --> Session: Class initialized using 'CodeIgniter\Session\Handlers\FileHandler' driver.
INFO - 2023-08-17 04:35:08 --> Session: Class initialized using 'CodeIgniter\Session\Handlers\FileHandler' driver.
INFO - 2023-08-17 04:35:16 --> Session: Class initialized using 'CodeIgniter\Session\Handlers\FileHandler' driver.
INFO - 2023-08-17 04:35:28 --> Session: Class initialized using 'CodeIgniter\Session\Handlers\FileHandler' driver.
INFO - 2023-08-17 04:35:42 --> Session: Class initialized using 'CodeIgniter\Session\Handlers\FileHandler' driver.
INFO - 2023-08-17 04:37:30 --> Session: Class initialized using 'CodeIgniter\Session\Handlers\FileHandler' driver.
INFO - 2023-08-17 04:38:01 --> Session: Class initialized using 'CodeIgniter\Session\Handlers\FileHandler' driver.
INFO - 2023-08-17 04:38:17 --> Session: Class initialized using 'CodeIgniter\Session\Handlers\FileHandler' driver.
INFO - 2023-08-17 04:38:23 --> Session: Class initialized using 'CodeIgniter\Session\Handlers\FileHandler' driver.
INFO - 2023-08-17 04:39:37 --> Session: Class initialized using 'CodeIgniter\Session\Handlers\FileHandler' driver.
INFO - 2023-08-17 04:40:36 --> Session: Class initialized using 'CodeIgniter\Session\Handlers\FileHandler' driver.
CRITICAL - 2023-08-17 04:40:36 --> Attempt to read property "ns_waris" on array
in APPPATH\Views\dashboard\s_waris\_waris.php on line 26.
 1 APPPATH\Views\dashboard\s_waris\_waris.php(26): CodeIgniter\Debug\Exceptions->errorHandler(2, 'Attempt to read property "ns_waris" on array', 'C:\\xampp\\htdocs\\web_manajemen_desa\\app\\Views\\dashboard\\s_waris\\_waris.php', 26)
 2 SYSTEMPATH\View\View.php(213): include('C:\\xampp\\htdocs\\web_manajemen_desa\\app\\Views\\dashboard\\s_waris\\_waris.php')
 3 SYSTEMPATH\View\View.php(216): CodeIgniter\View\View->CodeIgniter\View\{closure}()
 4 SYSTEMPATH\Common.php(1184): CodeIgniter\View\View->render('dashboard/s_waris/_waris', [], true)
 5 APPPATH\Controllers\SWarisController.php(39): view('dashboard/s_waris/_waris', [...])
 6 SYSTEMPATH\CodeIgniter.php(934): App\Controllers\SWarisController->show('2')
 7 SYSTEMPATH\CodeIgniter.php(499): CodeIgniter\CodeIgniter->runController(Object(App\Controllers\SWarisController))
 8 SYSTEMPATH\CodeIgniter.php(368): CodeIgniter\CodeIgniter->handleRequest(null, Object(Config\Cache), false)
 9 FCPATH\index.php(67): CodeIgniter\CodeIgniter->run()
10 SYSTEMPATH\Commands\Server\rewrite.php(47): require_once('C:\\xampp\\htdocs\\web_manajemen_desa\\public\\index.php')
INFO - 2023-08-17 04:42:13 --> Session: Class initialized using 'CodeIgniter\Session\Handlers\FileHandler' driver.
CRITICAL - 2023-08-17 04:42:13 --> Attempt to read property "ns_waris" on null
in APPPATH\Views\dashboard\s_waris\_waris.php on line 26.
 1 APPPATH\Views\dashboard\s_waris\_waris.php(26): CodeIgniter\Debug\Exceptions->errorHandler(2, 'Attempt to read property "ns_waris" on null', 'C:\\xampp\\htdocs\\web_manajemen_desa\\app\\Views\\dashboard\\s_waris\\_waris.php', 26)
 2 SYSTEMPATH\View\View.php(213): include('C:\\xampp\\htdocs\\web_manajemen_desa\\app\\Views\\dashboard\\s_waris\\_waris.php')
 3 SYSTEMPATH\View\View.php(216): CodeIgniter\View\View->CodeIgniter\View\{closure}()
 4 SYSTEMPATH\Common.php(1184): CodeIgniter\View\View->render('dashboard/s_waris/_waris', [], true)
 5 APPPATH\Controllers\SWarisController.php(39): view('dashboard/s_waris/_waris', [...])
 6 SYSTEMPATH\CodeIgniter.php(934): App\Controllers\SWarisController->show('2')
 7 SYSTEMPATH\CodeIgniter.php(499): CodeIgniter\CodeIgniter->runController(Object(App\Controllers\SWarisController))
 8 SYSTEMPATH\CodeIgniter.php(368): CodeIgniter\CodeIgniter->handleRequest(null, Object(Config\Cache), false)
 9 FCPATH\index.php(67): CodeIgniter\CodeIgniter->run()
10 SYSTEMPATH\Commands\Server\rewrite.php(47): require_once('C:\\xampp\\htdocs\\web_manajemen_desa\\public\\index.php')
INFO - 2023-08-17 04:42:41 --> Session: Class initialized using 'CodeIgniter\Session\Handlers\FileHandler' driver.
CRITICAL - 2023-08-17 04:42:41 --> Trying to access array offset on value of type null
in APPPATH\Views\dashboard\s_waris\_waris.php on line 26.
 1 APPPATH\Views\dashboard\s_waris\_waris.php(26): CodeIgniter\Debug\Exceptions->errorHandler(2, 'Trying to access array offset on value of type null', 'C:\\xampp\\htdocs\\web_manajemen_desa\\app\\Views\\dashboard\\s_waris\\_waris.php', 26)
 2 SYSTEMPATH\View\View.php(213): include('C:\\xampp\\htdocs\\web_manajemen_desa\\app\\Views\\dashboard\\s_waris\\_waris.php')
 3 SYSTEMPATH\View\View.php(216): CodeIgniter\View\View->CodeIgniter\View\{closure}()
 4 SYSTEMPATH\Common.php(1184): CodeIgniter\View\View->render('dashboard/s_waris/_waris', [], true)
 5 APPPATH\Controllers\SWarisController.php(39): view('dashboard/s_waris/_waris', [...])
 6 SYSTEMPATH\CodeIgniter.php(934): App\Controllers\SWarisController->show('2')
 7 SYSTEMPATH\CodeIgniter.php(499): CodeIgniter\CodeIgniter->runController(Object(App\Controllers\SWarisController))
 8 SYSTEMPATH\CodeIgniter.php(368): CodeIgniter\CodeIgniter->handleRequest(null, Object(Config\Cache), false)
 9 FCPATH\index.php(67): CodeIgniter\CodeIgniter->run()
10 SYSTEMPATH\Commands\Server\rewrite.php(47): require_once('C:\\xampp\\htdocs\\web_manajemen_desa\\public\\index.php')
INFO - 2023-08-17 04:42:55 --> Session: Class initialized using 'CodeIgniter\Session\Handlers\FileHandler' driver.
INFO - 2023-08-17 04:43:11 --> Session: Class initialized using 'CodeIgniter\Session\Handlers\FileHandler' driver.
INFO - 2023-08-17 04:43:16 --> Session: Class initialized using 'CodeIgniter\Session\Handlers\FileHandler' driver.
INFO - 2023-08-17 04:43:17 --> Session: Class initialized using 'CodeIgniter\Session\Handlers\FileHandler' driver.
INFO - 2023-08-17 04:43:18 --> Session: Class initialized using 'CodeIgniter\Session\Handlers\FileHandler' driver.
INFO - 2023-08-17 04:43:47 --> Session: Class initialized using 'CodeIgniter\Session\Handlers\FileHandler' driver.
INFO - 2023-08-17 04:43:49 --> Session: Class initialized using 'CodeIgniter\Session\Handlers\FileHandler' driver.
INFO - 2023-08-17 04:44:27 --> Session: Class initialized using 'CodeIgniter\Session\Handlers\FileHandler' driver.
INFO - 2023-08-17 04:44:29 --> Session: Class initialized using 'CodeIgniter\Session\Handlers\FileHandler' driver.
INFO - 2023-08-17 04:45:07 --> Session: Class initialized using 'CodeIgniter\Session\Handlers\FileHandler' driver.
INFO - 2023-08-17 04:45:09 --> Session: Class initialized using 'CodeIgniter\Session\Handlers\FileHandler' driver.
INFO - 2023-08-17 04:45:10 --> Session: Class initialized using 'CodeIgniter\Session\Handlers\FileHandler' driver.
INFO - 2023-08-17 04:45:12 --> Session: Class initialized using 'CodeIgniter\Session\Handlers\FileHandler' driver.
INFO - 2023-08-17 04:45:18 --> Session: Class initialized using 'CodeIgniter\Session\Handlers\FileHandler' driver.
INFO - 2023-08-17 04:45:19 --> Session: Class initialized using 'CodeIgniter\Session\Handlers\FileHandler' driver.
INFO - 2023-08-17 04:45:24 --> Session: Class initialized using 'CodeIgniter\Session\Handlers\FileHandler' driver.
INFO - 2023-08-17 04:46:02 --> Session: Class initialized using 'CodeIgniter\Session\Handlers\FileHandler' driver.
CRITICAL - 2023-08-17 04:46:02 --> Undefined array key "ns_surat"
in APPPATH\Views\dashboard\s_waris\v_s_waris.php on line 76.
 1 APPPATH\Views\dashboard\s_waris\v_s_waris.php(76): CodeIgniter\Debug\Exceptions->errorHandler(2, 'Undefined array key "ns_surat"', 'C:\\xampp\\htdocs\\web_manajemen_desa\\app\\Views\\dashboard\\s_waris\\v_s_waris.php', 76)
 2 SYSTEMPATH\View\View.php(213): include('C:\\xampp\\htdocs\\web_manajemen_desa\\app\\Views\\dashboard\\s_waris\\v_s_waris.php')
 3 SYSTEMPATH\View\View.php(216): CodeIgniter\View\View->CodeIgniter\View\{closure}()
 4 SYSTEMPATH\Common.php(1184): CodeIgniter\View\View->render('dashboard/s_waris/v_s_waris', [], true)
 5 APPPATH\Controllers\SWarisController.php(25): view('dashboard/s_waris/v_s_waris', [...])
 6 SYSTEMPATH\CodeIgniter.php(934): App\Controllers\SWarisController->index()
 7 SYSTEMPATH\CodeIgniter.php(499): CodeIgniter\CodeIgniter->runController(Object(App\Controllers\SWarisController))
 8 SYSTEMPATH\CodeIgniter.php(368): CodeIgniter\CodeIgniter->handleRequest(null, Object(Config\Cache), false)
 9 FCPATH\index.php(67): CodeIgniter\CodeIgniter->run()
10 SYSTEMPATH\Commands\Server\rewrite.php(47): require_once('C:\\xampp\\htdocs\\web_manajemen_desa\\public\\index.php')
INFO - 2023-08-17 04:46:07 --> Session: Class initialized using 'CodeIgniter\Session\Handlers\FileHandler' driver.
CRITICAL - 2023-08-17 04:46:07 --> Undefined array key "ns_surat"
in APPPATH\Views\dashboard\s_waris\v_s_waris.php on line 76.
 1 APPPATH\Views\dashboard\s_waris\v_s_waris.php(76): CodeIgniter\Debug\Exceptions->errorHandler(2, 'Undefined array key "ns_surat"', 'C:\\xampp\\htdocs\\web_manajemen_desa\\app\\Views\\dashboard\\s_waris\\v_s_waris.php', 76)
 2 SYSTEMPATH\View\View.php(213): include('C:\\xampp\\htdocs\\web_manajemen_desa\\app\\Views\\dashboard\\s_waris\\v_s_waris.php')
 3 SYSTEMPATH\View\View.php(216): CodeIgniter\View\View->CodeIgniter\View\{closure}()
 4 SYSTEMPATH\Common.php(1184): CodeIgniter\View\View->render('dashboard/s_waris/v_s_waris', [], true)
 5 APPPATH\Controllers\SWarisController.php(25): view('dashboard/s_waris/v_s_waris', [...])
 6 SYSTEMPATH\CodeIgniter.php(934): App\Controllers\SWarisController->index()
 7 SYSTEMPATH\CodeIgniter.php(499): CodeIgniter\CodeIgniter->runController(Object(App\Controllers\SWarisController))
 8 SYSTEMPATH\CodeIgniter.php(368): CodeIgniter\CodeIgniter->handleRequest(null, Object(Config\Cache), false)
 9 FCPATH\index.php(67): CodeIgniter\CodeIgniter->run()
10 SYSTEMPATH\Commands\Server\rewrite.php(47): require_once('C:\\xampp\\htdocs\\web_manajemen_desa\\public\\index.php')
INFO - 2023-08-17 04:46:31 --> Session: Class initialized using 'CodeIgniter\Session\Handlers\FileHandler' driver.
INFO - 2023-08-17 04:46:33 --> Session: Class initialized using 'CodeIgniter\Session\Handlers\FileHandler' driver.
INFO - 2023-08-17 04:46:43 --> Session: Class initialized using 'CodeIgniter\Session\Handlers\FileHandler' driver.
INFO - 2023-08-17 04:46:44 --> Session: Class initialized using 'CodeIgniter\Session\Handlers\FileHandler' driver.
INFO - 2023-08-17 04:47:58 --> Session: Class initialized using 'CodeIgniter\Session\Handlers\FileHandler' driver.
INFO - 2023-08-17 04:48:00 --> Session: Class initialized using 'CodeIgniter\Session\Handlers\FileHandler' driver.
INFO - 2023-08-17 04:48:01 --> Session: Class initialized using 'CodeIgniter\Session\Handlers\FileHandler' driver.
INFO - 2023-08-17 04:48:30 --> Session: Class initialized using 'CodeIgniter\Session\Handlers\FileHandler' driver.
INFO - 2023-08-17 04:48:53 --> Session: Class initialized using 'CodeIgniter\Session\Handlers\FileHandler' driver.
INFO - 2023-08-17 04:49:55 --> Session: Class initialized using 'CodeIgniter\Session\Handlers\FileHandler' driver.
CRITICAL - 2023-08-17 04:49:55 --> Attempt to read property "nik" on array
in APPPATH\Views\dashboard\s_waris\_waris.php on line 34.
 1 APPPATH\Views\dashboard\s_waris\_waris.php(34): CodeIgniter\Debug\Exceptions->errorHandler(2, 'Attempt to read property "nik" on array', 'C:\\xampp\\htdocs\\web_manajemen_desa\\app\\Views\\dashboard\\s_waris\\_waris.php', 34)
 2 SYSTEMPATH\View\View.php(213): include('C:\\xampp\\htdocs\\web_manajemen_desa\\app\\Views\\dashboard\\s_waris\\_waris.php')
 3 SYSTEMPATH\View\View.php(216): CodeIgniter\View\View->CodeIgniter\View\{closure}()
 4 SYSTEMPATH\Common.php(1184): CodeIgniter\View\View->render('dashboard/s_waris/_waris', [], true)
 5 APPPATH\Controllers\SWarisController.php(39): view('dashboard/s_waris/_waris', [...])
 6 SYSTEMPATH\CodeIgniter.php(934): App\Controllers\SWarisController->show('SAW.2023', '08', '17', '04.08.40.5712826')
 7 SYSTEMPATH\CodeIgniter.php(499): CodeIgniter\CodeIgniter->runController(Object(App\Controllers\SWarisController))
 8 SYSTEMPATH\CodeIgniter.php(368): CodeIgniter\CodeIgniter->handleRequest(null, Object(Config\Cache), false)
 9 FCPATH\index.php(67): CodeIgniter\CodeIgniter->run()
10 SYSTEMPATH\Commands\Server\rewrite.php(47): require_once('C:\\xampp\\htdocs\\web_manajemen_desa\\public\\index.php')
INFO - 2023-08-17 04:50:03 --> Session: Class initialized using 'CodeIgniter\Session\Handlers\FileHandler' driver.
INFO - 2023-08-17 04:50:21 --> Session: Class initialized using 'CodeIgniter\Session\Handlers\FileHandler' driver.
INFO - 2023-08-17 04:50:43 --> Session: Class initialized using 'CodeIgniter\Session\Handlers\FileHandler' driver.
INFO - 2023-08-17 04:50:44 --> Session: Class initialized using 'CodeIgniter\Session\Handlers\FileHandler' driver.
INFO - 2023-08-17 04:50:46 --> Session: Class initialized using 'CodeIgniter\Session\Handlers\FileHandler' driver.
INFO - 2023-08-17 04:51:51 --> Session: Class initialized using 'CodeIgniter\Session\Handlers\FileHandler' driver.
INFO - 2023-08-17 04:52:04 --> Session: Class initialized using 'CodeIgniter\Session\Handlers\FileHandler' driver.
CRITICAL - 2023-08-17 04:52:04 --> Call to undefined method CodeIgniter\Database\MySQLi\Result::getAll()
in APPPATH\Controllers\SWarisController.php on line 36.
 1 SYSTEMPATH\CodeIgniter.php(934): App\Controllers\SWarisController->show('SAW.2023.08.17.04.08.40.5712826')
 2 SYSTEMPATH\CodeIgniter.php(499): CodeIgniter\CodeIgniter->runController(Object(App\Controllers\SWarisController))
 3 SYSTEMPATH\CodeIgniter.php(368): CodeIgniter\CodeIgniter->handleRequest(null, Object(Config\Cache), false)
 4 FCPATH\index.php(67): CodeIgniter\CodeIgniter->run()
 5 SYSTEMPATH\Commands\Server\rewrite.php(47): require_once('C:\\xampp\\htdocs\\web_manajemen_desa\\public\\index.php')
INFO - 2023-08-17 04:52:42 --> Session: Class initialized using 'CodeIgniter\Session\Handlers\FileHandler' driver.
INFO - 2023-08-17 04:53:10 --> Session: Class initialized using 'CodeIgniter\Session\Handlers\FileHandler' driver.
INFO - 2023-08-17 04:53:25 --> Session: Class initialized using 'CodeIgniter\Session\Handlers\FileHandler' driver.
CRITICAL - 2023-08-17 04:53:25 --> Undefined array key "ns_waris"
in APPPATH\Views\dashboard\s_waris\_waris.php on line 26.
 1 APPPATH\Views\dashboard\s_waris\_waris.php(26): CodeIgniter\Debug\Exceptions->errorHandler(2, 'Undefined array key "ns_waris"', 'C:\\xampp\\htdocs\\web_manajemen_desa\\app\\Views\\dashboard\\s_waris\\_waris.php', 26)
 2 SYSTEMPATH\View\View.php(213): include('C:\\xampp\\htdocs\\web_manajemen_desa\\app\\Views\\dashboard\\s_waris\\_waris.php')
 3 SYSTEMPATH\View\View.php(216): CodeIgniter\View\View->CodeIgniter\View\{closure}()
 4 SYSTEMPATH\Common.php(1184): CodeIgniter\View\View->render('dashboard/s_waris/_waris', [], true)
 5 APPPATH\Controllers\SWarisController.php(39): view('dashboard/s_waris/_waris', [...])
 6 SYSTEMPATH\CodeIgniter.php(934): App\Controllers\SWarisController->show('SAW.2023.08.17.04.08.40.5712826')
 7 SYSTEMPATH\CodeIgniter.php(499): CodeIgniter\CodeIgniter->runController(Object(App\Controllers\SWarisController))
 8 SYSTEMPATH\CodeIgniter.php(368): CodeIgniter\CodeIgniter->handleRequest(null, Object(Config\Cache), false)
 9 FCPATH\index.php(67): CodeIgniter\CodeIgniter->run()
10 SYSTEMPATH\Commands\Server\rewrite.php(47): require_once('C:\\xampp\\htdocs\\web_manajemen_desa\\public\\index.php')
INFO - 2023-08-17 04:53:47 --> Session: Class initialized using 'CodeIgniter\Session\Handlers\FileHandler' driver.
CRITICAL - 2023-08-17 04:53:47 --> Attempt to read property "ns_waris" on array
in APPPATH\Views\dashboard\s_waris\_waris.php on line 26.
 1 APPPATH\Views\dashboard\s_waris\_waris.php(26): CodeIgniter\Debug\Exceptions->errorHandler(2, 'Attempt to read property "ns_waris" on array', 'C:\\xampp\\htdocs\\web_manajemen_desa\\app\\Views\\dashboard\\s_waris\\_waris.php', 26)
 2 SYSTEMPATH\View\View.php(213): include('C:\\xampp\\htdocs\\web_manajemen_desa\\app\\Views\\dashboard\\s_waris\\_waris.php')
 3 SYSTEMPATH\View\View.php(216): CodeIgniter\View\View->CodeIgniter\View\{closure}()
 4 SYSTEMPATH\Common.php(1184): CodeIgniter\View\View->render('dashboard/s_waris/_waris', [], true)
 5 APPPATH\Controllers\SWarisController.php(39): view('dashboard/s_waris/_waris', [...])
 6 SYSTEMPATH\CodeIgniter.php(934): App\Controllers\SWarisController->show('SAW.2023.08.17.04.08.40.5712826')
 7 SYSTEMPATH\CodeIgniter.php(499): CodeIgniter\CodeIgniter->runController(Object(App\Controllers\SWarisController))
 8 SYSTEMPATH\CodeIgniter.php(368): CodeIgniter\CodeIgniter->handleRequest(null, Object(Config\Cache), false)
 9 FCPATH\index.php(67): CodeIgniter\CodeIgniter->run()
10 SYSTEMPATH\Commands\Server\rewrite.php(47): require_once('C:\\xampp\\htdocs\\web_manajemen_desa\\public\\index.php')
INFO - 2023-08-17 04:55:10 --> Session: Class initialized using 'CodeIgniter\Session\Handlers\FileHandler' driver.
CRITICAL - 2023-08-17 04:55:10 --> Undefined variable $_waris
in APPPATH\Views\dashboard\s_waris\_waris.php on line 20.
 1 APPPATH\Views\dashboard\s_waris\_waris.php(20): CodeIgniter\Debug\Exceptions->errorHandler(2, 'Undefined variable $_waris', 'C:\\xampp\\htdocs\\web_manajemen_desa\\app\\Views\\dashboard\\s_waris\\_waris.php', 20)
 2 SYSTEMPATH\View\View.php(213): include('C:\\xampp\\htdocs\\web_manajemen_desa\\app\\Views\\dashboard\\s_waris\\_waris.php')
 3 SYSTEMPATH\View\View.php(216): CodeIgniter\View\View->CodeIgniter\View\{closure}()
 4 SYSTEMPATH\Common.php(1184): CodeIgniter\View\View->render('dashboard/s_waris/_waris', [], true)
 5 APPPATH\Controllers\SWarisController.php(39): view('dashboard/s_waris/_waris', [...])
 6 SYSTEMPATH\CodeIgniter.php(934): App\Controllers\SWarisController->show('SAW.2023.08.17.04.08.40.5712826')
 7 SYSTEMPATH\CodeIgniter.php(499): CodeIgniter\CodeIgniter->runController(Object(App\Controllers\SWarisController))
 8 SYSTEMPATH\CodeIgniter.php(368): CodeIgniter\CodeIgniter->handleRequest(null, Object(Config\Cache), false)
 9 FCPATH\index.php(67): CodeIgniter\CodeIgniter->run()
10 SYSTEMPATH\Commands\Server\rewrite.php(47): require_once('C:\\xampp\\htdocs\\web_manajemen_desa\\public\\index.php')
INFO - 2023-08-17 04:55:25 --> Session: Class initialized using 'CodeIgniter\Session\Handlers\FileHandler' driver.
CRITICAL - 2023-08-17 04:55:25 --> Cannot use object of type stdClass as array
in APPPATH\Views\dashboard\s_waris\_waris.php on line 23.
 1 SYSTEMPATH\View\View.php(213): include()
 2 SYSTEMPATH\View\View.php(216): CodeIgniter\View\View->CodeIgniter\View\{closure}()
 3 SYSTEMPATH\Common.php(1184): CodeIgniter\View\View->render('dashboard/s_waris/_waris', [], true)
 4 APPPATH\Controllers\SWarisController.php(39): view('dashboard/s_waris/_waris', [...])
 5 SYSTEMPATH\CodeIgniter.php(934): App\Controllers\SWarisController->show('SAW.2023.08.17.04.08.40.5712826')
 6 SYSTEMPATH\CodeIgniter.php(499): CodeIgniter\CodeIgniter->runController(Object(App\Controllers\SWarisController))
 7 SYSTEMPATH\CodeIgniter.php(368): CodeIgniter\CodeIgniter->handleRequest(null, Object(Config\Cache), false)
 8 FCPATH\index.php(67): CodeIgniter\CodeIgniter->run()
 9 SYSTEMPATH\Commands\Server\rewrite.php(47): require_once('C:\\xampp\\htdocs\\web_manajemen_desa\\public\\index.php')
INFO - 2023-08-17 04:55:34 --> Session: Class initialized using 'CodeIgniter\Session\Handlers\FileHandler' driver.
INFO - 2023-08-17 04:56:01 --> Session: Class initialized using 'CodeIgniter\Session\Handlers\FileHandler' driver.
CRITICAL - 2023-08-17 04:56:01 --> Attempt to read property "ns_waris" on array
in APPPATH\Views\dashboard\s_waris\_waris.php on line 28.
 1 APPPATH\Views\dashboard\s_waris\_waris.php(28): CodeIgniter\Debug\Exceptions->errorHandler(2, 'Attempt to read property "ns_waris" on array', 'C:\\xampp\\htdocs\\web_manajemen_desa\\app\\Views\\dashboard\\s_waris\\_waris.php', 28)
 2 SYSTEMPATH\View\View.php(213): include('C:\\xampp\\htdocs\\web_manajemen_desa\\app\\Views\\dashboard\\s_waris\\_waris.php')
 3 SYSTEMPATH\View\View.php(216): CodeIgniter\View\View->CodeIgniter\View\{closure}()
 4 SYSTEMPATH\Common.php(1184): CodeIgniter\View\View->render('dashboard/s_waris/_waris', [], true)
 5 APPPATH\Controllers\SWarisController.php(39): view('dashboard/s_waris/_waris', [...])
 6 SYSTEMPATH\CodeIgniter.php(934): App\Controllers\SWarisController->show('SAW.2023.08.17.04.08.40.5712826')
 7 SYSTEMPATH\CodeIgniter.php(499): CodeIgniter\CodeIgniter->runController(Object(App\Controllers\SWarisController))
 8 SYSTEMPATH\CodeIgniter.php(368): CodeIgniter\CodeIgniter->handleRequest(null, Object(Config\Cache), false)
 9 FCPATH\index.php(67): CodeIgniter\CodeIgniter->run()
10 SYSTEMPATH\Commands\Server\rewrite.php(47): require_once('C:\\xampp\\htdocs\\web_manajemen_desa\\public\\index.php')
INFO - 2023-08-17 04:56:32 --> Session: Class initialized using 'CodeIgniter\Session\Handlers\FileHandler' driver.
CRITICAL - 2023-08-17 04:56:32 --> Undefined variable $values
in APPPATH\Views\dashboard\s_waris\_waris.php on line 28.
 1 APPPATH\Views\dashboard\s_waris\_waris.php(28): CodeIgniter\Debug\Exceptions->errorHandler(2, 'Undefined variable $values', 'C:\\xampp\\htdocs\\web_manajemen_desa\\app\\Views\\dashboard\\s_waris\\_waris.php', 28)
 2 SYSTEMPATH\View\View.php(213): include('C:\\xampp\\htdocs\\web_manajemen_desa\\app\\Views\\dashboard\\s_waris\\_waris.php')
 3 SYSTEMPATH\View\View.php(216): CodeIgniter\View\View->CodeIgniter\View\{closure}()
 4 SYSTEMPATH\Common.php(1184): CodeIgniter\View\View->render('dashboard/s_waris/_waris', [], true)
 5 APPPATH\Controllers\SWarisController.php(39): view('dashboard/s_waris/_waris', [...])
 6 SYSTEMPATH\CodeIgniter.php(934): App\Controllers\SWarisController->show('SAW.2023.08.17.04.08.40.5712826')
 7 SYSTEMPATH\CodeIgniter.php(499): CodeIgniter\CodeIgniter->runController(Object(App\Controllers\SWarisController))
 8 SYSTEMPATH\CodeIgniter.php(368): CodeIgniter\CodeIgniter->handleRequest(null, Object(Config\Cache), false)
 9 FCPATH\index.php(67): CodeIgniter\CodeIgniter->run()
10 SYSTEMPATH\Commands\Server\rewrite.php(47): require_once('C:\\xampp\\htdocs\\web_manajemen_desa\\public\\index.php')
INFO - 2023-08-17 04:56:41 --> Session: Class initialized using 'CodeIgniter\Session\Handlers\FileHandler' driver.
INFO - 2023-08-17 04:57:39 --> Session: Class initialized using 'CodeIgniter\Session\Handlers\FileHandler' driver.
INFO - 2023-08-17 04:57:53 --> Session: Class initialized using 'CodeIgniter\Session\Handlers\FileHandler' driver.
INFO - 2023-08-17 04:59:01 --> Session: Class initialized using 'CodeIgniter\Session\Handlers\FileHandler' driver.
CRITICAL - 2023-08-17 04:59:01 --> Undefined variable $values
in APPPATH\Views\dashboard\s_waris\_waris.php on line 114.
 1 APPPATH\Views\dashboard\s_waris\_waris.php(114): CodeIgniter\Debug\Exceptions->errorHandler(2, 'Undefined variable $values', 'C:\\xampp\\htdocs\\web_manajemen_desa\\app\\Views\\dashboard\\s_waris\\_waris.php', 114)
 2 SYSTEMPATH\View\View.php(213): include('C:\\xampp\\htdocs\\web_manajemen_desa\\app\\Views\\dashboard\\s_waris\\_waris.php')
 3 SYSTEMPATH\View\View.php(216): CodeIgniter\View\View->CodeIgniter\View\{closure}()
 4 SYSTEMPATH\Common.php(1184): CodeIgniter\View\View->render('dashboard/s_waris/_waris', [], true)
 5 APPPATH\Controllers\SWarisController.php(39): view('dashboard/s_waris/_waris', [...])
 6 SYSTEMPATH\CodeIgniter.php(934): App\Controllers\SWarisController->show('SAW.2023.08.17.04.08.40.5712826')
 7 SYSTEMPATH\CodeIgniter.php(499): CodeIgniter\CodeIgniter->runController(Object(App\Controllers\SWarisController))
 8 SYSTEMPATH\CodeIgniter.php(368): CodeIgniter\CodeIgniter->handleRequest(null, Object(Config\Cache), false)
 9 FCPATH\index.php(67): CodeIgniter\CodeIgniter->run()
10 SYSTEMPATH\Commands\Server\rewrite.php(47): require_once('C:\\xampp\\htdocs\\web_manajemen_desa\\public\\index.php')
INFO - 2023-08-17 04:59:21 --> Session: Class initialized using 'CodeIgniter\Session\Handlers\FileHandler' driver.
INFO - 2023-08-17 05:00:12 --> Session: Class initialized using 'CodeIgniter\Session\Handlers\FileHandler' driver.
INFO - 2023-08-17 05:00:25 --> Session: Class initialized using 'CodeIgniter\Session\Handlers\FileHandler' driver.
INFO - 2023-08-17 05:01:03 --> Session: Class initialized using 'CodeIgniter\Session\Handlers\FileHandler' driver.
INFO - 2023-08-17 05:01:10 --> Session: Class initialized using 'CodeIgniter\Session\Handlers\FileHandler' driver.
INFO - 2023-08-17 05:01:11 --> Session: Class initialized using 'CodeIgniter\Session\Handlers\FileHandler' driver.
INFO - 2023-08-17 05:02:33 --> Session: Class initialized using 'CodeIgniter\Session\Handlers\FileHandler' driver.
INFO - 2023-08-17 05:04:45 --> Session: Class initialized using 'CodeIgniter\Session\Handlers\FileHandler' driver.
INFO - 2023-08-17 05:04:45 --> Session: Class initialized using 'CodeIgniter\Session\Handlers\FileHandler' driver.
INFO - 2023-08-17 05:04:47 --> Session: Class initialized using 'CodeIgniter\Session\Handlers\FileHandler' driver.
INFO - 2023-08-17 05:07:26 --> Session: Class initialized using 'CodeIgniter\Session\Handlers\FileHandler' driver.
INFO - 2023-08-17 05:07:38 --> Session: Class initialized using 'CodeIgniter\Session\Handlers\FileHandler' driver.
INFO - 2023-08-17 05:07:38 --> Session: Class initialized using 'CodeIgniter\Session\Handlers\FileHandler' driver.
INFO - 2023-08-17 05:07:48 --> Session: Class initialized using 'CodeIgniter\Session\Handlers\FileHandler' driver.
INFO - 2023-08-17 05:07:48 --> Session: Class initialized using 'CodeIgniter\Session\Handlers\FileHandler' driver.
INFO - 2023-08-17 05:07:53 --> Session: Class initialized using 'CodeIgniter\Session\Handlers\FileHandler' driver.
INFO - 2023-08-17 05:08:01 --> Session: Class initialized using 'CodeIgniter\Session\Handlers\FileHandler' driver.
INFO - 2023-08-17 05:09:28 --> Session: Class initialized using 'CodeIgniter\Session\Handlers\FileHandler' driver.
INFO - 2023-08-17 05:09:32 --> Session: Class initialized using 'CodeIgniter\Session\Handlers\FileHandler' driver.
INFO - 2023-08-17 05:09:44 --> Session: Class initialized using 'CodeIgniter\Session\Handlers\FileHandler' driver.
INFO - 2023-08-17 05:09:50 --> Session: Class initialized using 'CodeIgniter\Session\Handlers\FileHandler' driver.
INFO - 2023-08-17 05:09:51 --> Session: Class initialized using 'CodeIgniter\Session\Handlers\FileHandler' driver.
INFO - 2023-08-17 05:10:55 --> Session: Class initialized using 'CodeIgniter\Session\Handlers\FileHandler' driver.
INFO - 2023-08-17 05:11:20 --> Session: Class initialized using 'CodeIgniter\Session\Handlers\FileHandler' driver.
INFO - 2023-08-17 05:12:48 --> Session: Class initialized using 'CodeIgniter\Session\Handlers\FileHandler' driver.
INFO - 2023-08-17 05:13:59 --> Session: Class initialized using 'CodeIgniter\Session\Handlers\FileHandler' driver.
CRITICAL - 2023-08-17 05:13:59 --> Call to a member function countAllResults() on null
in APPPATH\Controllers\DashboardController.php on line 46.
 1 SYSTEMPATH\CodeIgniter.php(934): App\Controllers\DashboardController->index()
 2 SYSTEMPATH\CodeIgniter.php(499): CodeIgniter\CodeIgniter->runController(Object(App\Controllers\DashboardController))
 3 SYSTEMPATH\CodeIgniter.php(368): CodeIgniter\CodeIgniter->handleRequest(null, Object(Config\Cache), false)
 4 FCPATH\index.php(67): CodeIgniter\CodeIgniter->run()
 5 SYSTEMPATH\Commands\Server\rewrite.php(47): require_once('C:\\xampp\\htdocs\\web_manajemen_desa\\public\\index.php')
INFO - 2023-08-17 05:14:14 --> Session: Class initialized using 'CodeIgniter\Session\Handlers\FileHandler' driver.
CRITICAL - 2023-08-17 05:14:14 --> Call to undefined method CodeIgniter\Database\MySQLi\Result::countAllResults()
in APPPATH\Controllers\DashboardController.php on line 46.
 1 SYSTEMPATH\CodeIgniter.php(934): App\Controllers\DashboardController->index()
 2 SYSTEMPATH\CodeIgniter.php(499): CodeIgniter\CodeIgniter->runController(Object(App\Controllers\DashboardController))
 3 SYSTEMPATH\CodeIgniter.php(368): CodeIgniter\CodeIgniter->handleRequest(null, Object(Config\Cache), false)
 4 FCPATH\index.php(67): CodeIgniter\CodeIgniter->run()
 5 SYSTEMPATH\Commands\Server\rewrite.php(47): require_once('C:\\xampp\\htdocs\\web_manajemen_desa\\public\\index.php')
INFO - 2023-08-17 05:14:19 --> Session: Class initialized using 'CodeIgniter\Session\Handlers\FileHandler' driver.
INFO - 2023-08-17 05:15:10 --> Session: Class initialized using 'CodeIgniter\Session\Handlers\FileHandler' driver.
CRITICAL - 2023-08-17 05:15:10 --> Call to a member function countAll() on null
in APPPATH\Controllers\DashboardController.php on line 46.
 1 SYSTEMPATH\CodeIgniter.php(934): App\Controllers\DashboardController->index()
 2 SYSTEMPATH\CodeIgniter.php(499): CodeIgniter\CodeIgniter->runController(Object(App\Controllers\DashboardController))
 3 SYSTEMPATH\CodeIgniter.php(368): CodeIgniter\CodeIgniter->handleRequest(null, Object(Config\Cache), false)
 4 FCPATH\index.php(67): CodeIgniter\CodeIgniter->run()
 5 SYSTEMPATH\Commands\Server\rewrite.php(47): require_once('C:\\xampp\\htdocs\\web_manajemen_desa\\public\\index.php')
INFO - 2023-08-17 05:18:00 --> Session: Class initialized using 'CodeIgniter\Session\Handlers\FileHandler' driver.
CRITICAL - 2023-08-17 05:18:00 --> Object of class CodeIgniter\Database\MySQLi\Result could not be converted to string
in APPPATH\Views\dashboard\index.php on line 117.
 1 SYSTEMPATH\View\View.php(213): include()
 2 SYSTEMPATH\View\View.php(216): CodeIgniter\View\View->CodeIgniter\View\{closure}()
 3 SYSTEMPATH\Common.php(1184): CodeIgniter\View\View->render('dashboard/index', [], true)
 4 APPPATH\Controllers\DashboardController.php(49): view('dashboard/index', [...])
 5 SYSTEMPATH\CodeIgniter.php(934): App\Controllers\DashboardController->index()
 6 SYSTEMPATH\CodeIgniter.php(499): CodeIgniter\CodeIgniter->runController(Object(App\Controllers\DashboardController))
 7 SYSTEMPATH\CodeIgniter.php(368): CodeIgniter\CodeIgniter->handleRequest(null, Object(Config\Cache), false)
 8 FCPATH\index.php(67): CodeIgniter\CodeIgniter->run()
 9 SYSTEMPATH\Commands\Server\rewrite.php(47): require_once('C:\\xampp\\htdocs\\web_manajemen_desa\\public\\index.php')
INFO - 2023-08-17 05:18:25 --> Session: Class initialized using 'CodeIgniter\Session\Handlers\FileHandler' driver.
INFO - 2023-08-17 05:19:11 --> Session: Class initialized using 'CodeIgniter\Session\Handlers\FileHandler' driver.
INFO - 2023-08-17 05:19:27 --> Session: Class initialized using 'CodeIgniter\Session\Handlers\FileHandler' driver.
CRITICAL - 2023-08-17 05:19:27 --> Array to string conversion
in APPPATH\Views\dashboard\index.php on line 117.
 1 APPPATH\Views\dashboard\index.php(117): CodeIgniter\Debug\Exceptions->errorHandler(2, 'Array to string conversion', 'C:\\xampp\\htdocs\\web_manajemen_desa\\app\\Views\\dashboard\\index.php', 117)
 2 SYSTEMPATH\View\View.php(213): include('C:\\xampp\\htdocs\\web_manajemen_desa\\app\\Views\\dashboard\\index.php')
 3 SYSTEMPATH\View\View.php(216): CodeIgniter\View\View->CodeIgniter\View\{closure}()
 4 SYSTEMPATH\Common.php(1184): CodeIgniter\View\View->render('dashboard/index', [], true)
 5 APPPATH\Controllers\DashboardController.php(50): view('dashboard/index', [...])
 6 SYSTEMPATH\CodeIgniter.php(934): App\Controllers\DashboardController->index()
 7 SYSTEMPATH\CodeIgniter.php(499): CodeIgniter\CodeIgniter->runController(Object(App\Controllers\DashboardController))
 8 SYSTEMPATH\CodeIgniter.php(368): CodeIgniter\CodeIgniter->handleRequest(null, Object(Config\Cache), false)
 9 FCPATH\index.php(67): CodeIgniter\CodeIgniter->run()
10 SYSTEMPATH\Commands\Server\rewrite.php(47): require_once('C:\\xampp\\htdocs\\web_manajemen_desa\\public\\index.php')
INFO - 2023-08-17 05:19:41 --> Session: Class initialized using 'CodeIgniter\Session\Handlers\FileHandler' driver.
CRITICAL - 2023-08-17 05:19:41 --> Array to string conversion
in APPPATH\Views\dashboard\index.php on line 117.
 1 APPPATH\Views\dashboard\index.php(117): CodeIgniter\Debug\Exceptions->errorHandler(2, 'Array to string conversion', 'C:\\xampp\\htdocs\\web_manajemen_desa\\app\\Views\\dashboard\\index.php', 117)
 2 SYSTEMPATH\View\View.php(213): include('C:\\xampp\\htdocs\\web_manajemen_desa\\app\\Views\\dashboard\\index.php')
 3 SYSTEMPATH\View\View.php(216): CodeIgniter\View\View->CodeIgniter\View\{closure}()
 4 SYSTEMPATH\Common.php(1184): CodeIgniter\View\View->render('dashboard/index', [], true)
 5 APPPATH\Controllers\DashboardController.php(50): view('dashboard/index', [...])
 6 SYSTEMPATH\CodeIgniter.php(934): App\Controllers\DashboardController->index()
 7 SYSTEMPATH\CodeIgniter.php(499): CodeIgniter\CodeIgniter->runController(Object(App\Controllers\DashboardController))
 8 SYSTEMPATH\CodeIgniter.php(368): CodeIgniter\CodeIgniter->handleRequest(null, Object(Config\Cache), false)
 9 FCPATH\index.php(67): CodeIgniter\CodeIgniter->run()
10 SYSTEMPATH\Commands\Server\rewrite.php(47): require_once('C:\\xampp\\htdocs\\web_manajemen_desa\\public\\index.php')
INFO - 2023-08-17 05:20:00 --> Session: Class initialized using 'CodeIgniter\Session\Handlers\FileHandler' driver.
CRITICAL - 2023-08-17 05:20:00 --> Object of class stdClass could not be converted to string
in APPPATH\Views\dashboard\index.php on line 117.
 1 SYSTEMPATH\View\View.php(213): include()
 2 SYSTEMPATH\View\View.php(216): CodeIgniter\View\View->CodeIgniter\View\{closure}()
 3 SYSTEMPATH\Common.php(1184): CodeIgniter\View\View->render('dashboard/index', [], true)
 4 APPPATH\Controllers\DashboardController.php(50): view('dashboard/index', [...])
 5 SYSTEMPATH\CodeIgniter.php(934): App\Controllers\DashboardController->index()
 6 SYSTEMPATH\CodeIgniter.php(499): CodeIgniter\CodeIgniter->runController(Object(App\Controllers\DashboardController))
 7 SYSTEMPATH\CodeIgniter.php(368): CodeIgniter\CodeIgniter->handleRequest(null, Object(Config\Cache), false)
 8 FCPATH\index.php(67): CodeIgniter\CodeIgniter->run()
 9 SYSTEMPATH\Commands\Server\rewrite.php(47): require_once('C:\\xampp\\htdocs\\web_manajemen_desa\\public\\index.php')
INFO - 2023-08-17 05:20:53 --> Session: Class initialized using 'CodeIgniter\Session\Handlers\FileHandler' driver.
INFO - 2023-08-17 05:21:02 --> Session: Class initialized using 'CodeIgniter\Session\Handlers\FileHandler' driver.
INFO - 2023-08-17 05:21:05 --> Session: Class initialized using 'CodeIgniter\Session\Handlers\FileHandler' driver.
INFO - 2023-08-17 05:22:48 --> Session: Class initialized using 'CodeIgniter\Session\Handlers\FileHandler' driver.
INFO - 2023-08-17 05:23:11 --> Session: Class initialized using 'CodeIgniter\Session\Handlers\FileHandler' driver.
INFO - 2023-08-17 05:23:13 --> Session: Class initialized using 'CodeIgniter\Session\Handlers\FileHandler' driver.
INFO - 2023-08-17 05:23:44 --> Session: Class initialized using 'CodeIgniter\Session\Handlers\FileHandler' driver.
CRITICAL - 2023-08-17 05:23:44 --> Object of class CodeIgniter\Database\MySQLi\Builder could not be converted to string
in APPPATH\Views\dashboard\index.php on line 117.
 1 SYSTEMPATH\View\View.php(213): include()
 2 SYSTEMPATH\View\View.php(216): CodeIgniter\View\View->CodeIgniter\View\{closure}()
 3 SYSTEMPATH\Common.php(1184): CodeIgniter\View\View->render('dashboard/index', [], true)
 4 APPPATH\Controllers\DashboardController.php(51): view('dashboard/index', [...])
 5 SYSTEMPATH\CodeIgniter.php(934): App\Controllers\DashboardController->index()
 6 SYSTEMPATH\CodeIgniter.php(499): CodeIgniter\CodeIgniter->runController(Object(App\Controllers\DashboardController))
 7 SYSTEMPATH\CodeIgniter.php(368): CodeIgniter\CodeIgniter->handleRequest(null, Object(Config\Cache), false)
 8 FCPATH\index.php(67): CodeIgniter\CodeIgniter->run()
 9 SYSTEMPATH\Commands\Server\rewrite.php(47): require_once('C:\\xampp\\htdocs\\web_manajemen_desa\\public\\index.php')
INFO - 2023-08-17 05:23:51 --> Session: Class initialized using 'CodeIgniter\Session\Handlers\FileHandler' driver.
INFO - 2023-08-17 05:24:58 --> Session: Class initialized using 'CodeIgniter\Session\Handlers\FileHandler' driver.
INFO - 2023-08-17 05:25:47 --> Session: Class initialized using 'CodeIgniter\Session\Handlers\FileHandler' driver.
INFO - 2023-08-17 05:25:59 --> Session: Class initialized using 'CodeIgniter\Session\Handlers\FileHandler' driver.
CRITICAL - 2023-08-17 05:25:59 --> Array to string conversion
in APPPATH\Views\dashboard\index.php on line 117.
 1 APPPATH\Views\dashboard\index.php(117): CodeIgniter\Debug\Exceptions->errorHandler(2, 'Array to string conversion', 'C:\\xampp\\htdocs\\web_manajemen_desa\\app\\Views\\dashboard\\index.php', 117)
 2 SYSTEMPATH\View\View.php(213): include('C:\\xampp\\htdocs\\web_manajemen_desa\\app\\Views\\dashboard\\index.php')
 3 SYSTEMPATH\View\View.php(216): CodeIgniter\View\View->CodeIgniter\View\{closure}()
 4 SYSTEMPATH\Common.php(1184): CodeIgniter\View\View->render('dashboard/index', [], true)
 5 APPPATH\Controllers\DashboardController.php(51): view('dashboard/index', [...])
 6 SYSTEMPATH\CodeIgniter.php(934): App\Controllers\DashboardController->index()
 7 SYSTEMPATH\CodeIgniter.php(499): CodeIgniter\CodeIgniter->runController(Object(App\Controllers\DashboardController))
 8 SYSTEMPATH\CodeIgniter.php(368): CodeIgniter\CodeIgniter->handleRequest(null, Object(Config\Cache), false)
 9 FCPATH\index.php(67): CodeIgniter\CodeIgniter->run()
10 SYSTEMPATH\Commands\Server\rewrite.php(47): require_once('C:\\xampp\\htdocs\\web_manajemen_desa\\public\\index.php')
INFO - 2023-08-17 05:26:25 --> Session: Class initialized using 'CodeIgniter\Session\Handlers\FileHandler' driver.
CRITICAL - 2023-08-17 05:26:25 --> Array to string conversion
in APPPATH\Views\dashboard\index.php on line 117.
 1 APPPATH\Views\dashboard\index.php(117): CodeIgniter\Debug\Exceptions->errorHandler(2, 'Array to string conversion', 'C:\\xampp\\htdocs\\web_manajemen_desa\\app\\Views\\dashboard\\index.php', 117)
 2 SYSTEMPATH\View\View.php(213): include('C:\\xampp\\htdocs\\web_manajemen_desa\\app\\Views\\dashboard\\index.php')
 3 SYSTEMPATH\View\View.php(216): CodeIgniter\View\View->CodeIgniter\View\{closure}()
 4 SYSTEMPATH\Common.php(1184): CodeIgniter\View\View->render('dashboard/index', [], true)
 5 APPPATH\Controllers\DashboardController.php(51): view('dashboard/index', [...])
 6 SYSTEMPATH\CodeIgniter.php(934): App\Controllers\DashboardController->index()
 7 SYSTEMPATH\CodeIgniter.php(499): CodeIgniter\CodeIgniter->runController(Object(App\Controllers\DashboardController))
 8 SYSTEMPATH\CodeIgniter.php(368): CodeIgniter\CodeIgniter->handleRequest(null, Object(Config\Cache), false)
 9 FCPATH\index.php(67): CodeIgniter\CodeIgniter->run()
10 SYSTEMPATH\Commands\Server\rewrite.php(47): require_once('C:\\xampp\\htdocs\\web_manajemen_desa\\public\\index.php')
INFO - 2023-08-17 05:27:30 --> Session: Class initialized using 'CodeIgniter\Session\Handlers\FileHandler' driver.
CRITICAL - 2023-08-17 05:27:30 --> Call to a member function countAllResults() on array
in APPPATH\Models\SWarisModel.php on line 59.
 1 APPPATH\Controllers\DashboardController.php(47): App\Models\SWarisModel->getDataCount()
 2 SYSTEMPATH\CodeIgniter.php(934): App\Controllers\DashboardController->index()
 3 SYSTEMPATH\CodeIgniter.php(499): CodeIgniter\CodeIgniter->runController(Object(App\Controllers\DashboardController))
 4 SYSTEMPATH\CodeIgniter.php(368): CodeIgniter\CodeIgniter->handleRequest(null, Object(Config\Cache), false)
 5 FCPATH\index.php(67): CodeIgniter\CodeIgniter->run()
 6 SYSTEMPATH\Commands\Server\rewrite.php(47): require_once('C:\\xampp\\htdocs\\web_manajemen_desa\\public\\index.php')
INFO - 2023-08-17 05:27:55 --> Session: Class initialized using 'CodeIgniter\Session\Handlers\FileHandler' driver.
CRITICAL - 2023-08-17 05:27:55 --> Call to undefined method CodeIgniter\Database\MySQLi\Result::countAllResults()
in APPPATH\Models\SWarisModel.php on line 59.
 1 APPPATH\Controllers\DashboardController.php(47): App\Models\SWarisModel->getDataCount()
 2 SYSTEMPATH\CodeIgniter.php(934): App\Controllers\DashboardController->index()
 3 SYSTEMPATH\CodeIgniter.php(499): CodeIgniter\CodeIgniter->runController(Object(App\Controllers\DashboardController))
 4 SYSTEMPATH\CodeIgniter.php(368): CodeIgniter\CodeIgniter->handleRequest(null, Object(Config\Cache), false)
 5 FCPATH\index.php(67): CodeIgniter\CodeIgniter->run()
 6 SYSTEMPATH\Commands\Server\rewrite.php(47): require_once('C:\\xampp\\htdocs\\web_manajemen_desa\\public\\index.php')
INFO - 2023-08-17 05:33:42 --> Session: Class initialized using 'CodeIgniter\Session\Handlers\FileHandler' driver.
CRITICAL - 2023-08-17 05:33:42 --> Array to string conversion
in APPPATH\Views\dashboard\index.php on line 117.
 1 APPPATH\Views\dashboard\index.php(117): CodeIgniter\Debug\Exceptions->errorHandler(2, 'Array to string conversion', 'C:\\xampp\\htdocs\\web_manajemen_desa\\app\\Views\\dashboard\\index.php', 117)
 2 SYSTEMPATH\View\View.php(213): include('C:\\xampp\\htdocs\\web_manajemen_desa\\app\\Views\\dashboard\\index.php')
 3 SYSTEMPATH\View\View.php(216): CodeIgniter\View\View->CodeIgniter\View\{closure}()
 4 SYSTEMPATH\Common.php(1184): CodeIgniter\View\View->render('dashboard/index', [], true)
 5 APPPATH\Controllers\DashboardController.php(51): view('dashboard/index', [...])
 6 SYSTEMPATH\CodeIgniter.php(934): App\Controllers\DashboardController->index()
 7 SYSTEMPATH\CodeIgniter.php(499): CodeIgniter\CodeIgniter->runController(Object(App\Controllers\DashboardController))
 8 SYSTEMPATH\CodeIgniter.php(368): CodeIgniter\CodeIgniter->handleRequest(null, Object(Config\Cache), false)
 9 FCPATH\index.php(67): CodeIgniter\CodeIgniter->run()
10 SYSTEMPATH\Commands\Server\rewrite.php(47): require_once('C:\\xampp\\htdocs\\web_manajemen_desa\\public\\index.php')
INFO - 2023-08-17 05:33:53 --> Session: Class initialized using 'CodeIgniter\Session\Handlers\FileHandler' driver.
INFO - 2023-08-17 05:34:51 --> Session: Class initialized using 'CodeIgniter\Session\Handlers\FileHandler' driver.
INFO - 2023-08-17 05:35:20 --> Session: Class initialized using 'CodeIgniter\Session\Handlers\FileHandler' driver.
INFO - 2023-08-17 05:38:00 --> Session: Class initialized using 'CodeIgniter\Session\Handlers\FileHandler' driver.
INFO - 2023-08-17 05:38:12 --> Session: Class initialized using 'CodeIgniter\Session\Handlers\FileHandler' driver.
INFO - 2023-08-17 05:38:23 --> Session: Class initialized using 'CodeIgniter\Session\Handlers\FileHandler' driver.
INFO - 2023-08-17 05:38:23 --> Session: Class initialized using 'CodeIgniter\Session\Handlers\FileHandler' driver.
INFO - 2023-08-17 05:38:26 --> Session: Class initialized using 'CodeIgniter\Session\Handlers\FileHandler' driver.
INFO - 2023-08-17 05:39:15 --> Session: Class initialized using 'CodeIgniter\Session\Handlers\FileHandler' driver.
INFO - 2023-08-17 05:40:16 --> Session: Class initialized using 'CodeIgniter\Session\Handlers\FileHandler' driver.
INFO - 2023-08-17 05:42:24 --> Session: Class initialized using 'CodeIgniter\Session\Handlers\FileHandler' driver.
INFO - 2023-08-17 05:42:41 --> Session: Class initialized using 'CodeIgniter\Session\Handlers\FileHandler' driver.
INFO - 2023-08-17 05:42:46 --> Session: Class initialized using 'CodeIgniter\Session\Handlers\FileHandler' driver.
INFO - 2023-08-17 05:42:53 --> Session: Class initialized using 'CodeIgniter\Session\Handlers\FileHandler' driver.
INFO - 2023-08-17 05:45:02 --> Session: Class initialized using 'CodeIgniter\Session\Handlers\FileHandler' driver.
INFO - 2023-08-17 05:45:04 --> Session: Class initialized using 'CodeIgniter\Session\Handlers\FileHandler' driver.
CRITICAL - 2023-08-17 05:45:04 --> Undefined array key 0
in APPPATH\Views\dashboard\s_waris\_waris.php on line 27.
 1 APPPATH\Views\dashboard\s_waris\_waris.php(27): CodeIgniter\Debug\Exceptions->errorHandler(2, 'Undefined array key 0', 'C:\\xampp\\htdocs\\web_manajemen_desa\\app\\Views\\dashboard\\s_waris\\_waris.php', 27)
 2 SYSTEMPATH\View\View.php(213): include('C:\\xampp\\htdocs\\web_manajemen_desa\\app\\Views\\dashboard\\s_waris\\_waris.php')
 3 SYSTEMPATH\View\View.php(216): CodeIgniter\View\View->CodeIgniter\View\{closure}()
 4 SYSTEMPATH\Common.php(1184): CodeIgniter\View\View->render('dashboard/s_waris/_waris', [], true)
 5 APPPATH\Controllers\SWarisController.php(39): view('dashboard/s_waris/_waris', [...])
 6 SYSTEMPATH\CodeIgniter.php(934): App\Controllers\SWarisController->show('SAW.2023', '08', '17', '05.08.15.2153117')
 7 SYSTEMPATH\CodeIgniter.php(499): CodeIgniter\CodeIgniter->runController(Object(App\Controllers\SWarisController))
 8 SYSTEMPATH\CodeIgniter.php(368): CodeIgniter\CodeIgniter->handleRequest(null, Object(Config\Cache), false)
 9 FCPATH\index.php(67): CodeIgniter\CodeIgniter->run()
10 SYSTEMPATH\Commands\Server\rewrite.php(47): require_once('C:\\xampp\\htdocs\\web_manajemen_desa\\public\\index.php')
INFO - 2023-08-17 05:45:22 --> Session: Class initialized using 'CodeIgniter\Session\Handlers\FileHandler' driver.
INFO - 2023-08-17 05:45:25 --> Session: Class initialized using 'CodeIgniter\Session\Handlers\FileHandler' driver.
INFO - 2023-08-17 05:45:28 --> Session: Class initialized using 'CodeIgniter\Session\Handlers\FileHandler' driver.
INFO - 2023-08-17 05:45:30 --> Session: Class initialized using 'CodeIgniter\Session\Handlers\FileHandler' driver.
INFO - 2023-08-17 05:45:31 --> Session: Class initialized using 'CodeIgniter\Session\Handlers\FileHandler' driver.
INFO - 2023-08-17 05:45:32 --> Session: Class initialized using 'CodeIgniter\Session\Handlers\FileHandler' driver.
INFO - 2023-08-17 05:45:39 --> Session: Class initialized using 'CodeIgniter\Session\Handlers\FileHandler' driver.
INFO - 2023-08-17 05:46:44 --> Session: Class initialized using 'CodeIgniter\Session\Handlers\FileHandler' driver.
INFO - 2023-08-17 05:48:18 --> Session: Class initialized using 'CodeIgniter\Session\Handlers\FileHandler' driver.
INFO - 2023-08-17 05:48:51 --> Session: Class initialized using 'CodeIgniter\Session\Handlers\FileHandler' driver.
INFO - 2023-08-17 05:50:08 --> Session: Class initialized using 'CodeIgniter\Session\Handlers\FileHandler' driver.
INFO - 2023-08-17 05:50:24 --> Session: Class initialized using 'CodeIgniter\Session\Handlers\FileHandler' driver.
INFO - 2023-08-17 05:50:31 --> Session: Class initialized using 'CodeIgniter\Session\Handlers\FileHandler' driver.
INFO - 2023-08-17 05:51:10 --> Session: Class initialized using 'CodeIgniter\Session\Handlers\FileHandler' driver.
INFO - 2023-08-17 05:51:14 --> Session: Class initialized using 'CodeIgniter\Session\Handlers\FileHandler' driver.
INFO - 2023-08-17 05:53:53 --> Session: Class initialized using 'CodeIgniter\Session\Handlers\FileHandler' driver.
INFO - 2023-08-17 05:54:15 --> Session: Class initialized using 'CodeIgniter\Session\Handlers\FileHandler' driver.
INFO - 2023-08-17 05:54:21 --> Session: Class initialized using 'CodeIgniter\Session\Handlers\FileHandler' driver.
INFO - 2023-08-17 05:54:26 --> Session: Class initialized using 'CodeIgniter\Session\Handlers\FileHandler' driver.
INFO - 2023-08-17 05:54:35 --> Session: Class initialized using 'CodeIgniter\Session\Handlers\FileHandler' driver.
INFO - 2023-08-17 05:54:38 --> Session: Class initialized using 'CodeIgniter\Session\Handlers\FileHandler' driver.
INFO - 2023-08-17 05:54:39 --> Session: Class initialized using 'CodeIgniter\Session\Handlers\FileHandler' driver.
INFO - 2023-08-17 05:54:43 --> Session: Class initialized using 'CodeIgniter\Session\Handlers\FileHandler' driver.
INFO - 2023-08-17 06:07:26 --> Session: Class initialized using 'CodeIgniter\Session\Handlers\FileHandler' driver.
INFO - 2023-08-17 07:29:39 --> Session: Class initialized using 'CodeIgniter\Session\Handlers\FileHandler' driver.
INFO - 2023-08-17 07:29:43 --> Session: Class initialized using 'CodeIgniter\Session\Handlers\FileHandler' driver.
INFO - 2023-08-17 07:32:00 --> Session: Class initialized using 'CodeIgniter\Session\Handlers\FileHandler' driver.
INFO - 2023-08-17 07:32:02 --> Session: Class initialized using 'CodeIgniter\Session\Handlers\FileHandler' driver.
INFO - 2023-08-17 07:32:04 --> Session: Class initialized using 'CodeIgniter\Session\Handlers\FileHandler' driver.
INFO - 2023-08-17 07:32:06 --> Session: Class initialized using 'CodeIgniter\Session\Handlers\FileHandler' driver.
INFO - 2023-08-17 07:32:09 --> Session: Class initialized using 'CodeIgniter\Session\Handlers\FileHandler' driver.
INFO - 2023-08-17 07:32:11 --> Session: Class initialized using 'CodeIgniter\Session\Handlers\FileHandler' driver.
INFO - 2023-08-17 07:32:20 --> Session: Class initialized using 'CodeIgniter\Session\Handlers\FileHandler' driver.
INFO - 2023-08-17 07:32:22 --> Session: Class initialized using 'CodeIgniter\Session\Handlers\FileHandler' driver.
INFO - 2023-08-17 07:33:22 --> Session: Class initialized using 'CodeIgniter\Session\Handlers\FileHandler' driver.
INFO - 2023-08-17 07:33:30 --> Session: Class initialized using 'CodeIgniter\Session\Handlers\FileHandler' driver.
INFO - 2023-08-17 07:33:41 --> Session: Class initialized using 'CodeIgniter\Session\Handlers\FileHandler' driver.
INFO - 2023-08-17 07:34:01 --> Session: Class initialized using 'CodeIgniter\Session\Handlers\FileHandler' driver.
INFO - 2023-08-17 07:34:14 --> Session: Class initialized using 'CodeIgniter\Session\Handlers\FileHandler' driver.
INFO - 2023-08-17 07:34:32 --> Session: Class initialized using 'CodeIgniter\Session\Handlers\FileHandler' driver.
INFO - 2023-08-17 07:34:43 --> Session: Class initialized using 'CodeIgniter\Session\Handlers\FileHandler' driver.
INFO - 2023-08-17 07:34:53 --> Session: Class initialized using 'CodeIgniter\Session\Handlers\FileHandler' driver.
INFO - 2023-08-17 07:34:59 --> Session: Class initialized using 'CodeIgniter\Session\Handlers\FileHandler' driver.
INFO - 2023-08-17 07:35:49 --> Session: Class initialized using 'CodeIgniter\Session\Handlers\FileHandler' driver.
INFO - 2023-08-17 07:35:52 --> Session: Class initialized using 'CodeIgniter\Session\Handlers\FileHandler' driver.
INFO - 2023-08-17 07:36:51 --> Session: Class initialized using 'CodeIgniter\Session\Handlers\FileHandler' driver.
INFO - 2023-08-17 07:36:54 --> Session: Class initialized using 'CodeIgniter\Session\Handlers\FileHandler' driver.
INFO - 2023-08-17 07:36:57 --> Session: Class initialized using 'CodeIgniter\Session\Handlers\FileHandler' driver.
INFO - 2023-08-17 07:37:30 --> Session: Class initialized using 'CodeIgniter\Session\Handlers\FileHandler' driver.
INFO - 2023-08-17 07:37:33 --> Session: Class initialized using 'CodeIgniter\Session\Handlers\FileHandler' driver.
INFO - 2023-08-17 07:38:04 --> Session: Class initialized using 'CodeIgniter\Session\Handlers\FileHandler' driver.
INFO - 2023-08-17 07:38:07 --> Session: Class initialized using 'CodeIgniter\Session\Handlers\FileHandler' driver.
INFO - 2023-08-17 07:38:17 --> Session: Class initialized using 'CodeIgniter\Session\Handlers\FileHandler' driver.
INFO - 2023-08-17 07:38:21 --> Session: Class initialized using 'CodeIgniter\Session\Handlers\FileHandler' driver.
INFO - 2023-08-17 07:38:22 --> Session: Class initialized using 'CodeIgniter\Session\Handlers\FileHandler' driver.
INFO - 2023-08-17 07:38:24 --> Session: Class initialized using 'CodeIgniter\Session\Handlers\FileHandler' driver.
INFO - 2023-08-17 07:38:26 --> Session: Class initialized using 'CodeIgniter\Session\Handlers\FileHandler' driver.
INFO - 2023-08-17 07:38:28 --> Session: Class initialized using 'CodeIgniter\Session\Handlers\FileHandler' driver.
INFO - 2023-08-17 07:38:30 --> Session: Class initialized using 'CodeIgniter\Session\Handlers\FileHandler' driver.
INFO - 2023-08-17 07:39:18 --> Session: Class initialized using 'CodeIgniter\Session\Handlers\FileHandler' driver.
INFO - 2023-08-17 07:39:21 --> Session: Class initialized using 'CodeIgniter\Session\Handlers\FileHandler' driver.
INFO - 2023-08-17 07:39:23 --> Session: Class initialized using 'CodeIgniter\Session\Handlers\FileHandler' driver.
INFO - 2023-08-17 07:39:27 --> Session: Class initialized using 'CodeIgniter\Session\Handlers\FileHandler' driver.
INFO - 2023-08-17 07:39:31 --> Session: Class initialized using 'CodeIgniter\Session\Handlers\FileHandler' driver.
INFO - 2023-08-17 07:39:34 --> Session: Class initialized using 'CodeIgniter\Session\Handlers\FileHandler' driver.
INFO - 2023-08-17 07:39:37 --> Session: Class initialized using 'CodeIgniter\Session\Handlers\FileHandler' driver.
INFO - 2023-08-17 07:39:39 --> Session: Class initialized using 'CodeIgniter\Session\Handlers\FileHandler' driver.
INFO - 2023-08-17 07:39:51 --> Session: Class initialized using 'CodeIgniter\Session\Handlers\FileHandler' driver.
INFO - 2023-08-17 07:39:52 --> Session: Class initialized using 'CodeIgniter\Session\Handlers\FileHandler' driver.
INFO - 2023-08-17 07:39:53 --> Session: Class initialized using 'CodeIgniter\Session\Handlers\FileHandler' driver.
INFO - 2023-08-17 07:39:55 --> Session: Class initialized using 'CodeIgniter\Session\Handlers\FileHandler' driver.
INFO - 2023-08-17 07:39:56 --> Session: Class initialized using 'CodeIgniter\Session\Handlers\FileHandler' driver.
INFO - 2023-08-17 07:40:07 --> Session: Class initialized using 'CodeIgniter\Session\Handlers\FileHandler' driver.
INFO - 2023-08-17 07:40:08 --> Session: Class initialized using 'CodeIgniter\Session\Handlers\FileHandler' driver.
INFO - 2023-08-17 07:40:09 --> Session: Class initialized using 'CodeIgniter\Session\Handlers\FileHandler' driver.
INFO - 2023-08-17 07:40:10 --> Session: Class initialized using 'CodeIgniter\Session\Handlers\FileHandler' driver.
INFO - 2023-08-17 07:40:11 --> Session: Class initialized using 'CodeIgniter\Session\Handlers\FileHandler' driver.
INFO - 2023-08-17 07:40:13 --> Session: Class initialized using 'CodeIgniter\Session\Handlers\FileHandler' driver.
INFO - 2023-08-17 07:40:14 --> Session: Class initialized using 'CodeIgniter\Session\Handlers\FileHandler' driver.
INFO - 2023-08-17 07:40:17 --> Session: Class initialized using 'CodeIgniter\Session\Handlers\FileHandler' driver.
INFO - 2023-08-17 07:40:42 --> Session: Class initialized using 'CodeIgniter\Session\Handlers\FileHandler' driver.
INFO - 2023-08-17 07:40:54 --> Session: Class initialized using 'CodeIgniter\Session\Handlers\FileHandler' driver.
INFO - 2023-08-17 07:41:07 --> Session: Class initialized using 'CodeIgniter\Session\Handlers\FileHandler' driver.
INFO - 2023-08-17 07:41:32 --> Session: Class initialized using 'CodeIgniter\Session\Handlers\FileHandler' driver.
INFO - 2023-08-17 07:42:04 --> Session: Class initialized using 'CodeIgniter\Session\Handlers\FileHandler' driver.
INFO - 2023-08-17 07:42:12 --> Session: Class initialized using 'CodeIgniter\Session\Handlers\FileHandler' driver.
INFO - 2023-08-17 07:42:14 --> Session: Class initialized using 'CodeIgniter\Session\Handlers\FileHandler' driver.
INFO - 2023-08-17 07:42:55 --> Session: Class initialized using 'CodeIgniter\Session\Handlers\FileHandler' driver.
INFO - 2023-08-17 07:42:56 --> Session: Class initialized using 'CodeIgniter\Session\Handlers\FileHandler' driver.
INFO - 2023-08-17 07:43:28 --> Session: Class initialized using 'CodeIgniter\Session\Handlers\FileHandler' driver.
INFO - 2023-08-17 07:43:28 --> Session: Class initialized using 'CodeIgniter\Session\Handlers\FileHandler' driver.
INFO - 2023-08-17 07:43:41 --> Session: Class initialized using 'CodeIgniter\Session\Handlers\FileHandler' driver.
INFO - 2023-08-17 07:43:41 --> Session: Class initialized using 'CodeIgniter\Session\Handlers\FileHandler' driver.
INFO - 2023-08-17 07:43:47 --> Session: Class initialized using 'CodeIgniter\Session\Handlers\FileHandler' driver.
INFO - 2023-08-17 07:43:51 --> Session: Class initialized using 'CodeIgniter\Session\Handlers\FileHandler' driver.
INFO - 2023-08-17 07:43:58 --> Session: Class initialized using 'CodeIgniter\Session\Handlers\FileHandler' driver.
INFO - 2023-08-17 07:44:10 --> Session: Class initialized using 'CodeIgniter\Session\Handlers\FileHandler' driver.
