ERROR - 2023-12-09 13:30:38 --> Error connecting to the database: mysqli_sql_exception: Unknown database 'db_desa_2023' in D:\xampp\htdocs\ameng\system\Database\MySQLi\Connection.php:174
Stack trace:
#0 D:\xampp\htdocs\ameng\system\Database\MySQLi\Connection.php(174): mysqli->real_connect('localhost', 'root', '', 'db_desa_2023', 3306, '', 0)
#1 D:\xampp\htdocs\ameng\system\Database\BaseConnection.php(391): CodeIgniter\Database\MySQLi\Connection->connect(false)
#2 D:\xampp\htdocs\ameng\system\Database\BaseConnection.php(574): CodeIgniter\Database\BaseConnection->initialize()
#3 D:\xampp\htdocs\ameng\system\Database\BaseBuilder.php(1616): CodeIgniter\Database\BaseConnection->query('SELECT *\nFROM `...', Array, false)
#4 D:\xampp\htdocs\ameng\app\Models\BeritaModel.php(46): CodeIgniter\Database\BaseBuilder->get()
#5 D:\xampp\htdocs\ameng\app\Controllers\HomepageController.php(46): App\Models\BeritaModel->getFirstBerita()
#6 D:\xampp\htdocs\ameng\system\CodeIgniter.php(934): App\Controllers\HomepageController->index()
#7 D:\xampp\htdocs\ameng\system\CodeIgniter.php(499): CodeIgniter\CodeIgniter->runController(Object(App\Controllers\HomepageController))
#8 D:\xampp\htdocs\ameng\system\CodeIgniter.php(368): CodeIgniter\CodeIgniter->handleRequest(NULL, Object(Config\Cache), false)
#9 D:\xampp\htdocs\ameng\public\index.php(67): CodeIgniter\CodeIgniter->run()
#10 D:\xampp\htdocs\ameng\system\Commands\Server\rewrite.php(47): require_once('D:\\xampp\\htdocs...')
#11 {main}

Next CodeIgniter\Database\Exceptions\DatabaseException: Unknown database 'db_desa_2023' in D:\xampp\htdocs\ameng\system\Database\MySQLi\Connection.php:218
Stack trace:
#0 D:\xampp\htdocs\ameng\system\Database\BaseConnection.php(391): CodeIgniter\Database\MySQLi\Connection->connect(false)
#1 D:\xampp\htdocs\ameng\system\Database\BaseConnection.php(574): CodeIgniter\Database\BaseConnection->initialize()
#2 D:\xampp\htdocs\ameng\system\Database\BaseBuilder.php(1616): CodeIgniter\Database\BaseConnection->query('SELECT *\nFROM `...', Array, false)
#3 D:\xampp\htdocs\ameng\app\Models\BeritaModel.php(46): CodeIgniter\Database\BaseBuilder->get()
#4 D:\xampp\htdocs\ameng\app\Controllers\HomepageController.php(46): App\Models\BeritaModel->getFirstBerita()
#5 D:\xampp\htdocs\ameng\system\CodeIgniter.php(934): App\Controllers\HomepageController->index()
#6 D:\xampp\htdocs\ameng\system\CodeIgniter.php(499): CodeIgniter\CodeIgniter->runController(Object(App\Controllers\HomepageController))
#7 D:\xampp\htdocs\ameng\system\CodeIgniter.php(368): CodeIgniter\CodeIgniter->handleRequest(NULL, Object(Config\Cache), false)
#8 D:\xampp\htdocs\ameng\public\index.php(67): CodeIgniter\CodeIgniter->run()
#9 D:\xampp\htdocs\ameng\system\Commands\Server\rewrite.php(47): require_once('D:\\xampp\\htdocs...')
#10 {main}
CRITICAL - 2023-12-09 13:30:38 --> Unable to connect to the database.
Main connection [MySQLi]: Unknown database 'db_desa_2023'
in SYSTEMPATH\Database\BaseConnection.php on line 427.
 1 SYSTEMPATH\Database\BaseConnection.php(574): CodeIgniter\Database\BaseConnection->initialize()
 2 SYSTEMPATH\Database\BaseBuilder.php(1616): CodeIgniter\Database\BaseConnection->query('SELECT *
FROM `berita`', [], false)
 3 APPPATH\Models\BeritaModel.php(46): CodeIgniter\Database\BaseBuilder->get()
 4 APPPATH\Controllers\HomepageController.php(46): App\Models\BeritaModel->getFirstBerita()
 5 SYSTEMPATH\CodeIgniter.php(934): App\Controllers\HomepageController->index()
 6 SYSTEMPATH\CodeIgniter.php(499): CodeIgniter\CodeIgniter->runController(Object(App\Controllers\HomepageController))
 7 SYSTEMPATH\CodeIgniter.php(368): CodeIgniter\CodeIgniter->handleRequest(null, Object(Config\Cache), false)
 8 FCPATH\index.php(67): CodeIgniter\CodeIgniter->run()
 9 SYSTEMPATH\Commands\Server\rewrite.php(47): require_once('D:\\xampp\\htdocs\\ameng\\public\\index.php')
INFO - 2023-12-09 13:32:17 --> Session: Class initialized using 'CodeIgniter\Session\Handlers\FileHandler' driver.
INFO - 2023-12-09 13:32:27 --> Session: Class initialized using 'CodeIgniter\Session\Handlers\FileHandler' driver.
INFO - 2023-12-09 13:32:47 --> Session: Class initialized using 'CodeIgniter\Session\Handlers\FileHandler' driver.
INFO - 2023-12-09 13:33:12 --> Session: Class initialized using 'CodeIgniter\Session\Handlers\FileHandler' driver.
INFO - 2023-12-09 13:33:15 --> Session: Class initialized using 'CodeIgniter\Session\Handlers\FileHandler' driver.
INFO - 2023-12-09 13:33:15 --> Session: Class initialized using 'CodeIgniter\Session\Handlers\FileHandler' driver.
INFO - 2023-12-09 13:33:19 --> Session: Class initialized using 'CodeIgniter\Session\Handlers\FileHandler' driver.
INFO - 2023-12-09 13:33:19 --> Session: Class initialized using 'CodeIgniter\Session\Handlers\FileHandler' driver.
INFO - 2023-12-09 13:33:24 --> Session: Class initialized using 'CodeIgniter\Session\Handlers\FileHandler' driver.
INFO - 2023-12-09 13:33:25 --> Session: Class initialized using 'CodeIgniter\Session\Handlers\FileHandler' driver.
INFO - 2023-12-09 13:33:34 --> Session: Class initialized using 'CodeIgniter\Session\Handlers\FileHandler' driver.
INFO - 2023-12-09 13:33:34 --> Session: Class initialized using 'CodeIgniter\Session\Handlers\FileHandler' driver.
INFO - 2023-12-09 13:33:38 --> Session: Class initialized using 'CodeIgniter\Session\Handlers\FileHandler' driver.
INFO - 2023-12-09 13:33:40 --> Session: Class initialized using 'CodeIgniter\Session\Handlers\FileHandler' driver.
INFO - 2023-12-09 13:36:35 --> Session: Class initialized using 'CodeIgniter\Session\Handlers\FileHandler' driver.
INFO - 2023-12-09 13:36:35 --> Session: Class initialized using 'CodeIgniter\Session\Handlers\FileHandler' driver.
INFO - 2023-12-09 13:37:45 --> Session: Class initialized using 'CodeIgniter\Session\Handlers\FileHandler' driver.
INFO - 2023-12-09 13:37:52 --> Session: Class initialized using 'CodeIgniter\Session\Handlers\FileHandler' driver.
INFO - 2023-12-09 13:37:57 --> Session: Class initialized using 'CodeIgniter\Session\Handlers\FileHandler' driver.
INFO - 2023-12-09 13:38:41 --> Session: Class initialized using 'CodeIgniter\Session\Handlers\FileHandler' driver.
INFO - 2023-12-09 13:39:45 --> Session: Class initialized using 'CodeIgniter\Session\Handlers\FileHandler' driver.
INFO - 2023-12-09 13:39:46 --> Session: Class initialized using 'CodeIgniter\Session\Handlers\FileHandler' driver.
INFO - 2023-12-09 13:39:51 --> Session: Class initialized using 'CodeIgniter\Session\Handlers\FileHandler' driver.
INFO - 2023-12-09 13:39:53 --> Session: Class initialized using 'CodeIgniter\Session\Handlers\FileHandler' driver.
INFO - 2023-12-09 13:40:00 --> Session: Class initialized using 'CodeIgniter\Session\Handlers\FileHandler' driver.
INFO - 2023-12-09 13:40:03 --> Session: Class initialized using 'CodeIgniter\Session\Handlers\FileHandler' driver.
INFO - 2023-12-09 13:40:07 --> Session: Class initialized using 'CodeIgniter\Session\Handlers\FileHandler' driver.
INFO - 2023-12-09 13:40:10 --> Session: Class initialized using 'CodeIgniter\Session\Handlers\FileHandler' driver.
INFO - 2023-12-09 13:40:13 --> Session: Class initialized using 'CodeIgniter\Session\Handlers\FileHandler' driver.
ERROR - 2023-12-09 13:41:29 --> mysqli_sql_exception: Column 'status_perkawinan' cannot be null in D:\xampp\htdocs\ameng\system\Database\MySQLi\Connection.php:295
Stack trace:
#0 D:\xampp\htdocs\ameng\system\Database\MySQLi\Connection.php(295): mysqli->query('INSERT INTO `tb...', 0)
#1 D:\xampp\htdocs\ameng\system\Database\BaseConnection.php(692): CodeIgniter\Database\MySQLi\Connection->execute('INSERT INTO `tb...')
#2 D:\xampp\htdocs\ameng\system\Database\BaseConnection.php(606): CodeIgniter\Database\BaseConnection->simpleQuery('INSERT INTO `tb...')
#3 D:\xampp\htdocs\ameng\system\Database\BaseBuilder.php(2309): CodeIgniter\Database\BaseConnection->query('INSERT INTO `tb...', Array, false)
#4 D:\xampp\htdocs\ameng\app\Models\SPermohonanModel.php(37): CodeIgniter\Database\BaseBuilder->insert(Array)
#5 D:\xampp\htdocs\ameng\app\Controllers\HomepageController.php(225): App\Models\SPermohonanModel->saveNew(Array)
#6 D:\xampp\htdocs\ameng\system\CodeIgniter.php(934): App\Controllers\HomepageController->form_permohonan_proses()
#7 D:\xampp\htdocs\ameng\system\CodeIgniter.php(499): CodeIgniter\CodeIgniter->runController(Object(App\Controllers\HomepageController))
#8 D:\xampp\htdocs\ameng\system\CodeIgniter.php(368): CodeIgniter\CodeIgniter->handleRequest(NULL, Object(Config\Cache), false)
#9 D:\xampp\htdocs\ameng\public\index.php(67): CodeIgniter\CodeIgniter->run()
#10 D:\xampp\htdocs\ameng\system\Commands\Server\rewrite.php(47): require_once('D:\\xampp\\htdocs...')
#11 {main}
CRITICAL - 2023-12-09 13:41:29 --> Column 'status_perkawinan' cannot be null
in SYSTEMPATH\Database\MySQLi\Connection.php on line 295.
 1 SYSTEMPATH\Database\MySQLi\Connection.php(295): mysqli->query('INSERT INTO `tb_warga` (`nik`, `nama`, `slug`, `tempat_lahir`, `tgl_lahir`, `jenis_kelamin`, `agama`, `kewarganegaraan`, `status_perkawinan`, `pekerjaan`, `alamat`, `email`, `telepon`, `identitas`) VALUES (\'3211223211234423\', \'Wahyu\', \'3211223211234423_Wahyu\', \'Solo\', \'2023-11-28\', \'L\', \'islam\', \'Indonesia\', NULL, \'Wiraswasta\', \'Jln. Karimunjawa\', \'danihartanto98@gmail.com\', NULL, \'3211223211234423.png\')', 0)
 2 SYSTEMPATH\Database\BaseConnection.php(692): CodeIgniter\Database\MySQLi\Connection->execute('INSERT INTO `tb_warga` (`nik`, `nama`, `slug`, `tempat_lahir`, `tgl_lahir`, `jenis_kelamin`, `agama`, `kewarganegaraan`, `status_perkawinan`, `pekerjaan`, `alamat`, `email`, `telepon`, `identitas`) VALUES (\'3211223211234423\', \'Wahyu\', \'3211223211234423_Wahyu\', \'Solo\', \'2023-11-28\', \'L\', \'islam\', \'Indonesia\', NULL, \'Wiraswasta\', \'Jln. Karimunjawa\', \'danihartanto98@gmail.com\', NULL, \'3211223211234423.png\')')
 3 SYSTEMPATH\Database\BaseConnection.php(606): CodeIgniter\Database\BaseConnection->simpleQuery('INSERT INTO `tb_warga` (`nik`, `nama`, `slug`, `tempat_lahir`, `tgl_lahir`, `jenis_kelamin`, `agama`, `kewarganegaraan`, `status_perkawinan`, `pekerjaan`, `alamat`, `email`, `telepon`, `identitas`) VALUES (\'3211223211234423\', \'Wahyu\', \'3211223211234423_Wahyu\', \'Solo\', \'2023-11-28\', \'L\', \'islam\', \'Indonesia\', NULL, \'Wiraswasta\', \'Jln. Karimunjawa\', \'danihartanto98@gmail.com\', NULL, \'3211223211234423.png\')')
 4 SYSTEMPATH\Database\BaseBuilder.php(2309): CodeIgniter\Database\BaseConnection->query('INSERT INTO `tb_warga` (`nik`, `nama`, `slug`, `tempat_lahir`, `tgl_lahir`, `jenis_kelamin`, `agama`, `kewarganegaraan`, `status_perkawinan`, `pekerjaan`, `alamat`, `email`, `telepon`, `identitas`) VALUES (:nik:, :nama:, :slug:, :tempat_lahir:, :tgl_lahir:, :jenis_kelamin:, :agama:, :kewarganegaraan:, :status_perkawinan:, :pekerjaan:, :alamat:, :email:, :telepon:, :identitas:)', [...], false)
 5 APPPATH\Models\SPermohonanModel.php(37): CodeIgniter\Database\BaseBuilder->insert([...])
 6 APPPATH\Controllers\HomepageController.php(225): App\Models\SPermohonanModel->saveNew([...])
 7 SYSTEMPATH\CodeIgniter.php(934): App\Controllers\HomepageController->form_permohonan_proses()
 8 SYSTEMPATH\CodeIgniter.php(499): CodeIgniter\CodeIgniter->runController(Object(App\Controllers\HomepageController))
 9 SYSTEMPATH\CodeIgniter.php(368): CodeIgniter\CodeIgniter->handleRequest(null, Object(Config\Cache), false)
10 FCPATH\index.php(67): CodeIgniter\CodeIgniter->run()
11 SYSTEMPATH\Commands\Server\rewrite.php(47): require_once('D:\\xampp\\htdocs\\ameng\\public\\index.php')
INFO - 2023-12-09 13:41:45 --> Session: Class initialized using 'CodeIgniter\Session\Handlers\FileHandler' driver.
INFO - 2023-12-09 13:41:45 --> Session: Class initialized using 'CodeIgniter\Session\Handlers\FileHandler' driver.
INFO - 2023-12-09 13:41:50 --> Session: Class initialized using 'CodeIgniter\Session\Handlers\FileHandler' driver.
INFO - 2023-12-09 13:41:55 --> Session: Class initialized using 'CodeIgniter\Session\Handlers\FileHandler' driver.
INFO - 2023-12-09 13:42:00 --> Session: Class initialized using 'CodeIgniter\Session\Handlers\FileHandler' driver.
INFO - 2023-12-09 13:44:20 --> Session: Class initialized using 'CodeIgniter\Session\Handlers\FileHandler' driver.
CRITICAL - 2023-12-09 13:44:20 --> Undefined array key "ns_waris"
in APPPATH\Views\dashboard\s_permohonan\v_s_permohonan.php on line 62.
 1 APPPATH\Views\dashboard\s_permohonan\v_s_permohonan.php(62): CodeIgniter\Debug\Exceptions->errorHandler(2, 'Undefined array key "ns_waris"', 'D:\\xampp\\htdocs\\ameng\\app\\Views\\dashboard\\s_permohonan\\v_s_permohonan.php', 62)
 2 SYSTEMPATH\View\View.php(213): include('D:\\xampp\\htdocs\\ameng\\app\\Views\\dashboard\\s_permohonan\\v_s_permohonan.php')
 3 SYSTEMPATH\View\View.php(216): CodeIgniter\View\View->CodeIgniter\View\{closure}()
 4 SYSTEMPATH\Common.php(1184): CodeIgniter\View\View->render('dashboard/s_permohonan/v_s_permohonan', [], true)
 5 APPPATH\Controllers\SPermohonanController.php(26): view('dashboard/s_permohonan/v_s_permohonan', [...])
 6 SYSTEMPATH\CodeIgniter.php(934): App\Controllers\SPermohonanController->index()
 7 SYSTEMPATH\CodeIgniter.php(499): CodeIgniter\CodeIgniter->runController(Object(App\Controllers\SPermohonanController))
 8 SYSTEMPATH\CodeIgniter.php(368): CodeIgniter\CodeIgniter->handleRequest(null, Object(Config\Cache), false)
 9 FCPATH\index.php(67): CodeIgniter\CodeIgniter->run()
10 SYSTEMPATH\Commands\Server\rewrite.php(47): require_once('D:\\xampp\\htdocs\\ameng\\public\\index.php')
INFO - 2023-12-09 13:44:58 --> Session: Class initialized using 'CodeIgniter\Session\Handlers\FileHandler' driver.
INFO - 2023-12-09 13:44:59 --> Session: Class initialized using 'CodeIgniter\Session\Handlers\FileHandler' driver.
INFO - 2023-12-09 13:45:04 --> Session: Class initialized using 'CodeIgniter\Session\Handlers\FileHandler' driver.
INFO - 2023-12-09 13:46:28 --> Session: Class initialized using 'CodeIgniter\Session\Handlers\FileHandler' driver.
INFO - 2023-12-09 13:47:12 --> Session: Class initialized using 'CodeIgniter\Session\Handlers\FileHandler' driver.
INFO - 2023-12-09 13:49:42 --> Session: Class initialized using 'CodeIgniter\Session\Handlers\FileHandler' driver.
INFO - 2023-12-09 13:49:42 --> Session: Class initialized using 'CodeIgniter\Session\Handlers\FileHandler' driver.
INFO - 2023-12-09 13:49:48 --> Session: Class initialized using 'CodeIgniter\Session\Handlers\FileHandler' driver.
INFO - 2023-12-09 13:49:51 --> Session: Class initialized using 'CodeIgniter\Session\Handlers\FileHandler' driver.
INFO - 2023-12-09 13:49:55 --> Session: Class initialized using 'CodeIgniter\Session\Handlers\FileHandler' driver.
INFO - 2023-12-09 13:50:08 --> Session: Class initialized using 'CodeIgniter\Session\Handlers\FileHandler' driver.
INFO - 2023-12-09 13:50:43 --> Session: Class initialized using 'CodeIgniter\Session\Handlers\FileHandler' driver.
INFO - 2023-12-09 13:59:21 --> Session: Class initialized using 'CodeIgniter\Session\Handlers\FileHandler' driver.
INFO - 2023-12-09 14:28:06 --> Session: Class initialized using 'CodeIgniter\Session\Handlers\FileHandler' driver.
