INFO - 2023-12-24 15:19:53 --> Session: Class initialized using 'CodeIgniter\Session\Handlers\FileHandler' driver.
INFO - 2023-12-24 15:19:55 --> Session: Class initialized using 'CodeIgniter\Session\Handlers\FileHandler' driver.
INFO - 2023-12-24 15:20:57 --> Session: Class initialized using 'CodeIgniter\Session\Handlers\FileHandler' driver.
INFO - 2023-12-24 15:22:49 --> Session: Class initialized using 'CodeIgniter\Session\Handlers\FileHandler' driver.
INFO - 2023-12-24 15:22:49 --> Session: Class initialized using 'CodeIgniter\Session\Handlers\FileHandler' driver.
INFO - 2023-12-24 15:22:55 --> Session: Class initialized using 'CodeIgniter\Session\Handlers\FileHandler' driver.
INFO - 2023-12-24 15:22:59 --> Session: Class initialized using 'CodeIgniter\Session\Handlers\FileHandler' driver.
INFO - 2023-12-24 15:22:59 --> Session: Class initialized using 'CodeIgniter\Session\Handlers\FileHandler' driver.
INFO - 2023-12-24 15:23:06 --> Session: Class initialized using 'CodeIgniter\Session\Handlers\FileHandler' driver.
INFO - 2023-12-24 15:23:11 --> Session: Class initialized using 'CodeIgniter\Session\Handlers\FileHandler' driver.
INFO - 2023-12-24 15:27:54 --> Session: Class initialized using 'CodeIgniter\Session\Handlers\FileHandler' driver.
INFO - 2023-12-24 15:27:54 --> Session: Class initialized using 'CodeIgniter\Session\Handlers\FileHandler' driver.
INFO - 2023-12-24 15:27:58 --> Session: Class initialized using 'CodeIgniter\Session\Handlers\FileHandler' driver.
INFO - 2023-12-24 15:28:59 --> Session: Class initialized using 'CodeIgniter\Session\Handlers\FileHandler' driver.
INFO - 2023-12-24 15:29:00 --> Session: Class initialized using 'CodeIgniter\Session\Handlers\FileHandler' driver.
INFO - 2023-12-24 15:29:13 --> Session: Class initialized using 'CodeIgniter\Session\Handlers\FileHandler' driver.
INFO - 2023-12-24 15:29:17 --> Session: Class initialized using 'CodeIgniter\Session\Handlers\FileHandler' driver.
INFO - 2023-12-24 15:29:17 --> Session: Class initialized using 'CodeIgniter\Session\Handlers\FileHandler' driver.
INFO - 2023-12-24 15:29:31 --> Session: Class initialized using 'CodeIgniter\Session\Handlers\FileHandler' driver.
INFO - 2023-12-24 15:29:36 --> Session: Class initialized using 'CodeIgniter\Session\Handlers\FileHandler' driver.
INFO - 2023-12-24 15:30:55 --> Session: Class initialized using 'CodeIgniter\Session\Handlers\FileHandler' driver.
INFO - 2023-12-24 15:30:55 --> Session: Class initialized using 'CodeIgniter\Session\Handlers\FileHandler' driver.
INFO - 2023-12-24 15:30:57 --> Session: Class initialized using 'CodeIgniter\Session\Handlers\FileHandler' driver.
CRITICAL - 2023-12-24 15:31:34 --> Array to string conversion
in APPPATH\Views\publik\tambah\form_waris.php on line 41.
 1 APPPATH\Views\publik\tambah\form_waris.php(41): CodeIgniter\Debug\Exceptions->errorHandler(2, 'Array to string conversion', 'D:\\xampp\\htdocs\\ameng\\app\\Views\\publik\\tambah\\form_waris.php', 41)
 2 SYSTEMPATH\View\View.php(213): include('D:\\xampp\\htdocs\\ameng\\app\\Views\\publik\\tambah\\form_waris.php')
 3 SYSTEMPATH\View\View.php(216): CodeIgniter\View\View->CodeIgniter\View\{closure}()
 4 SYSTEMPATH\Common.php(1184): CodeIgniter\View\View->render('publik/tambah/form_waris', [], true)
 5 APPPATH\Controllers\HomepageController.php(804): view('publik/tambah/form_waris', [...])
 6 SYSTEMPATH\CodeIgniter.php(934): App\Controllers\HomepageController->form_waris_proses()
 7 SYSTEMPATH\CodeIgniter.php(499): CodeIgniter\CodeIgniter->runController(Object(App\Controllers\HomepageController))
 8 SYSTEMPATH\CodeIgniter.php(368): CodeIgniter\CodeIgniter->handleRequest(null, Object(Config\Cache), false)
 9 FCPATH\index.php(67): CodeIgniter\CodeIgniter->run()
10 SYSTEMPATH\Commands\Server\rewrite.php(47): require_once('D:\\xampp\\htdocs\\ameng\\public\\index.php')
INFO - 2023-12-24 15:34:40 --> Session: Class initialized using 'CodeIgniter\Session\Handlers\FileHandler' driver.
INFO - 2023-12-24 15:36:01 --> Session: Class initialized using 'CodeIgniter\Session\Handlers\FileHandler' driver.
INFO - 2023-12-24 15:36:02 --> Session: Class initialized using 'CodeIgniter\Session\Handlers\FileHandler' driver.
INFO - 2023-12-24 15:36:09 --> Session: Class initialized using 'CodeIgniter\Session\Handlers\FileHandler' driver.
INFO - 2023-12-24 15:36:19 --> Session: Class initialized using 'CodeIgniter\Session\Handlers\FileHandler' driver.
INFO - 2023-12-24 15:36:19 --> Session: Class initialized using 'CodeIgniter\Session\Handlers\FileHandler' driver.
INFO - 2023-12-24 15:36:22 --> Session: Class initialized using 'CodeIgniter\Session\Handlers\FileHandler' driver.
INFO - 2023-12-24 15:36:27 --> Session: Class initialized using 'CodeIgniter\Session\Handlers\FileHandler' driver.
INFO - 2023-12-24 15:37:57 --> Session: Class initialized using 'CodeIgniter\Session\Handlers\FileHandler' driver.
INFO - 2023-12-24 15:39:39 --> Session: Class initialized using 'CodeIgniter\Session\Handlers\FileHandler' driver.
INFO - 2023-12-24 15:39:39 --> Session: Class initialized using 'CodeIgniter\Session\Handlers\FileHandler' driver.
INFO - 2023-12-24 15:39:42 --> Session: Class initialized using 'CodeIgniter\Session\Handlers\FileHandler' driver.
INFO - 2023-12-24 15:39:46 --> Session: Class initialized using 'CodeIgniter\Session\Handlers\FileHandler' driver.
INFO - 2023-12-24 16:26:48 --> Session: Class initialized using 'CodeIgniter\Session\Handlers\FileHandler' driver.
INFO - 2023-12-24 16:26:48 --> Session: Class initialized using 'CodeIgniter\Session\Handlers\FileHandler' driver.
INFO - 2023-12-24 16:27:04 --> Session: Class initialized using 'CodeIgniter\Session\Handlers\FileHandler' driver.
INFO - 2023-12-24 16:27:08 --> Session: Class initialized using 'CodeIgniter\Session\Handlers\FileHandler' driver.
INFO - 2023-12-24 16:27:09 --> Session: Class initialized using 'CodeIgniter\Session\Handlers\FileHandler' driver.
INFO - 2023-12-24 16:27:12 --> Session: Class initialized using 'CodeIgniter\Session\Handlers\FileHandler' driver.
INFO - 2023-12-24 16:27:14 --> Session: Class initialized using 'CodeIgniter\Session\Handlers\FileHandler' driver.
INFO - 2023-12-24 16:27:21 --> Session: Class initialized using 'CodeIgniter\Session\Handlers\FileHandler' driver.
INFO - 2023-12-24 16:30:29 --> Session: Class initialized using 'CodeIgniter\Session\Handlers\FileHandler' driver.
CRITICAL - 2023-12-24 16:30:29 --> Call to undefined function App\Controllers\format_indo()
in APPPATH\Controllers\DashboardController.php on line 51.
 1 SYSTEMPATH\CodeIgniter.php(934): App\Controllers\DashboardController->index()
 2 SYSTEMPATH\CodeIgniter.php(499): CodeIgniter\CodeIgniter->runController(Object(App\Controllers\DashboardController))
 3 SYSTEMPATH\CodeIgniter.php(368): CodeIgniter\CodeIgniter->handleRequest(null, Object(Config\Cache), false)
 4 FCPATH\index.php(67): CodeIgniter\CodeIgniter->run()
 5 SYSTEMPATH\Commands\Server\rewrite.php(47): require_once('D:\\xampp\\htdocs\\ameng\\public\\index.php')
INFO - 2023-12-24 16:31:07 --> Session: Class initialized using 'CodeIgniter\Session\Handlers\FileHandler' driver.
INFO - 2023-12-24 16:31:10 --> Session: Class initialized using 'CodeIgniter\Session\Handlers\FileHandler' driver.
INFO - 2023-12-24 16:31:12 --> Session: Class initialized using 'CodeIgniter\Session\Handlers\FileHandler' driver.
INFO - 2023-12-24 16:31:13 --> Session: Class initialized using 'CodeIgniter\Session\Handlers\FileHandler' driver.
INFO - 2023-12-24 16:31:21 --> Session: Class initialized using 'CodeIgniter\Session\Handlers\FileHandler' driver.
INFO - 2023-12-24 16:35:18 --> Session: Class initialized using 'CodeIgniter\Session\Handlers\FileHandler' driver.
CRITICAL - 2023-12-24 16:35:18 --> Call to undefined function App\Controllers\format_indo()
in APPPATH\Controllers\DashboardController.php on line 40.
 1 SYSTEMPATH\CodeIgniter.php(934): App\Controllers\DashboardController->index()
 2 SYSTEMPATH\CodeIgniter.php(499): CodeIgniter\CodeIgniter->runController(Object(App\Controllers\DashboardController))
 3 SYSTEMPATH\CodeIgniter.php(368): CodeIgniter\CodeIgniter->handleRequest(null, Object(Config\Cache), false)
 4 FCPATH\index.php(67): CodeIgniter\CodeIgniter->run()
 5 SYSTEMPATH\Commands\Server\rewrite.php(47): require_once('D:\\xampp\\htdocs\\ameng\\public\\index.php')
INFO - 2023-12-24 16:36:24 --> Session: Class initialized using 'CodeIgniter\Session\Handlers\FileHandler' driver.
CRITICAL - 2023-12-24 16:36:24 --> Call to undefined function App\Controllers\format_indo()
in APPPATH\Controllers\DashboardController.php on line 40.
 1 SYSTEMPATH\CodeIgniter.php(934): App\Controllers\DashboardController->index()
 2 SYSTEMPATH\CodeIgniter.php(499): CodeIgniter\CodeIgniter->runController(Object(App\Controllers\DashboardController))
 3 SYSTEMPATH\CodeIgniter.php(368): CodeIgniter\CodeIgniter->handleRequest(null, Object(Config\Cache), false)
 4 FCPATH\index.php(67): CodeIgniter\CodeIgniter->run()
 5 SYSTEMPATH\Commands\Server\rewrite.php(47): require_once('D:\\xampp\\htdocs\\ameng\\public\\index.php')
INFO - 2023-12-24 16:37:59 --> Session: Class initialized using 'CodeIgniter\Session\Handlers\FileHandler' driver.
CRITICAL - 2023-12-24 16:37:59 --> Call to undefined function App\Controllers\format_indo()
in APPPATH\Controllers\DashboardController.php on line 68.
 1 SYSTEMPATH\CodeIgniter.php(934): App\Controllers\DashboardController->index()
 2 SYSTEMPATH\CodeIgniter.php(499): CodeIgniter\CodeIgniter->runController(Object(App\Controllers\DashboardController))
 3 SYSTEMPATH\CodeIgniter.php(368): CodeIgniter\CodeIgniter->handleRequest(null, Object(Config\Cache), false)
 4 FCPATH\index.php(67): CodeIgniter\CodeIgniter->run()
 5 SYSTEMPATH\Commands\Server\rewrite.php(47): require_once('D:\\xampp\\htdocs\\ameng\\public\\index.php')
INFO - 2023-12-24 16:38:09 --> Session: Class initialized using 'CodeIgniter\Session\Handlers\FileHandler' driver.
INFO - 2023-12-24 16:39:52 --> Session: Class initialized using 'CodeIgniter\Session\Handlers\FileHandler' driver.
CRITICAL - 2023-12-24 16:39:52 --> Call to undefined function App\Controllers\format_indo()
in APPPATH\Controllers\DashboardController.php on line 42.
 1 SYSTEMPATH\CodeIgniter.php(934): App\Controllers\DashboardController->index()
 2 SYSTEMPATH\CodeIgniter.php(499): CodeIgniter\CodeIgniter->runController(Object(App\Controllers\DashboardController))
 3 SYSTEMPATH\CodeIgniter.php(368): CodeIgniter\CodeIgniter->handleRequest(null, Object(Config\Cache), false)
 4 FCPATH\index.php(67): CodeIgniter\CodeIgniter->run()
 5 SYSTEMPATH\Commands\Server\rewrite.php(47): require_once('D:\\xampp\\htdocs\\ameng\\public\\index.php')
INFO - 2023-12-24 16:46:22 --> Session: Class initialized using 'CodeIgniter\Session\Handlers\FileHandler' driver.
CRITICAL - 2023-12-24 16:46:22 --> Call to undefined function App\Libraries\tanggal_indonesia()
in APPPATH\Controllers\DashboardController.php on line 43.
 1 SYSTEMPATH\CodeIgniter.php(934): App\Controllers\DashboardController->index()
 2 SYSTEMPATH\CodeIgniter.php(499): CodeIgniter\CodeIgniter->runController(Object(App\Controllers\DashboardController))
 3 SYSTEMPATH\CodeIgniter.php(368): CodeIgniter\CodeIgniter->handleRequest(null, Object(Config\Cache), false)
 4 FCPATH\index.php(67): CodeIgniter\CodeIgniter->run()
 5 SYSTEMPATH\Commands\Server\rewrite.php(47): require_once('D:\\xampp\\htdocs\\ameng\\public\\index.php')
INFO - 2023-12-24 16:47:18 --> Session: Class initialized using 'CodeIgniter\Session\Handlers\FileHandler' driver.
CRITICAL - 2023-12-24 16:47:18 --> Call to undefined function App\Libraries\tanggal_indonesia()
in APPPATH\Controllers\DashboardController.php on line 43.
 1 SYSTEMPATH\CodeIgniter.php(934): App\Controllers\DashboardController->index()
 2 SYSTEMPATH\CodeIgniter.php(499): CodeIgniter\CodeIgniter->runController(Object(App\Controllers\DashboardController))
 3 SYSTEMPATH\CodeIgniter.php(368): CodeIgniter\CodeIgniter->handleRequest(null, Object(Config\Cache), false)
 4 FCPATH\index.php(67): CodeIgniter\CodeIgniter->run()
 5 SYSTEMPATH\Commands\Server\rewrite.php(47): require_once('D:\\xampp\\htdocs\\ameng\\public\\index.php')
INFO - 2023-12-24 16:48:40 --> Session: Class initialized using 'CodeIgniter\Session\Handlers\FileHandler' driver.
CRITICAL - 2023-12-24 16:48:40 --> Undefined variable $tgl_now
in APPPATH\Views\dashboard\index.php on line 19.
 1 APPPATH\Views\dashboard\index.php(19): CodeIgniter\Debug\Exceptions->errorHandler(2, 'Undefined variable $tgl_now', 'D:\\xampp\\htdocs\\ameng\\app\\Views\\dashboard\\index.php', 19)
 2 SYSTEMPATH\View\View.php(213): include('D:\\xampp\\htdocs\\ameng\\app\\Views\\dashboard\\index.php')
 3 SYSTEMPATH\View\View.php(216): CodeIgniter\View\View->CodeIgniter\View\{closure}()
 4 SYSTEMPATH\Common.php(1184): CodeIgniter\View\View->render('dashboard/index', [], true)
 5 APPPATH\Controllers\DashboardController.php(50): view('dashboard/index', [...])
 6 SYSTEMPATH\CodeIgniter.php(934): App\Controllers\DashboardController->index()
 7 SYSTEMPATH\CodeIgniter.php(499): CodeIgniter\CodeIgniter->runController(Object(App\Controllers\DashboardController))
 8 SYSTEMPATH\CodeIgniter.php(368): CodeIgniter\CodeIgniter->handleRequest(null, Object(Config\Cache), false)
 9 FCPATH\index.php(67): CodeIgniter\CodeIgniter->run()
10 SYSTEMPATH\Commands\Server\rewrite.php(47): require_once('D:\\xampp\\htdocs\\ameng\\public\\index.php')
INFO - 2023-12-24 16:48:50 --> Session: Class initialized using 'CodeIgniter\Session\Handlers\FileHandler' driver.
INFO - 2023-12-24 16:48:54 --> Session: Class initialized using 'CodeIgniter\Session\Handlers\FileHandler' driver.
INFO - 2023-12-24 16:49:02 --> Session: Class initialized using 'CodeIgniter\Session\Handlers\FileHandler' driver.
INFO - 2023-12-24 16:49:47 --> Session: Class initialized using 'CodeIgniter\Session\Handlers\FileHandler' driver.
INFO - 2023-12-24 16:49:54 --> Session: Class initialized using 'CodeIgniter\Session\Handlers\FileHandler' driver.
INFO - 2023-12-24 16:51:43 --> Session: Class initialized using 'CodeIgniter\Session\Handlers\FileHandler' driver.
INFO - 2023-12-24 16:52:16 --> Session: Class initialized using 'CodeIgniter\Session\Handlers\FileHandler' driver.
WARNING - 2023-12-24 16:52:16 --> [DEPRECATED] Function strftime() is deprecated in APPPATH\Views\dashboard\index.php on line 4.
 1 SYSTEMPATH\View\View.php(213): include('D:\\xampp\\htdocs\\ameng\\app\\Views\\dashboard\\index.php')
 2 SYSTEMPATH\View\View.php(216): CodeIgniter\View\View->CodeIgniter\View\{closure}()
 3 SYSTEMPATH\Common.php(1184): CodeIgniter\View\View->render('dashboard/index', [], true)
 4 APPPATH\Controllers\DashboardController.php(50): view('dashboard/index', [...])
 5 SYSTEMPATH\CodeIgniter.php(934): App\Controllers\DashboardController->index()
 6 SYSTEMPATH\CodeIgniter.php(499): CodeIgniter\CodeIgniter->runController(Object(App\Controllers\DashboardController))
 7 SYSTEMPATH\CodeIgniter.php(368): CodeIgniter\CodeIgniter->handleRequest(null, Object(Config\Cache), false)
 8 FCPATH\index.php(67): CodeIgniter\CodeIgniter->run()
 9 SYSTEMPATH\Commands\Server\rewrite.php(47): require_once('D:\\xampp\\htdocs\\ameng\\public\\index.php')
INFO - 2023-12-24 16:52:33 --> Session: Class initialized using 'CodeIgniter\Session\Handlers\FileHandler' driver.
WARNING - 2023-12-24 16:52:33 --> [DEPRECATED] Function strftime() is deprecated in APPPATH\Views\dashboard\index.php on line 4.
 1 SYSTEMPATH\View\View.php(213): include('D:\\xampp\\htdocs\\ameng\\app\\Views\\dashboard\\index.php')
 2 SYSTEMPATH\View\View.php(216): CodeIgniter\View\View->CodeIgniter\View\{closure}()
 3 SYSTEMPATH\Common.php(1184): CodeIgniter\View\View->render('dashboard/index', [], true)
 4 APPPATH\Controllers\DashboardController.php(50): view('dashboard/index', [...])
 5 SYSTEMPATH\CodeIgniter.php(934): App\Controllers\DashboardController->index()
 6 SYSTEMPATH\CodeIgniter.php(499): CodeIgniter\CodeIgniter->runController(Object(App\Controllers\DashboardController))
 7 SYSTEMPATH\CodeIgniter.php(368): CodeIgniter\CodeIgniter->handleRequest(null, Object(Config\Cache), false)
 8 FCPATH\index.php(67): CodeIgniter\CodeIgniter->run()
 9 SYSTEMPATH\Commands\Server\rewrite.php(47): require_once('D:\\xampp\\htdocs\\ameng\\public\\index.php')
INFO - 2023-12-24 16:52:56 --> Session: Class initialized using 'CodeIgniter\Session\Handlers\FileHandler' driver.
WARNING - 2023-12-24 16:52:56 --> [DEPRECATED] Function strftime() is deprecated in APPPATH\Views\dashboard\index.php on line 20.
 1 SYSTEMPATH\View\View.php(213): include('D:\\xampp\\htdocs\\ameng\\app\\Views\\dashboard\\index.php')
 2 SYSTEMPATH\View\View.php(216): CodeIgniter\View\View->CodeIgniter\View\{closure}()
 3 SYSTEMPATH\Common.php(1184): CodeIgniter\View\View->render('dashboard/index', [], true)
 4 APPPATH\Controllers\DashboardController.php(50): view('dashboard/index', [...])
 5 SYSTEMPATH\CodeIgniter.php(934): App\Controllers\DashboardController->index()
 6 SYSTEMPATH\CodeIgniter.php(499): CodeIgniter\CodeIgniter->runController(Object(App\Controllers\DashboardController))
 7 SYSTEMPATH\CodeIgniter.php(368): CodeIgniter\CodeIgniter->handleRequest(null, Object(Config\Cache), false)
 8 FCPATH\index.php(67): CodeIgniter\CodeIgniter->run()
 9 SYSTEMPATH\Commands\Server\rewrite.php(47): require_once('D:\\xampp\\htdocs\\ameng\\public\\index.php')
INFO - 2023-12-24 16:53:04 --> Session: Class initialized using 'CodeIgniter\Session\Handlers\FileHandler' driver.
WARNING - 2023-12-24 16:53:04 --> [DEPRECATED] Function strftime() is deprecated in APPPATH\Views\dashboard\index.php on line 20.
 1 SYSTEMPATH\View\View.php(213): include('D:\\xampp\\htdocs\\ameng\\app\\Views\\dashboard\\index.php')
 2 SYSTEMPATH\View\View.php(216): CodeIgniter\View\View->CodeIgniter\View\{closure}()
 3 SYSTEMPATH\Common.php(1184): CodeIgniter\View\View->render('dashboard/index', [], true)
 4 APPPATH\Controllers\DashboardController.php(50): view('dashboard/index', [...])
 5 SYSTEMPATH\CodeIgniter.php(934): App\Controllers\DashboardController->index()
 6 SYSTEMPATH\CodeIgniter.php(499): CodeIgniter\CodeIgniter->runController(Object(App\Controllers\DashboardController))
 7 SYSTEMPATH\CodeIgniter.php(368): CodeIgniter\CodeIgniter->handleRequest(null, Object(Config\Cache), false)
 8 FCPATH\index.php(67): CodeIgniter\CodeIgniter->run()
 9 SYSTEMPATH\Commands\Server\rewrite.php(47): require_once('D:\\xampp\\htdocs\\ameng\\public\\index.php')
INFO - 2023-12-24 16:53:26 --> Session: Class initialized using 'CodeIgniter\Session\Handlers\FileHandler' driver.
WARNING - 2023-12-24 16:53:26 --> [DEPRECATED] Function strftime() is deprecated in APPPATH\Views\dashboard\index.php on line 19.
 1 SYSTEMPATH\View\View.php(213): include('D:\\xampp\\htdocs\\ameng\\app\\Views\\dashboard\\index.php')
 2 SYSTEMPATH\View\View.php(216): CodeIgniter\View\View->CodeIgniter\View\{closure}()
 3 SYSTEMPATH\Common.php(1184): CodeIgniter\View\View->render('dashboard/index', [], true)
 4 APPPATH\Controllers\DashboardController.php(51): view('dashboard/index', [...])
 5 SYSTEMPATH\CodeIgniter.php(934): App\Controllers\DashboardController->index()
 6 SYSTEMPATH\CodeIgniter.php(499): CodeIgniter\CodeIgniter->runController(Object(App\Controllers\DashboardController))
 7 SYSTEMPATH\CodeIgniter.php(368): CodeIgniter\CodeIgniter->handleRequest(null, Object(Config\Cache), false)
 8 FCPATH\index.php(67): CodeIgniter\CodeIgniter->run()
 9 SYSTEMPATH\Commands\Server\rewrite.php(47): require_once('D:\\xampp\\htdocs\\ameng\\public\\index.php')
INFO - 2023-12-24 16:53:53 --> Session: Class initialized using 'CodeIgniter\Session\Handlers\FileHandler' driver.
INFO - 2023-12-24 16:53:56 --> Session: Class initialized using 'CodeIgniter\Session\Handlers\FileHandler' driver.
INFO - 2023-12-24 16:53:58 --> Session: Class initialized using 'CodeIgniter\Session\Handlers\FileHandler' driver.
INFO - 2023-12-24 16:54:44 --> Session: Class initialized using 'CodeIgniter\Session\Handlers\FileHandler' driver.
WARNING - 2023-12-24 16:54:45 --> [DEPRECATED] Function strftime() is deprecated in APPPATH\Views\dashboard\s_waris\cetak_surat.php on line 155.
 1 SYSTEMPATH\View\View.php(213): include('D:\\xampp\\htdocs\\ameng\\app\\Views\\dashboard\\s_waris\\cetak_surat.php')
 2 SYSTEMPATH\View\View.php(216): CodeIgniter\View\View->CodeIgniter\View\{closure}()
 3 SYSTEMPATH\Common.php(1184): CodeIgniter\View\View->render('dashboard/s_waris/cetak_surat', [], true)
 4 APPPATH\Controllers\SWarisController.php(243): view('dashboard/s_waris/cetak_surat', [...])
 5 SYSTEMPATH\CodeIgniter.php(934): App\Controllers\SWarisController->cetak_surat('SAW.20231224.041248.02001')
 6 SYSTEMPATH\CodeIgniter.php(499): CodeIgniter\CodeIgniter->runController(Object(App\Controllers\SWarisController))
 7 SYSTEMPATH\CodeIgniter.php(368): CodeIgniter\CodeIgniter->handleRequest(null, Object(Config\Cache), false)
 8 FCPATH\index.php(67): CodeIgniter\CodeIgniter->run()
 9 SYSTEMPATH\Commands\Server\rewrite.php(47): require_once('D:\\xampp\\htdocs\\ameng\\public\\index.php')
INFO - 2023-12-24 16:54:55 --> Session: Class initialized using 'CodeIgniter\Session\Handlers\FileHandler' driver.
WARNING - 2023-12-24 16:54:55 --> [DEPRECATED] Function strftime() is deprecated in APPPATH\Views\dashboard\s_waris\cetak_surat.php on line 155.
 1 SYSTEMPATH\View\View.php(213): include('D:\\xampp\\htdocs\\ameng\\app\\Views\\dashboard\\s_waris\\cetak_surat.php')
 2 SYSTEMPATH\View\View.php(216): CodeIgniter\View\View->CodeIgniter\View\{closure}()
 3 SYSTEMPATH\Common.php(1184): CodeIgniter\View\View->render('dashboard/s_waris/cetak_surat', [], true)
 4 APPPATH\Controllers\SWarisController.php(243): view('dashboard/s_waris/cetak_surat', [...])
 5 SYSTEMPATH\CodeIgniter.php(934): App\Controllers\SWarisController->cetak_surat('SAW.20231224.041248.02001')
 6 SYSTEMPATH\CodeIgniter.php(499): CodeIgniter\CodeIgniter->runController(Object(App\Controllers\SWarisController))
 7 SYSTEMPATH\CodeIgniter.php(368): CodeIgniter\CodeIgniter->handleRequest(null, Object(Config\Cache), false)
 8 FCPATH\index.php(67): CodeIgniter\CodeIgniter->run()
 9 SYSTEMPATH\Commands\Server\rewrite.php(47): require_once('D:\\xampp\\htdocs\\ameng\\public\\index.php')
INFO - 2023-12-24 16:55:17 --> Session: Class initialized using 'CodeIgniter\Session\Handlers\FileHandler' driver.
INFO - 2023-12-24 16:55:19 --> Session: Class initialized using 'CodeIgniter\Session\Handlers\FileHandler' driver.
INFO - 2023-12-24 16:55:21 --> Session: Class initialized using 'CodeIgniter\Session\Handlers\FileHandler' driver.
INFO - 2023-12-24 16:56:05 --> Session: Class initialized using 'CodeIgniter\Session\Handlers\FileHandler' driver.
WARNING - 2023-12-24 16:56:05 --> [DEPRECATED] Function strftime() is deprecated in APPPATH\Views\dashboard\s_waris\cetak_surat.php on line 155.
 1 SYSTEMPATH\View\View.php(213): include('D:\\xampp\\htdocs\\ameng\\app\\Views\\dashboard\\s_waris\\cetak_surat.php')
 2 SYSTEMPATH\View\View.php(216): CodeIgniter\View\View->CodeIgniter\View\{closure}()
 3 SYSTEMPATH\Common.php(1184): CodeIgniter\View\View->render('dashboard/s_waris/cetak_surat', [], true)
 4 APPPATH\Controllers\SWarisController.php(243): view('dashboard/s_waris/cetak_surat', [...])
 5 SYSTEMPATH\CodeIgniter.php(934): App\Controllers\SWarisController->cetak_surat('SAW.20231224.041248.02001')
 6 SYSTEMPATH\CodeIgniter.php(499): CodeIgniter\CodeIgniter->runController(Object(App\Controllers\SWarisController))
 7 SYSTEMPATH\CodeIgniter.php(368): CodeIgniter\CodeIgniter->handleRequest(null, Object(Config\Cache), false)
 8 FCPATH\index.php(67): CodeIgniter\CodeIgniter->run()
 9 SYSTEMPATH\Commands\Server\rewrite.php(47): require_once('D:\\xampp\\htdocs\\ameng\\public\\index.php')
INFO - 2023-12-24 16:56:28 --> Session: Class initialized using 'CodeIgniter\Session\Handlers\FileHandler' driver.
WARNING - 2023-12-24 16:56:28 --> [DEPRECATED] Function strftime() is deprecated in APPPATH\Views\dashboard\s_waris\cetak_surat.php on line 155.
 1 SYSTEMPATH\View\View.php(213): include('D:\\xampp\\htdocs\\ameng\\app\\Views\\dashboard\\s_waris\\cetak_surat.php')
 2 SYSTEMPATH\View\View.php(216): CodeIgniter\View\View->CodeIgniter\View\{closure}()
 3 SYSTEMPATH\Common.php(1184): CodeIgniter\View\View->render('dashboard/s_waris/cetak_surat', [], true)
 4 APPPATH\Controllers\SWarisController.php(243): view('dashboard/s_waris/cetak_surat', [...])
 5 SYSTEMPATH\CodeIgniter.php(934): App\Controllers\SWarisController->cetak_surat('SAW.20231224.041248.02001')
 6 SYSTEMPATH\CodeIgniter.php(499): CodeIgniter\CodeIgniter->runController(Object(App\Controllers\SWarisController))
 7 SYSTEMPATH\CodeIgniter.php(368): CodeIgniter\CodeIgniter->handleRequest(null, Object(Config\Cache), false)
 8 FCPATH\index.php(67): CodeIgniter\CodeIgniter->run()
 9 SYSTEMPATH\Commands\Server\rewrite.php(47): require_once('D:\\xampp\\htdocs\\ameng\\public\\index.php')
INFO - 2023-12-24 16:56:42 --> Session: Class initialized using 'CodeIgniter\Session\Handlers\FileHandler' driver.
WARNING - 2023-12-24 16:56:42 --> [DEPRECATED] Function strftime() is deprecated in APPPATH\Views\dashboard\s_waris\cetak_surat.php on line 155.
 1 SYSTEMPATH\View\View.php(213): include('D:\\xampp\\htdocs\\ameng\\app\\Views\\dashboard\\s_waris\\cetak_surat.php')
 2 SYSTEMPATH\View\View.php(216): CodeIgniter\View\View->CodeIgniter\View\{closure}()
 3 SYSTEMPATH\Common.php(1184): CodeIgniter\View\View->render('dashboard/s_waris/cetak_surat', [], true)
 4 APPPATH\Controllers\SWarisController.php(243): view('dashboard/s_waris/cetak_surat', [...])
 5 SYSTEMPATH\CodeIgniter.php(934): App\Controllers\SWarisController->cetak_surat('SAW.20231224.041248.02001')
 6 SYSTEMPATH\CodeIgniter.php(499): CodeIgniter\CodeIgniter->runController(Object(App\Controllers\SWarisController))
 7 SYSTEMPATH\CodeIgniter.php(368): CodeIgniter\CodeIgniter->handleRequest(null, Object(Config\Cache), false)
 8 FCPATH\index.php(67): CodeIgniter\CodeIgniter->run()
 9 SYSTEMPATH\Commands\Server\rewrite.php(47): require_once('D:\\xampp\\htdocs\\ameng\\public\\index.php')
INFO - 2023-12-24 16:58:23 --> Session: Class initialized using 'CodeIgniter\Session\Handlers\FileHandler' driver.
WARNING - 2023-12-24 16:58:24 --> [DEPRECATED] Function strftime() is deprecated in APPPATH\Views\dashboard\s_waris\cetak_surat.php on line 91.
 1 SYSTEMPATH\View\View.php(213): include('D:\\xampp\\htdocs\\ameng\\app\\Views\\dashboard\\s_waris\\cetak_surat.php')
 2 SYSTEMPATH\View\View.php(216): CodeIgniter\View\View->CodeIgniter\View\{closure}()
 3 SYSTEMPATH\Common.php(1184): CodeIgniter\View\View->render('dashboard/s_waris/cetak_surat', [], true)
 4 APPPATH\Controllers\SWarisController.php(243): view('dashboard/s_waris/cetak_surat', [...])
 5 SYSTEMPATH\CodeIgniter.php(934): App\Controllers\SWarisController->cetak_surat('SAW.20231224.041248.02001')
 6 SYSTEMPATH\CodeIgniter.php(499): CodeIgniter\CodeIgniter->runController(Object(App\Controllers\SWarisController))
 7 SYSTEMPATH\CodeIgniter.php(368): CodeIgniter\CodeIgniter->handleRequest(null, Object(Config\Cache), false)
 8 FCPATH\index.php(67): CodeIgniter\CodeIgniter->run()
 9 SYSTEMPATH\Commands\Server\rewrite.php(47): require_once('D:\\xampp\\htdocs\\ameng\\public\\index.php')
CRITICAL - 2023-12-24 16:58:24 --> date(): Argument #2 ($timestamp) must be of type ?int, string given
in APPPATH\Views\dashboard\s_waris\cetak_surat.php on line 91.
 1 APPPATH\Views\dashboard\s_waris\cetak_surat.php(91): date('d F Y', '1998-12-12')
 2 SYSTEMPATH\View\View.php(213): include('D:\\xampp\\htdocs\\ameng\\app\\Views\\dashboard\\s_waris\\cetak_surat.php')
 3 SYSTEMPATH\View\View.php(216): CodeIgniter\View\View->CodeIgniter\View\{closure}()
 4 SYSTEMPATH\Common.php(1184): CodeIgniter\View\View->render('dashboard/s_waris/cetak_surat', [], true)
 5 APPPATH\Controllers\SWarisController.php(243): view('dashboard/s_waris/cetak_surat', [...])
 6 SYSTEMPATH\CodeIgniter.php(934): App\Controllers\SWarisController->cetak_surat('SAW.20231224.041248.02001')
 7 SYSTEMPATH\CodeIgniter.php(499): CodeIgniter\CodeIgniter->runController(Object(App\Controllers\SWarisController))
 8 SYSTEMPATH\CodeIgniter.php(368): CodeIgniter\CodeIgniter->handleRequest(null, Object(Config\Cache), false)
 9 FCPATH\index.php(67): CodeIgniter\CodeIgniter->run()
10 SYSTEMPATH\Commands\Server\rewrite.php(47): require_once('D:\\xampp\\htdocs\\ameng\\public\\index.php')
INFO - 2023-12-24 16:58:44 --> Session: Class initialized using 'CodeIgniter\Session\Handlers\FileHandler' driver.
WARNING - 2023-12-24 16:58:44 --> [DEPRECATED] Function strftime() is deprecated in APPPATH\Views\dashboard\s_waris\cetak_surat.php on line 91.
 1 SYSTEMPATH\View\View.php(213): include('D:\\xampp\\htdocs\\ameng\\app\\Views\\dashboard\\s_waris\\cetak_surat.php')
 2 SYSTEMPATH\View\View.php(216): CodeIgniter\View\View->CodeIgniter\View\{closure}()
 3 SYSTEMPATH\Common.php(1184): CodeIgniter\View\View->render('dashboard/s_waris/cetak_surat', [], true)
 4 APPPATH\Controllers\SWarisController.php(243): view('dashboard/s_waris/cetak_surat', [...])
 5 SYSTEMPATH\CodeIgniter.php(934): App\Controllers\SWarisController->cetak_surat('SAW.20231224.041248.02001')
 6 SYSTEMPATH\CodeIgniter.php(499): CodeIgniter\CodeIgniter->runController(Object(App\Controllers\SWarisController))
 7 SYSTEMPATH\CodeIgniter.php(368): CodeIgniter\CodeIgniter->handleRequest(null, Object(Config\Cache), false)
 8 FCPATH\index.php(67): CodeIgniter\CodeIgniter->run()
 9 SYSTEMPATH\Commands\Server\rewrite.php(47): require_once('D:\\xampp\\htdocs\\ameng\\public\\index.php')
CRITICAL - 2023-12-24 16:58:44 --> date(): Argument #2 ($timestamp) must be of type ?int, string given
in APPPATH\Views\dashboard\s_waris\cetak_surat.php on line 91.
 1 APPPATH\Views\dashboard\s_waris\cetak_surat.php(91): date('%d %B %Y', '1998-12-12')
 2 SYSTEMPATH\View\View.php(213): include('D:\\xampp\\htdocs\\ameng\\app\\Views\\dashboard\\s_waris\\cetak_surat.php')
 3 SYSTEMPATH\View\View.php(216): CodeIgniter\View\View->CodeIgniter\View\{closure}()
 4 SYSTEMPATH\Common.php(1184): CodeIgniter\View\View->render('dashboard/s_waris/cetak_surat', [], true)
 5 APPPATH\Controllers\SWarisController.php(243): view('dashboard/s_waris/cetak_surat', [...])
 6 SYSTEMPATH\CodeIgniter.php(934): App\Controllers\SWarisController->cetak_surat('SAW.20231224.041248.02001')
 7 SYSTEMPATH\CodeIgniter.php(499): CodeIgniter\CodeIgniter->runController(Object(App\Controllers\SWarisController))
 8 SYSTEMPATH\CodeIgniter.php(368): CodeIgniter\CodeIgniter->handleRequest(null, Object(Config\Cache), false)
 9 FCPATH\index.php(67): CodeIgniter\CodeIgniter->run()
10 SYSTEMPATH\Commands\Server\rewrite.php(47): require_once('D:\\xampp\\htdocs\\ameng\\public\\index.php')
INFO - 2023-12-24 16:59:08 --> Session: Class initialized using 'CodeIgniter\Session\Handlers\FileHandler' driver.
WARNING - 2023-12-24 16:59:08 --> [DEPRECATED] Function strftime() is deprecated in APPPATH\Views\dashboard\s_waris\cetak_surat.php on line 91.
 1 SYSTEMPATH\View\View.php(213): include('D:\\xampp\\htdocs\\ameng\\app\\Views\\dashboard\\s_waris\\cetak_surat.php')
 2 SYSTEMPATH\View\View.php(216): CodeIgniter\View\View->CodeIgniter\View\{closure}()
 3 SYSTEMPATH\Common.php(1184): CodeIgniter\View\View->render('dashboard/s_waris/cetak_surat', [], true)
 4 APPPATH\Controllers\SWarisController.php(243): view('dashboard/s_waris/cetak_surat', [...])
 5 SYSTEMPATH\CodeIgniter.php(934): App\Controllers\SWarisController->cetak_surat('SAW.20231224.041248.02001')
 6 SYSTEMPATH\CodeIgniter.php(499): CodeIgniter\CodeIgniter->runController(Object(App\Controllers\SWarisController))
 7 SYSTEMPATH\CodeIgniter.php(368): CodeIgniter\CodeIgniter->handleRequest(null, Object(Config\Cache), false)
 8 FCPATH\index.php(67): CodeIgniter\CodeIgniter->run()
 9 SYSTEMPATH\Commands\Server\rewrite.php(47): require_once('D:\\xampp\\htdocs\\ameng\\public\\index.php')
WARNING - 2023-12-24 16:59:08 --> [DEPRECATED] Function strftime() is deprecated in APPPATH\Views\dashboard\s_waris\cetak_surat.php on line 155.
 1 SYSTEMPATH\View\View.php(213): include('D:\\xampp\\htdocs\\ameng\\app\\Views\\dashboard\\s_waris\\cetak_surat.php')
 2 SYSTEMPATH\View\View.php(216): CodeIgniter\View\View->CodeIgniter\View\{closure}()
 3 SYSTEMPATH\Common.php(1184): CodeIgniter\View\View->render('dashboard/s_waris/cetak_surat', [], true)
 4 APPPATH\Controllers\SWarisController.php(243): view('dashboard/s_waris/cetak_surat', [...])
 5 SYSTEMPATH\CodeIgniter.php(934): App\Controllers\SWarisController->cetak_surat('SAW.20231224.041248.02001')
 6 SYSTEMPATH\CodeIgniter.php(499): CodeIgniter\CodeIgniter->runController(Object(App\Controllers\SWarisController))
 7 SYSTEMPATH\CodeIgniter.php(368): CodeIgniter\CodeIgniter->handleRequest(null, Object(Config\Cache), false)
 8 FCPATH\index.php(67): CodeIgniter\CodeIgniter->run()
 9 SYSTEMPATH\Commands\Server\rewrite.php(47): require_once('D:\\xampp\\htdocs\\ameng\\public\\index.php')
