INFO - 2023-08-14 12:26:42 --> Session: Class initialized using 'CodeIgniter\Session\Handlers\FileHandler' driver.
INFO - 2023-08-14 12:26:55 --> Session: Class initialized using 'CodeIgniter\Session\Handlers\FileHandler' driver.
INFO - 2023-08-14 12:27:04 --> Session: Class initialized using 'CodeIgniter\Session\Handlers\FileHandler' driver.
INFO - 2023-08-14 12:27:08 --> Session: Class initialized using 'CodeIgniter\Session\Handlers\FileHandler' driver.
INFO - 2023-08-14 12:27:08 --> Session: Class initialized using 'CodeIgniter\Session\Handlers\FileHandler' driver.
INFO - 2023-08-14 12:27:21 --> Session: Class initialized using 'CodeIgniter\Session\Handlers\FileHandler' driver.
INFO - 2023-08-14 12:27:29 --> Session: Class initialized using 'CodeIgniter\Session\Handlers\FileHandler' driver.
INFO - 2023-08-14 12:27:29 --> Session: Class initialized using 'CodeIgniter\Session\Handlers\FileHandler' driver.
INFO - 2023-08-14 12:27:34 --> Session: Class initialized using 'CodeIgniter\Session\Handlers\FileHandler' driver.
INFO - 2023-08-14 12:27:53 --> Session: Class initialized using 'CodeIgniter\Session\Handlers\FileHandler' driver.
INFO - 2023-08-14 12:27:56 --> Session: Class initialized using 'CodeIgniter\Session\Handlers\FileHandler' driver.
INFO - 2023-08-14 12:27:59 --> Session: Class initialized using 'CodeIgniter\Session\Handlers\FileHandler' driver.
INFO - 2023-08-14 12:34:06 --> Session: Class initialized using 'CodeIgniter\Session\Handlers\FileHandler' driver.
INFO - 2023-08-14 12:34:06 --> Session: Class initialized using 'CodeIgniter\Session\Handlers\FileHandler' driver.
INFO - 2023-08-14 12:34:09 --> Session: Class initialized using 'CodeIgniter\Session\Handlers\FileHandler' driver.
INFO - 2023-08-14 12:35:18 --> Session: Class initialized using 'CodeIgniter\Session\Handlers\FileHandler' driver.
INFO - 2023-08-14 12:35:20 --> Session: Class initialized using 'CodeIgniter\Session\Handlers\FileHandler' driver.
INFO - 2023-08-14 12:35:22 --> Session: Class initialized using 'CodeIgniter\Session\Handlers\FileHandler' driver.
INFO - 2023-08-14 12:35:24 --> Session: Class initialized using 'CodeIgniter\Session\Handlers\FileHandler' driver.
INFO - 2023-08-14 12:35:26 --> Session: Class initialized using 'CodeIgniter\Session\Handlers\FileHandler' driver.
INFO - 2023-08-14 12:35:29 --> Session: Class initialized using 'CodeIgniter\Session\Handlers\FileHandler' driver.
ERROR - 2023-08-14 15:46:58 --> mysqli_sql_exception: Operand should contain 1 column(s) in C:\xampp\htdocs\web_manajemen_desa\system\Database\MySQLi\Connection.php:295
Stack trace:
#0 C:\xampp\htdocs\web_manajemen_desa\system\Database\MySQLi\Connection.php(295): mysqli->query('INSERT INTO `tb...', 0)
#1 C:\xampp\htdocs\web_manajemen_desa\system\Database\BaseConnection.php(692): CodeIgniter\Database\MySQLi\Connection->execute('INSERT INTO `tb...')
#2 C:\xampp\htdocs\web_manajemen_desa\system\Database\BaseConnection.php(606): CodeIgniter\Database\BaseConnection->simpleQuery('INSERT INTO `tb...')
#3 C:\xampp\htdocs\web_manajemen_desa\system\Database\BaseBuilder.php(2309): CodeIgniter\Database\BaseConnection->query('INSERT INTO `tb...', Array, false)
#4 C:\xampp\htdocs\web_manajemen_desa\system\Model.php(330): CodeIgniter\Database\BaseBuilder->insert()
#5 C:\xampp\htdocs\web_manajemen_desa\system\BaseModel.php(782): CodeIgniter\Model->doInsert(Array)
#6 C:\xampp\htdocs\web_manajemen_desa\system\Model.php(730): CodeIgniter\BaseModel->insert(Array, false)
#7 C:\xampp\htdocs\web_manajemen_desa\system\BaseModel.php(692): CodeIgniter\Model->insert(Array, false)
#8 C:\xampp\htdocs\web_manajemen_desa\app\Controllers\HomepageController.php(684): CodeIgniter\BaseModel->save(Array)
#9 C:\xampp\htdocs\web_manajemen_desa\system\CodeIgniter.php(934): App\Controllers\HomepageController->form_waris_proses()
#10 C:\xampp\htdocs\web_manajemen_desa\system\CodeIgniter.php(499): CodeIgniter\CodeIgniter->runController(Object(App\Controllers\HomepageController))
#11 C:\xampp\htdocs\web_manajemen_desa\system\CodeIgniter.php(368): CodeIgniter\CodeIgniter->handleRequest(NULL, Object(Config\Cache), false)
#12 C:\xampp\htdocs\web_manajemen_desa\public\index.php(67): CodeIgniter\CodeIgniter->run()
#13 C:\xampp\htdocs\web_manajemen_desa\system\Commands\Server\rewrite.php(47): require_once('C:\\xampp\\htdocs...')
#14 {main}
CRITICAL - 2023-08-14 15:46:58 --> Operand should contain 1 column(s)
in SYSTEMPATH\Database\MySQLi\Connection.php on line 295.
 1 SYSTEMPATH\Database\MySQLi\Connection.php(295): mysqli->query('INSERT INTO `tb_s_waris` (`nik`, `jenis_surat`, `keperluan`, `pengambilan`, `status`, `identitas`, `nama_ahli_waris`, `tempat_lahir_ahli_waris`, `tgl_lahir_ahli_waris`, `nik_ahli_waris`, `hubungan_keluarga`) VALUES (\'3522122211980002\', \'Surat Ahli Waris\', \'Surat Keterangan Ahli Waris\', \'kantor\', \'proses\', \'3522122211980002.png\', (\'asw\',\'saw\'), (\'asw\',\'saw\'), (\'2023-08-14\',\'2023-07-30\'), \'222222233333333\', \'Ayah\')', 0)
 2 SYSTEMPATH\Database\BaseConnection.php(692): CodeIgniter\Database\MySQLi\Connection->execute('INSERT INTO `tb_s_waris` (`nik`, `jenis_surat`, `keperluan`, `pengambilan`, `status`, `identitas`, `nama_ahli_waris`, `tempat_lahir_ahli_waris`, `tgl_lahir_ahli_waris`, `nik_ahli_waris`, `hubungan_keluarga`) VALUES (\'3522122211980002\', \'Surat Ahli Waris\', \'Surat Keterangan Ahli Waris\', \'kantor\', \'proses\', \'3522122211980002.png\', (\'asw\',\'saw\'), (\'asw\',\'saw\'), (\'2023-08-14\',\'2023-07-30\'), \'222222233333333\', \'Ayah\')')
 3 SYSTEMPATH\Database\BaseConnection.php(606): CodeIgniter\Database\BaseConnection->simpleQuery('INSERT INTO `tb_s_waris` (`nik`, `jenis_surat`, `keperluan`, `pengambilan`, `status`, `identitas`, `nama_ahli_waris`, `tempat_lahir_ahli_waris`, `tgl_lahir_ahli_waris`, `nik_ahli_waris`, `hubungan_keluarga`) VALUES (\'3522122211980002\', \'Surat Ahli Waris\', \'Surat Keterangan Ahli Waris\', \'kantor\', \'proses\', \'3522122211980002.png\', (\'asw\',\'saw\'), (\'asw\',\'saw\'), (\'2023-08-14\',\'2023-07-30\'), \'222222233333333\', \'Ayah\')')
 4 SYSTEMPATH\Database\BaseBuilder.php(2309): CodeIgniter\Database\BaseConnection->query('INSERT INTO `tb_s_waris` (`nik`, `jenis_surat`, `keperluan`, `pengambilan`, `status`, `identitas`, `nama_ahli_waris`, `tempat_lahir_ahli_waris`, `tgl_lahir_ahli_waris`, `nik_ahli_waris`, `hubungan_keluarga`) VALUES (:nik:, :jenis_surat:, :keperluan:, :pengambilan:, :status:, :identitas:, :nama_ahli_waris:, :tempat_lahir_ahli_waris:, :tgl_lahir_ahli_waris:, :nik_ahli_waris:, :hubungan_keluarga:)', [...], false)
 5 SYSTEMPATH\Model.php(330): CodeIgniter\Database\BaseBuilder->insert()
 6 SYSTEMPATH\BaseModel.php(782): CodeIgniter\Model->doInsert([...])
 7 SYSTEMPATH\Model.php(730): CodeIgniter\BaseModel->insert([...], false)
 8 SYSTEMPATH\BaseModel.php(692): CodeIgniter\Model->insert([...], false)
 9 APPPATH\Controllers\HomepageController.php(684): CodeIgniter\BaseModel->save([...])
10 SYSTEMPATH\CodeIgniter.php(934): App\Controllers\HomepageController->form_waris_proses()
11 SYSTEMPATH\CodeIgniter.php(499): CodeIgniter\CodeIgniter->runController(Object(App\Controllers\HomepageController))
12 SYSTEMPATH\CodeIgniter.php(368): CodeIgniter\CodeIgniter->handleRequest(null, Object(Config\Cache), false)
13 FCPATH\index.php(67): CodeIgniter\CodeIgniter->run()
14 SYSTEMPATH\Commands\Server\rewrite.php(47): require_once('C:\\xampp\\htdocs\\web_manajemen_desa\\public\\index.php')
ERROR - 2023-08-14 15:54:19 --> mysqli_sql_exception: Operand should contain 1 column(s) in C:\xampp\htdocs\web_manajemen_desa\system\Database\MySQLi\Connection.php:295
Stack trace:
#0 C:\xampp\htdocs\web_manajemen_desa\system\Database\MySQLi\Connection.php(295): mysqli->query('INSERT INTO `tb...', 0)
#1 C:\xampp\htdocs\web_manajemen_desa\system\Database\BaseConnection.php(692): CodeIgniter\Database\MySQLi\Connection->execute('INSERT INTO `tb...')
#2 C:\xampp\htdocs\web_manajemen_desa\system\Database\BaseConnection.php(606): CodeIgniter\Database\BaseConnection->simpleQuery('INSERT INTO `tb...')
#3 C:\xampp\htdocs\web_manajemen_desa\system\Database\BaseBuilder.php(2309): CodeIgniter\Database\BaseConnection->query('INSERT INTO `tb...', Array, false)
#4 C:\xampp\htdocs\web_manajemen_desa\system\Model.php(330): CodeIgniter\Database\BaseBuilder->insert()
#5 C:\xampp\htdocs\web_manajemen_desa\system\BaseModel.php(782): CodeIgniter\Model->doInsert(Array)
#6 C:\xampp\htdocs\web_manajemen_desa\system\Model.php(730): CodeIgniter\BaseModel->insert(Array, false)
#7 C:\xampp\htdocs\web_manajemen_desa\system\BaseModel.php(692): CodeIgniter\Model->insert(Array, false)
#8 C:\xampp\htdocs\web_manajemen_desa\app\Controllers\HomepageController.php(684): CodeIgniter\BaseModel->save(Array)
#9 C:\xampp\htdocs\web_manajemen_desa\system\CodeIgniter.php(934): App\Controllers\HomepageController->form_waris_proses()
#10 C:\xampp\htdocs\web_manajemen_desa\system\CodeIgniter.php(499): CodeIgniter\CodeIgniter->runController(Object(App\Controllers\HomepageController))
#11 C:\xampp\htdocs\web_manajemen_desa\system\CodeIgniter.php(368): CodeIgniter\CodeIgniter->handleRequest(NULL, Object(Config\Cache), false)
#12 C:\xampp\htdocs\web_manajemen_desa\public\index.php(67): CodeIgniter\CodeIgniter->run()
#13 C:\xampp\htdocs\web_manajemen_desa\system\Commands\Server\rewrite.php(47): require_once('C:\\xampp\\htdocs...')
#14 {main}
CRITICAL - 2023-08-14 15:54:19 --> Operand should contain 1 column(s)
in SYSTEMPATH\Database\MySQLi\Connection.php on line 295.
 1 SYSTEMPATH\Database\MySQLi\Connection.php(295): mysqli->query('INSERT INTO `tb_s_waris` (`nik`, `jenis_surat`, `keperluan`, `pengambilan`, `status`, `identitas`, `nama_ahli_waris`, `tempat_lahir_ahli_waris`, `tgl_lahir_ahli_waris`, `nik_ahli_waris`, `hubungan_keluarga`) VALUES (\'3522122211980002\', \'Surat Ahli Waris\', \'Surat Keterangan Ahli Waris\', \'kantor\', \'proses\', \'3522122211980002.png\', (\'asw\',\'saw\'), (\'asw\',\'saw\'), (\'2023-08-14\',\'2023-07-30\'), \'222222233333333\', \'Ayah\')', 0)
 2 SYSTEMPATH\Database\BaseConnection.php(692): CodeIgniter\Database\MySQLi\Connection->execute('INSERT INTO `tb_s_waris` (`nik`, `jenis_surat`, `keperluan`, `pengambilan`, `status`, `identitas`, `nama_ahli_waris`, `tempat_lahir_ahli_waris`, `tgl_lahir_ahli_waris`, `nik_ahli_waris`, `hubungan_keluarga`) VALUES (\'3522122211980002\', \'Surat Ahli Waris\', \'Surat Keterangan Ahli Waris\', \'kantor\', \'proses\', \'3522122211980002.png\', (\'asw\',\'saw\'), (\'asw\',\'saw\'), (\'2023-08-14\',\'2023-07-30\'), \'222222233333333\', \'Ayah\')')
 3 SYSTEMPATH\Database\BaseConnection.php(606): CodeIgniter\Database\BaseConnection->simpleQuery('INSERT INTO `tb_s_waris` (`nik`, `jenis_surat`, `keperluan`, `pengambilan`, `status`, `identitas`, `nama_ahli_waris`, `tempat_lahir_ahli_waris`, `tgl_lahir_ahli_waris`, `nik_ahli_waris`, `hubungan_keluarga`) VALUES (\'3522122211980002\', \'Surat Ahli Waris\', \'Surat Keterangan Ahli Waris\', \'kantor\', \'proses\', \'3522122211980002.png\', (\'asw\',\'saw\'), (\'asw\',\'saw\'), (\'2023-08-14\',\'2023-07-30\'), \'222222233333333\', \'Ayah\')')
 4 SYSTEMPATH\Database\BaseBuilder.php(2309): CodeIgniter\Database\BaseConnection->query('INSERT INTO `tb_s_waris` (`nik`, `jenis_surat`, `keperluan`, `pengambilan`, `status`, `identitas`, `nama_ahli_waris`, `tempat_lahir_ahli_waris`, `tgl_lahir_ahli_waris`, `nik_ahli_waris`, `hubungan_keluarga`) VALUES (:nik:, :jenis_surat:, :keperluan:, :pengambilan:, :status:, :identitas:, :nama_ahli_waris:, :tempat_lahir_ahli_waris:, :tgl_lahir_ahli_waris:, :nik_ahli_waris:, :hubungan_keluarga:)', [...], false)
 5 SYSTEMPATH\Model.php(330): CodeIgniter\Database\BaseBuilder->insert()
 6 SYSTEMPATH\BaseModel.php(782): CodeIgniter\Model->doInsert([...])
 7 SYSTEMPATH\Model.php(730): CodeIgniter\BaseModel->insert([...], false)
 8 SYSTEMPATH\BaseModel.php(692): CodeIgniter\Model->insert([...], false)
 9 APPPATH\Controllers\HomepageController.php(684): CodeIgniter\BaseModel->save([...])
10 SYSTEMPATH\CodeIgniter.php(934): App\Controllers\HomepageController->form_waris_proses()
11 SYSTEMPATH\CodeIgniter.php(499): CodeIgniter\CodeIgniter->runController(Object(App\Controllers\HomepageController))
12 SYSTEMPATH\CodeIgniter.php(368): CodeIgniter\CodeIgniter->handleRequest(null, Object(Config\Cache), false)
13 FCPATH\index.php(67): CodeIgniter\CodeIgniter->run()
14 SYSTEMPATH\Commands\Server\rewrite.php(47): require_once('C:\\xampp\\htdocs\\web_manajemen_desa\\public\\index.php')
ERROR - 2023-08-14 15:55:29 --> mysqli_sql_exception: Operand should contain 1 column(s) in C:\xampp\htdocs\web_manajemen_desa\system\Database\MySQLi\Connection.php:295
Stack trace:
#0 C:\xampp\htdocs\web_manajemen_desa\system\Database\MySQLi\Connection.php(295): mysqli->query('INSERT INTO `tb...', 0)
#1 C:\xampp\htdocs\web_manajemen_desa\system\Database\BaseConnection.php(692): CodeIgniter\Database\MySQLi\Connection->execute('INSERT INTO `tb...')
#2 C:\xampp\htdocs\web_manajemen_desa\system\Database\BaseConnection.php(606): CodeIgniter\Database\BaseConnection->simpleQuery('INSERT INTO `tb...')
#3 C:\xampp\htdocs\web_manajemen_desa\system\Database\BaseBuilder.php(2309): CodeIgniter\Database\BaseConnection->query('INSERT INTO `tb...', Array, false)
#4 C:\xampp\htdocs\web_manajemen_desa\system\Model.php(330): CodeIgniter\Database\BaseBuilder->insert()
#5 C:\xampp\htdocs\web_manajemen_desa\system\BaseModel.php(782): CodeIgniter\Model->doInsert(Array)
#6 C:\xampp\htdocs\web_manajemen_desa\system\Model.php(730): CodeIgniter\BaseModel->insert(Array, false)
#7 C:\xampp\htdocs\web_manajemen_desa\system\BaseModel.php(692): CodeIgniter\Model->insert(Array, false)
#8 C:\xampp\htdocs\web_manajemen_desa\app\Controllers\HomepageController.php(684): CodeIgniter\BaseModel->save(Array)
#9 C:\xampp\htdocs\web_manajemen_desa\system\CodeIgniter.php(934): App\Controllers\HomepageController->form_waris_proses()
#10 C:\xampp\htdocs\web_manajemen_desa\system\CodeIgniter.php(499): CodeIgniter\CodeIgniter->runController(Object(App\Controllers\HomepageController))
#11 C:\xampp\htdocs\web_manajemen_desa\system\CodeIgniter.php(368): CodeIgniter\CodeIgniter->handleRequest(NULL, Object(Config\Cache), false)
#12 C:\xampp\htdocs\web_manajemen_desa\public\index.php(67): CodeIgniter\CodeIgniter->run()
#13 C:\xampp\htdocs\web_manajemen_desa\system\Commands\Server\rewrite.php(47): require_once('C:\\xampp\\htdocs...')
#14 {main}
CRITICAL - 2023-08-14 15:55:29 --> Operand should contain 1 column(s)
in SYSTEMPATH\Database\MySQLi\Connection.php on line 295.
 1 SYSTEMPATH\Database\MySQLi\Connection.php(295): mysqli->query('INSERT INTO `tb_s_waris` (`nik`, `jenis_surat`, `keperluan`, `pengambilan`, `status`, `identitas`, `nama_ahli_waris`, `tempat_lahir_ahli_waris`, `tgl_lahir_ahli_waris`, `nik_ahli_waris`, `hubungan_keluarga`) VALUES (\'3522122211980002\', \'Surat Ahli Waris\', \'Surat Keterangan Ahli Waris\', \'kantor\', \'proses\', \'3522122211980002.png\', (\'asw\',\'saw\'), (\'asw\',\'saw\'), (\'2023-08-14\',\'2023-07-30\'), \'222222233333333\', \'Ayah\')', 0)
 2 SYSTEMPATH\Database\BaseConnection.php(692): CodeIgniter\Database\MySQLi\Connection->execute('INSERT INTO `tb_s_waris` (`nik`, `jenis_surat`, `keperluan`, `pengambilan`, `status`, `identitas`, `nama_ahli_waris`, `tempat_lahir_ahli_waris`, `tgl_lahir_ahli_waris`, `nik_ahli_waris`, `hubungan_keluarga`) VALUES (\'3522122211980002\', \'Surat Ahli Waris\', \'Surat Keterangan Ahli Waris\', \'kantor\', \'proses\', \'3522122211980002.png\', (\'asw\',\'saw\'), (\'asw\',\'saw\'), (\'2023-08-14\',\'2023-07-30\'), \'222222233333333\', \'Ayah\')')
 3 SYSTEMPATH\Database\BaseConnection.php(606): CodeIgniter\Database\BaseConnection->simpleQuery('INSERT INTO `tb_s_waris` (`nik`, `jenis_surat`, `keperluan`, `pengambilan`, `status`, `identitas`, `nama_ahli_waris`, `tempat_lahir_ahli_waris`, `tgl_lahir_ahli_waris`, `nik_ahli_waris`, `hubungan_keluarga`) VALUES (\'3522122211980002\', \'Surat Ahli Waris\', \'Surat Keterangan Ahli Waris\', \'kantor\', \'proses\', \'3522122211980002.png\', (\'asw\',\'saw\'), (\'asw\',\'saw\'), (\'2023-08-14\',\'2023-07-30\'), \'222222233333333\', \'Ayah\')')
 4 SYSTEMPATH\Database\BaseBuilder.php(2309): CodeIgniter\Database\BaseConnection->query('INSERT INTO `tb_s_waris` (`nik`, `jenis_surat`, `keperluan`, `pengambilan`, `status`, `identitas`, `nama_ahli_waris`, `tempat_lahir_ahli_waris`, `tgl_lahir_ahli_waris`, `nik_ahli_waris`, `hubungan_keluarga`) VALUES (:nik:, :jenis_surat:, :keperluan:, :pengambilan:, :status:, :identitas:, :nama_ahli_waris:, :tempat_lahir_ahli_waris:, :tgl_lahir_ahli_waris:, :nik_ahli_waris:, :hubungan_keluarga:)', [...], false)
 5 SYSTEMPATH\Model.php(330): CodeIgniter\Database\BaseBuilder->insert()
 6 SYSTEMPATH\BaseModel.php(782): CodeIgniter\Model->doInsert([...])
 7 SYSTEMPATH\Model.php(730): CodeIgniter\BaseModel->insert([...], false)
 8 SYSTEMPATH\BaseModel.php(692): CodeIgniter\Model->insert([...], false)
 9 APPPATH\Controllers\HomepageController.php(684): CodeIgniter\BaseModel->save([...])
10 SYSTEMPATH\CodeIgniter.php(934): App\Controllers\HomepageController->form_waris_proses()
11 SYSTEMPATH\CodeIgniter.php(499): CodeIgniter\CodeIgniter->runController(Object(App\Controllers\HomepageController))
12 SYSTEMPATH\CodeIgniter.php(368): CodeIgniter\CodeIgniter->handleRequest(null, Object(Config\Cache), false)
13 FCPATH\index.php(67): CodeIgniter\CodeIgniter->run()
14 SYSTEMPATH\Commands\Server\rewrite.php(47): require_once('C:\\xampp\\htdocs\\web_manajemen_desa\\public\\index.php')
ERROR - 2023-08-14 15:55:56 --> mysqli_sql_exception: Operand should contain 1 column(s) in C:\xampp\htdocs\web_manajemen_desa\system\Database\MySQLi\Connection.php:295
Stack trace:
#0 C:\xampp\htdocs\web_manajemen_desa\system\Database\MySQLi\Connection.php(295): mysqli->query('INSERT INTO `tb...', 0)
#1 C:\xampp\htdocs\web_manajemen_desa\system\Database\BaseConnection.php(692): CodeIgniter\Database\MySQLi\Connection->execute('INSERT INTO `tb...')
#2 C:\xampp\htdocs\web_manajemen_desa\system\Database\BaseConnection.php(606): CodeIgniter\Database\BaseConnection->simpleQuery('INSERT INTO `tb...')
#3 C:\xampp\htdocs\web_manajemen_desa\system\Database\BaseBuilder.php(2309): CodeIgniter\Database\BaseConnection->query('INSERT INTO `tb...', Array, false)
#4 C:\xampp\htdocs\web_manajemen_desa\system\Model.php(330): CodeIgniter\Database\BaseBuilder->insert()
#5 C:\xampp\htdocs\web_manajemen_desa\system\BaseModel.php(782): CodeIgniter\Model->doInsert(Array)
#6 C:\xampp\htdocs\web_manajemen_desa\system\Model.php(730): CodeIgniter\BaseModel->insert(Array, false)
#7 C:\xampp\htdocs\web_manajemen_desa\system\BaseModel.php(692): CodeIgniter\Model->insert(Array, false)
#8 C:\xampp\htdocs\web_manajemen_desa\app\Controllers\HomepageController.php(684): CodeIgniter\BaseModel->save(Array)
#9 C:\xampp\htdocs\web_manajemen_desa\system\CodeIgniter.php(934): App\Controllers\HomepageController->form_waris_proses()
#10 C:\xampp\htdocs\web_manajemen_desa\system\CodeIgniter.php(499): CodeIgniter\CodeIgniter->runController(Object(App\Controllers\HomepageController))
#11 C:\xampp\htdocs\web_manajemen_desa\system\CodeIgniter.php(368): CodeIgniter\CodeIgniter->handleRequest(NULL, Object(Config\Cache), false)
#12 C:\xampp\htdocs\web_manajemen_desa\public\index.php(67): CodeIgniter\CodeIgniter->run()
#13 C:\xampp\htdocs\web_manajemen_desa\system\Commands\Server\rewrite.php(47): require_once('C:\\xampp\\htdocs...')
#14 {main}
CRITICAL - 2023-08-14 15:55:56 --> Operand should contain 1 column(s)
in SYSTEMPATH\Database\MySQLi\Connection.php on line 295.
 1 SYSTEMPATH\Database\MySQLi\Connection.php(295): mysqli->query('INSERT INTO `tb_s_waris` (`nik`, `jenis_surat`, `keperluan`, `pengambilan`, `status`, `identitas`, `nama_ahli_waris`, `tempat_lahir_ahli_waris`, `tgl_lahir_ahli_waris`, `nik_ahli_waris`, `hubungan_keluarga`) VALUES (\'3522122211980002\', \'Surat Ahli Waris\', \'Surat Keterangan Ahli Waris\', \'kantor\', \'proses\', \'3522122211980002.png\', (\'asw\',\'saw\'), (\'asw\',\'saw\'), (\'2023-08-14\',\'2023-07-30\'), \'222222233333333\', \'Ayah\')', 0)
 2 SYSTEMPATH\Database\BaseConnection.php(692): CodeIgniter\Database\MySQLi\Connection->execute('INSERT INTO `tb_s_waris` (`nik`, `jenis_surat`, `keperluan`, `pengambilan`, `status`, `identitas`, `nama_ahli_waris`, `tempat_lahir_ahli_waris`, `tgl_lahir_ahli_waris`, `nik_ahli_waris`, `hubungan_keluarga`) VALUES (\'3522122211980002\', \'Surat Ahli Waris\', \'Surat Keterangan Ahli Waris\', \'kantor\', \'proses\', \'3522122211980002.png\', (\'asw\',\'saw\'), (\'asw\',\'saw\'), (\'2023-08-14\',\'2023-07-30\'), \'222222233333333\', \'Ayah\')')
 3 SYSTEMPATH\Database\BaseConnection.php(606): CodeIgniter\Database\BaseConnection->simpleQuery('INSERT INTO `tb_s_waris` (`nik`, `jenis_surat`, `keperluan`, `pengambilan`, `status`, `identitas`, `nama_ahli_waris`, `tempat_lahir_ahli_waris`, `tgl_lahir_ahli_waris`, `nik_ahli_waris`, `hubungan_keluarga`) VALUES (\'3522122211980002\', \'Surat Ahli Waris\', \'Surat Keterangan Ahli Waris\', \'kantor\', \'proses\', \'3522122211980002.png\', (\'asw\',\'saw\'), (\'asw\',\'saw\'), (\'2023-08-14\',\'2023-07-30\'), \'222222233333333\', \'Ayah\')')
 4 SYSTEMPATH\Database\BaseBuilder.php(2309): CodeIgniter\Database\BaseConnection->query('INSERT INTO `tb_s_waris` (`nik`, `jenis_surat`, `keperluan`, `pengambilan`, `status`, `identitas`, `nama_ahli_waris`, `tempat_lahir_ahli_waris`, `tgl_lahir_ahli_waris`, `nik_ahli_waris`, `hubungan_keluarga`) VALUES (:nik:, :jenis_surat:, :keperluan:, :pengambilan:, :status:, :identitas:, :nama_ahli_waris:, :tempat_lahir_ahli_waris:, :tgl_lahir_ahli_waris:, :nik_ahli_waris:, :hubungan_keluarga:)', [...], false)
 5 SYSTEMPATH\Model.php(330): CodeIgniter\Database\BaseBuilder->insert()
 6 SYSTEMPATH\BaseModel.php(782): CodeIgniter\Model->doInsert([...])
 7 SYSTEMPATH\Model.php(730): CodeIgniter\BaseModel->insert([...], false)
 8 SYSTEMPATH\BaseModel.php(692): CodeIgniter\Model->insert([...], false)
 9 APPPATH\Controllers\HomepageController.php(684): CodeIgniter\BaseModel->save([...])
10 SYSTEMPATH\CodeIgniter.php(934): App\Controllers\HomepageController->form_waris_proses()
11 SYSTEMPATH\CodeIgniter.php(499): CodeIgniter\CodeIgniter->runController(Object(App\Controllers\HomepageController))
12 SYSTEMPATH\CodeIgniter.php(368): CodeIgniter\CodeIgniter->handleRequest(null, Object(Config\Cache), false)
13 FCPATH\index.php(67): CodeIgniter\CodeIgniter->run()
14 SYSTEMPATH\Commands\Server\rewrite.php(47): require_once('C:\\xampp\\htdocs\\web_manajemen_desa\\public\\index.php')
ERROR - 2023-08-14 15:56:17 --> mysqli_sql_exception: Operand should contain 1 column(s) in C:\xampp\htdocs\web_manajemen_desa\system\Database\MySQLi\Connection.php:295
Stack trace:
#0 C:\xampp\htdocs\web_manajemen_desa\system\Database\MySQLi\Connection.php(295): mysqli->query('INSERT INTO `tb...', 0)
#1 C:\xampp\htdocs\web_manajemen_desa\system\Database\BaseConnection.php(692): CodeIgniter\Database\MySQLi\Connection->execute('INSERT INTO `tb...')
#2 C:\xampp\htdocs\web_manajemen_desa\system\Database\BaseConnection.php(606): CodeIgniter\Database\BaseConnection->simpleQuery('INSERT INTO `tb...')
#3 C:\xampp\htdocs\web_manajemen_desa\system\Database\BaseBuilder.php(2309): CodeIgniter\Database\BaseConnection->query('INSERT INTO `tb...', Array, false)
#4 C:\xampp\htdocs\web_manajemen_desa\system\Model.php(330): CodeIgniter\Database\BaseBuilder->insert()
#5 C:\xampp\htdocs\web_manajemen_desa\system\BaseModel.php(782): CodeIgniter\Model->doInsert(Array)
#6 C:\xampp\htdocs\web_manajemen_desa\system\Model.php(730): CodeIgniter\BaseModel->insert(Array, false)
#7 C:\xampp\htdocs\web_manajemen_desa\system\BaseModel.php(692): CodeIgniter\Model->insert(Array, false)
#8 C:\xampp\htdocs\web_manajemen_desa\app\Controllers\HomepageController.php(684): CodeIgniter\BaseModel->save(Array)
#9 C:\xampp\htdocs\web_manajemen_desa\system\CodeIgniter.php(934): App\Controllers\HomepageController->form_waris_proses()
#10 C:\xampp\htdocs\web_manajemen_desa\system\CodeIgniter.php(499): CodeIgniter\CodeIgniter->runController(Object(App\Controllers\HomepageController))
#11 C:\xampp\htdocs\web_manajemen_desa\system\CodeIgniter.php(368): CodeIgniter\CodeIgniter->handleRequest(NULL, Object(Config\Cache), false)
#12 C:\xampp\htdocs\web_manajemen_desa\public\index.php(67): CodeIgniter\CodeIgniter->run()
#13 C:\xampp\htdocs\web_manajemen_desa\system\Commands\Server\rewrite.php(47): require_once('C:\\xampp\\htdocs...')
#14 {main}
CRITICAL - 2023-08-14 15:56:17 --> Operand should contain 1 column(s)
in SYSTEMPATH\Database\MySQLi\Connection.php on line 295.
 1 SYSTEMPATH\Database\MySQLi\Connection.php(295): mysqli->query('INSERT INTO `tb_s_waris` (`nik`, `jenis_surat`, `keperluan`, `pengambilan`, `status`, `identitas`, `nama_ahli_waris`, `tempat_lahir_ahli_waris`, `tgl_lahir_ahli_waris`, `nik_ahli_waris`, `hubungan_keluarga`) VALUES (\'3522122211980002\', \'Surat Ahli Waris\', \'Surat Keterangan Ahli Waris\', \'kantor\', \'proses\', \'3522122211980002.png\', (\'asw\',\'saw\'), (\'asw\',\'saw\'), (\'2023-08-14\',\'2023-07-30\'), \'222222233333333\', \'Ayah\')', 0)
 2 SYSTEMPATH\Database\BaseConnection.php(692): CodeIgniter\Database\MySQLi\Connection->execute('INSERT INTO `tb_s_waris` (`nik`, `jenis_surat`, `keperluan`, `pengambilan`, `status`, `identitas`, `nama_ahli_waris`, `tempat_lahir_ahli_waris`, `tgl_lahir_ahli_waris`, `nik_ahli_waris`, `hubungan_keluarga`) VALUES (\'3522122211980002\', \'Surat Ahli Waris\', \'Surat Keterangan Ahli Waris\', \'kantor\', \'proses\', \'3522122211980002.png\', (\'asw\',\'saw\'), (\'asw\',\'saw\'), (\'2023-08-14\',\'2023-07-30\'), \'222222233333333\', \'Ayah\')')
 3 SYSTEMPATH\Database\BaseConnection.php(606): CodeIgniter\Database\BaseConnection->simpleQuery('INSERT INTO `tb_s_waris` (`nik`, `jenis_surat`, `keperluan`, `pengambilan`, `status`, `identitas`, `nama_ahli_waris`, `tempat_lahir_ahli_waris`, `tgl_lahir_ahli_waris`, `nik_ahli_waris`, `hubungan_keluarga`) VALUES (\'3522122211980002\', \'Surat Ahli Waris\', \'Surat Keterangan Ahli Waris\', \'kantor\', \'proses\', \'3522122211980002.png\', (\'asw\',\'saw\'), (\'asw\',\'saw\'), (\'2023-08-14\',\'2023-07-30\'), \'222222233333333\', \'Ayah\')')
 4 SYSTEMPATH\Database\BaseBuilder.php(2309): CodeIgniter\Database\BaseConnection->query('INSERT INTO `tb_s_waris` (`nik`, `jenis_surat`, `keperluan`, `pengambilan`, `status`, `identitas`, `nama_ahli_waris`, `tempat_lahir_ahli_waris`, `tgl_lahir_ahli_waris`, `nik_ahli_waris`, `hubungan_keluarga`) VALUES (:nik:, :jenis_surat:, :keperluan:, :pengambilan:, :status:, :identitas:, :nama_ahli_waris:, :tempat_lahir_ahli_waris:, :tgl_lahir_ahli_waris:, :nik_ahli_waris:, :hubungan_keluarga:)', [...], false)
 5 SYSTEMPATH\Model.php(330): CodeIgniter\Database\BaseBuilder->insert()
 6 SYSTEMPATH\BaseModel.php(782): CodeIgniter\Model->doInsert([...])
 7 SYSTEMPATH\Model.php(730): CodeIgniter\BaseModel->insert([...], false)
 8 SYSTEMPATH\BaseModel.php(692): CodeIgniter\Model->insert([...], false)
 9 APPPATH\Controllers\HomepageController.php(684): CodeIgniter\BaseModel->save([...])
10 SYSTEMPATH\CodeIgniter.php(934): App\Controllers\HomepageController->form_waris_proses()
11 SYSTEMPATH\CodeIgniter.php(499): CodeIgniter\CodeIgniter->runController(Object(App\Controllers\HomepageController))
12 SYSTEMPATH\CodeIgniter.php(368): CodeIgniter\CodeIgniter->handleRequest(null, Object(Config\Cache), false)
13 FCPATH\index.php(67): CodeIgniter\CodeIgniter->run()
14 SYSTEMPATH\Commands\Server\rewrite.php(47): require_once('C:\\xampp\\htdocs\\web_manajemen_desa\\public\\index.php')
ERROR - 2023-08-14 15:56:55 --> mysqli_sql_exception: Operand should contain 1 column(s) in C:\xampp\htdocs\web_manajemen_desa\system\Database\MySQLi\Connection.php:295
Stack trace:
#0 C:\xampp\htdocs\web_manajemen_desa\system\Database\MySQLi\Connection.php(295): mysqli->query('INSERT INTO `tb...', 0)
#1 C:\xampp\htdocs\web_manajemen_desa\system\Database\BaseConnection.php(692): CodeIgniter\Database\MySQLi\Connection->execute('INSERT INTO `tb...')
#2 C:\xampp\htdocs\web_manajemen_desa\system\Database\BaseConnection.php(606): CodeIgniter\Database\BaseConnection->simpleQuery('INSERT INTO `tb...')
#3 C:\xampp\htdocs\web_manajemen_desa\system\Database\BaseBuilder.php(2309): CodeIgniter\Database\BaseConnection->query('INSERT INTO `tb...', Array, false)
#4 C:\xampp\htdocs\web_manajemen_desa\system\Model.php(330): CodeIgniter\Database\BaseBuilder->insert()
#5 C:\xampp\htdocs\web_manajemen_desa\system\BaseModel.php(782): CodeIgniter\Model->doInsert(Array)
#6 C:\xampp\htdocs\web_manajemen_desa\system\Model.php(730): CodeIgniter\BaseModel->insert(Array, false)
#7 C:\xampp\htdocs\web_manajemen_desa\system\BaseModel.php(692): CodeIgniter\Model->insert(Array, false)
#8 C:\xampp\htdocs\web_manajemen_desa\app\Controllers\HomepageController.php(684): CodeIgniter\BaseModel->save(Array)
#9 C:\xampp\htdocs\web_manajemen_desa\system\CodeIgniter.php(934): App\Controllers\HomepageController->form_waris_proses()
#10 C:\xampp\htdocs\web_manajemen_desa\system\CodeIgniter.php(499): CodeIgniter\CodeIgniter->runController(Object(App\Controllers\HomepageController))
#11 C:\xampp\htdocs\web_manajemen_desa\system\CodeIgniter.php(368): CodeIgniter\CodeIgniter->handleRequest(NULL, Object(Config\Cache), false)
#12 C:\xampp\htdocs\web_manajemen_desa\public\index.php(67): CodeIgniter\CodeIgniter->run()
#13 C:\xampp\htdocs\web_manajemen_desa\system\Commands\Server\rewrite.php(47): require_once('C:\\xampp\\htdocs...')
#14 {main}
CRITICAL - 2023-08-14 15:56:55 --> Operand should contain 1 column(s)
in SYSTEMPATH\Database\MySQLi\Connection.php on line 295.
 1 SYSTEMPATH\Database\MySQLi\Connection.php(295): mysqli->query('INSERT INTO `tb_s_waris` (`nik`, `jenis_surat`, `keperluan`, `pengambilan`, `status`, `identitas`, `nama_ahli_waris`, `tempat_lahir_ahli_waris`, `tgl_lahir_ahli_waris`, `nik_ahli_waris`, `hubungan_keluarga`) VALUES (\'3522122211980002\', \'Surat Ahli Waris\', \'Surat Keterangan Ahli Waris\', \'kantor\', \'proses\', \'3522122211980002.png\', (\'asw\',\'saw\'), (\'asw\',\'saw\'), (\'2023-08-14\',\'2023-07-30\'), \'222222233333333\', \'Ayah\')', 0)
 2 SYSTEMPATH\Database\BaseConnection.php(692): CodeIgniter\Database\MySQLi\Connection->execute('INSERT INTO `tb_s_waris` (`nik`, `jenis_surat`, `keperluan`, `pengambilan`, `status`, `identitas`, `nama_ahli_waris`, `tempat_lahir_ahli_waris`, `tgl_lahir_ahli_waris`, `nik_ahli_waris`, `hubungan_keluarga`) VALUES (\'3522122211980002\', \'Surat Ahli Waris\', \'Surat Keterangan Ahli Waris\', \'kantor\', \'proses\', \'3522122211980002.png\', (\'asw\',\'saw\'), (\'asw\',\'saw\'), (\'2023-08-14\',\'2023-07-30\'), \'222222233333333\', \'Ayah\')')
 3 SYSTEMPATH\Database\BaseConnection.php(606): CodeIgniter\Database\BaseConnection->simpleQuery('INSERT INTO `tb_s_waris` (`nik`, `jenis_surat`, `keperluan`, `pengambilan`, `status`, `identitas`, `nama_ahli_waris`, `tempat_lahir_ahli_waris`, `tgl_lahir_ahli_waris`, `nik_ahli_waris`, `hubungan_keluarga`) VALUES (\'3522122211980002\', \'Surat Ahli Waris\', \'Surat Keterangan Ahli Waris\', \'kantor\', \'proses\', \'3522122211980002.png\', (\'asw\',\'saw\'), (\'asw\',\'saw\'), (\'2023-08-14\',\'2023-07-30\'), \'222222233333333\', \'Ayah\')')
 4 SYSTEMPATH\Database\BaseBuilder.php(2309): CodeIgniter\Database\BaseConnection->query('INSERT INTO `tb_s_waris` (`nik`, `jenis_surat`, `keperluan`, `pengambilan`, `status`, `identitas`, `nama_ahli_waris`, `tempat_lahir_ahli_waris`, `tgl_lahir_ahli_waris`, `nik_ahli_waris`, `hubungan_keluarga`) VALUES (:nik:, :jenis_surat:, :keperluan:, :pengambilan:, :status:, :identitas:, :nama_ahli_waris:, :tempat_lahir_ahli_waris:, :tgl_lahir_ahli_waris:, :nik_ahli_waris:, :hubungan_keluarga:)', [...], false)
 5 SYSTEMPATH\Model.php(330): CodeIgniter\Database\BaseBuilder->insert()
 6 SYSTEMPATH\BaseModel.php(782): CodeIgniter\Model->doInsert([...])
 7 SYSTEMPATH\Model.php(730): CodeIgniter\BaseModel->insert([...], false)
 8 SYSTEMPATH\BaseModel.php(692): CodeIgniter\Model->insert([...], false)
 9 APPPATH\Controllers\HomepageController.php(684): CodeIgniter\BaseModel->save([...])
10 SYSTEMPATH\CodeIgniter.php(934): App\Controllers\HomepageController->form_waris_proses()
11 SYSTEMPATH\CodeIgniter.php(499): CodeIgniter\CodeIgniter->runController(Object(App\Controllers\HomepageController))
12 SYSTEMPATH\CodeIgniter.php(368): CodeIgniter\CodeIgniter->handleRequest(null, Object(Config\Cache), false)
13 FCPATH\index.php(67): CodeIgniter\CodeIgniter->run()
14 SYSTEMPATH\Commands\Server\rewrite.php(47): require_once('C:\\xampp\\htdocs\\web_manajemen_desa\\public\\index.php')
INFO - 2023-08-14 15:57:00 --> Session: Class initialized using 'CodeIgniter\Session\Handlers\FileHandler' driver.
INFO - 2023-08-14 15:57:00 --> Session: Class initialized using 'CodeIgniter\Session\Handlers\FileHandler' driver.
INFO - 2023-08-14 15:59:06 --> Session: Class initialized using 'CodeIgniter\Session\Handlers\FileHandler' driver.
INFO - 2023-08-14 15:59:07 --> Session: Class initialized using 'CodeIgniter\Session\Handlers\FileHandler' driver.
INFO - 2023-08-14 16:00:38 --> Session: Class initialized using 'CodeIgniter\Session\Handlers\FileHandler' driver.
INFO - 2023-08-14 16:01:43 --> Session: Class initialized using 'CodeIgniter\Session\Handlers\FileHandler' driver.
INFO - 2023-08-14 16:01:43 --> Session: Class initialized using 'CodeIgniter\Session\Handlers\FileHandler' driver.
INFO - 2023-08-14 16:02:41 --> Session: Class initialized using 'CodeIgniter\Session\Handlers\FileHandler' driver.
INFO - 2023-08-14 16:03:29 --> Session: Class initialized using 'CodeIgniter\Session\Handlers\FileHandler' driver.
INFO - 2023-08-14 16:03:29 --> Session: Class initialized using 'CodeIgniter\Session\Handlers\FileHandler' driver.
