CRITICAL - 2023-07-09 05:06:17 --> Invalid file: "publik/form_permohonan.php"
in SYSTEMPATH\Exceptions\FrameworkException.php on line 33.
 1 SYSTEMPATH\View\View.php(201): CodeIgniter\Exceptions\FrameworkException::forInvalidFile('publik/form_permohonan.php')
 2 SYSTEMPATH\Common.php(1184): CodeIgniter\View\View->render('publik/form_permohonan', [], true)
 3 APPPATH\Controllers\HomepageController.php(134): view('publik/form_permohonan', [])
 4 SYSTEMPATH\CodeIgniter.php(934): App\Controllers\HomepageController->form_permohonan()
 5 SYSTEMPATH\CodeIgniter.php(499): CodeIgniter\CodeIgniter->runController(Object(App\Controllers\HomepageController))
 6 SYSTEMPATH\CodeIgniter.php(368): CodeIgniter\CodeIgniter->handleRequest(null, Object(Config\Cache), false)
 7 FCPATH\index.php(67): CodeIgniter\CodeIgniter->run()
 8 SYSTEMPATH\Commands\Server\rewrite.php(47): require_once('C:\\Users\\danih\\OneDrive\\Desktop\\web_management_desa\\public\\index.php')
INFO - 2023-07-09 05:16:59 --> Session: Class initialized using 'CodeIgniter\Session\Handlers\FileHandler' driver.
INFO - 2023-07-09 05:19:05 --> Session: Class initialized using 'CodeIgniter\Session\Handlers\FileHandler' driver.
INFO - 2023-07-09 05:21:40 --> Session: Class initialized using 'CodeIgniter\Session\Handlers\FileHandler' driver.
INFO - 2023-07-09 05:41:50 --> Session: Class initialized using 'CodeIgniter\Session\Handlers\FileHandler' driver.
INFO - 2023-07-09 05:41:55 --> Session: Class initialized using 'CodeIgniter\Session\Handlers\FileHandler' driver.
INFO - 2023-07-09 05:41:55 --> Session: Class initialized using 'CodeIgniter\Session\Handlers\FileHandler' driver.
INFO - 2023-07-09 05:41:59 --> Session: Class initialized using 'CodeIgniter\Session\Handlers\FileHandler' driver.
INFO - 2023-07-09 05:42:01 --> Session: Class initialized using 'CodeIgniter\Session\Handlers\FileHandler' driver.
INFO - 2023-07-09 05:43:52 --> Session: Class initialized using 'CodeIgniter\Session\Handlers\FileHandler' driver.
INFO - 2023-07-09 05:43:52 --> Session: Class initialized using 'CodeIgniter\Session\Handlers\FileHandler' driver.
INFO - 2023-07-09 05:43:59 --> Session: Class initialized using 'CodeIgniter\Session\Handlers\FileHandler' driver.
INFO - 2023-07-09 05:43:59 --> Session: Class initialized using 'CodeIgniter\Session\Handlers\FileHandler' driver.
CRITICAL - 2023-07-09 05:45:17 --> Undefined variable $berita
in APPPATH\Views\publik\index.php on line 32.
 1 APPPATH\Views\publik\index.php(32): CodeIgniter\Debug\Exceptions->errorHandler(2, 'Undefined variable $berita', 'C:\\Users\\danih\\OneDrive\\Desktop\\web_management_desa\\app\\Views\\publik\\index.php', 32)
 2 SYSTEMPATH\View\View.php(213): include('C:\\Users\\danih\\OneDrive\\Desktop\\web_management_desa\\app\\Views\\publik\\index.php')
 3 SYSTEMPATH\View\View.php(216): CodeIgniter\View\View->CodeIgniter\View\{closure}()
 4 SYSTEMPATH\Common.php(1184): CodeIgniter\View\View->render('publik/index', [], true)
 5 APPPATH\Controllers\HomepageController.php(29): view('publik/index')
 6 SYSTEMPATH\CodeIgniter.php(934): App\Controllers\HomepageController->index()
 7 SYSTEMPATH\CodeIgniter.php(499): CodeIgniter\CodeIgniter->runController(Object(App\Controllers\HomepageController))
 8 SYSTEMPATH\CodeIgniter.php(368): CodeIgniter\CodeIgniter->handleRequest(null, Object(Config\Cache), false)
 9 FCPATH\index.php(67): CodeIgniter\CodeIgniter->run()
10 SYSTEMPATH\Commands\Server\rewrite.php(47): require_once('C:\\Users\\danih\\OneDrive\\Desktop\\web_management_desa\\public\\index.php')
CRITICAL - 2023-07-09 05:46:53 --> Undefined variable $berita
in APPPATH\Views\publik\index.php on line 28.
 1 APPPATH\Views\publik\index.php(28): CodeIgniter\Debug\Exceptions->errorHandler(2, 'Undefined variable $berita', 'C:\\Users\\danih\\OneDrive\\Desktop\\web_management_desa\\app\\Views\\publik\\index.php', 28)
 2 SYSTEMPATH\View\View.php(213): include('C:\\Users\\danih\\OneDrive\\Desktop\\web_management_desa\\app\\Views\\publik\\index.php')
 3 SYSTEMPATH\View\View.php(216): CodeIgniter\View\View->CodeIgniter\View\{closure}()
 4 SYSTEMPATH\Common.php(1184): CodeIgniter\View\View->render('publik/index', [], true)
 5 APPPATH\Controllers\HomepageController.php(29): view('publik/index')
 6 SYSTEMPATH\CodeIgniter.php(934): App\Controllers\HomepageController->index()
 7 SYSTEMPATH\CodeIgniter.php(499): CodeIgniter\CodeIgniter->runController(Object(App\Controllers\HomepageController))
 8 SYSTEMPATH\CodeIgniter.php(368): CodeIgniter\CodeIgniter->handleRequest(null, Object(Config\Cache), false)
 9 FCPATH\index.php(67): CodeIgniter\CodeIgniter->run()
10 SYSTEMPATH\Commands\Server\rewrite.php(47): require_once('C:\\Users\\danih\\OneDrive\\Desktop\\web_management_desa\\public\\index.php')
CRITICAL - 2023-07-09 05:47:16 --> Undefined variable $berita
in APPPATH\Views\publik\index.php on line 28.
 1 APPPATH\Views\publik\index.php(28): CodeIgniter\Debug\Exceptions->errorHandler(2, 'Undefined variable $berita', 'C:\\Users\\danih\\OneDrive\\Desktop\\web_management_desa\\app\\Views\\publik\\index.php', 28)
 2 SYSTEMPATH\View\View.php(213): include('C:\\Users\\danih\\OneDrive\\Desktop\\web_management_desa\\app\\Views\\publik\\index.php')
 3 SYSTEMPATH\View\View.php(216): CodeIgniter\View\View->CodeIgniter\View\{closure}()
 4 SYSTEMPATH\Common.php(1184): CodeIgniter\View\View->render('publik/index', [], true)
 5 APPPATH\Controllers\HomepageController.php(29): view('publik/index')
 6 SYSTEMPATH\CodeIgniter.php(934): App\Controllers\HomepageController->index()
 7 SYSTEMPATH\CodeIgniter.php(499): CodeIgniter\CodeIgniter->runController(Object(App\Controllers\HomepageController))
 8 SYSTEMPATH\CodeIgniter.php(368): CodeIgniter\CodeIgniter->handleRequest(null, Object(Config\Cache), false)
 9 FCPATH\index.php(67): CodeIgniter\CodeIgniter->run()
10 SYSTEMPATH\Commands\Server\rewrite.php(47): require_once('C:\\Users\\danih\\OneDrive\\Desktop\\web_management_desa\\public\\index.php')
INFO - 2023-07-09 05:47:19 --> Session: Class initialized using 'CodeIgniter\Session\Handlers\FileHandler' driver.
INFO - 2023-07-09 05:47:20 --> Session: Class initialized using 'CodeIgniter\Session\Handlers\FileHandler' driver.
CRITICAL - 2023-07-09 05:47:21 --> Undefined variable $berita
in APPPATH\Views\publik\index.php on line 28.
 1 APPPATH\Views\publik\index.php(28): CodeIgniter\Debug\Exceptions->errorHandler(2, 'Undefined variable $berita', 'C:\\Users\\danih\\OneDrive\\Desktop\\web_management_desa\\app\\Views\\publik\\index.php', 28)
 2 SYSTEMPATH\View\View.php(213): include('C:\\Users\\danih\\OneDrive\\Desktop\\web_management_desa\\app\\Views\\publik\\index.php')
 3 SYSTEMPATH\View\View.php(216): CodeIgniter\View\View->CodeIgniter\View\{closure}()
 4 SYSTEMPATH\Common.php(1184): CodeIgniter\View\View->render('publik/index', [], true)
 5 APPPATH\Controllers\HomepageController.php(29): view('publik/index')
 6 SYSTEMPATH\CodeIgniter.php(934): App\Controllers\HomepageController->index()
 7 SYSTEMPATH\CodeIgniter.php(499): CodeIgniter\CodeIgniter->runController(Object(App\Controllers\HomepageController))
 8 SYSTEMPATH\CodeIgniter.php(368): CodeIgniter\CodeIgniter->handleRequest(null, Object(Config\Cache), false)
 9 FCPATH\index.php(67): CodeIgniter\CodeIgniter->run()
10 SYSTEMPATH\Commands\Server\rewrite.php(47): require_once('C:\\Users\\danih\\OneDrive\\Desktop\\web_management_desa\\public\\index.php')
CRITICAL - 2023-07-09 05:47:51 --> foreach() argument must be of type array|object, null given
in APPPATH\Views\publik\index.php on line 28.
 1 APPPATH\Views\publik\index.php(28): CodeIgniter\Debug\Exceptions->errorHandler(2, 'foreach() argument must be of type array|object, null given', 'C:\\Users\\danih\\OneDrive\\Desktop\\web_management_desa\\app\\Views\\publik\\index.php', 28)
 2 SYSTEMPATH\View\View.php(213): include('C:\\Users\\danih\\OneDrive\\Desktop\\web_management_desa\\app\\Views\\publik\\index.php')
 3 SYSTEMPATH\View\View.php(216): CodeIgniter\View\View->CodeIgniter\View\{closure}()
 4 SYSTEMPATH\Common.php(1184): CodeIgniter\View\View->render('publik/index', [], true)
 5 APPPATH\Controllers\HomepageController.php(32): view('publik/index', [...])
 6 SYSTEMPATH\CodeIgniter.php(934): App\Controllers\HomepageController->index()
 7 SYSTEMPATH\CodeIgniter.php(499): CodeIgniter\CodeIgniter->runController(Object(App\Controllers\HomepageController))
 8 SYSTEMPATH\CodeIgniter.php(368): CodeIgniter\CodeIgniter->handleRequest(null, Object(Config\Cache), false)
 9 FCPATH\index.php(67): CodeIgniter\CodeIgniter->run()
10 SYSTEMPATH\Commands\Server\rewrite.php(47): require_once('C:\\Users\\danih\\OneDrive\\Desktop\\web_management_desa\\public\\index.php')
CRITICAL - 2023-07-09 16:42:26 --> Cannot use object of type stdClass as array
in APPPATH\Views\publik\index.php on line 62.
 1 SYSTEMPATH\View\View.php(213): include()
 2 SYSTEMPATH\View\View.php(216): CodeIgniter\View\View->CodeIgniter\View\{closure}()
 3 SYSTEMPATH\Common.php(1184): CodeIgniter\View\View->render('publik/index', [], true)
 4 APPPATH\Controllers\HomepageController.php(34): view('publik/index', [...])
 5 SYSTEMPATH\CodeIgniter.php(934): App\Controllers\HomepageController->index()
 6 SYSTEMPATH\CodeIgniter.php(499): CodeIgniter\CodeIgniter->runController(Object(App\Controllers\HomepageController))
 7 SYSTEMPATH\CodeIgniter.php(368): CodeIgniter\CodeIgniter->handleRequest(null, Object(Config\Cache), false)
 8 FCPATH\index.php(67): CodeIgniter\CodeIgniter->run()
 9 SYSTEMPATH\Commands\Server\rewrite.php(47): require_once('C:\\Users\\danih\\OneDrive\\Desktop\\web_management_desa\\public\\index.php')
CRITICAL - 2023-07-09 16:46:06 --> Undefined variable $string
in APPPATH\Views\publik\index.php on line 41.
 1 APPPATH\Views\publik\index.php(41): CodeIgniter\Debug\Exceptions->errorHandler(2, 'Undefined variable $string', 'C:\\Users\\danih\\OneDrive\\Desktop\\web_management_desa\\app\\Views\\publik\\index.php', 41)
 2 SYSTEMPATH\View\View.php(213): include('C:\\Users\\danih\\OneDrive\\Desktop\\web_management_desa\\app\\Views\\publik\\index.php')
 3 SYSTEMPATH\View\View.php(216): CodeIgniter\View\View->CodeIgniter\View\{closure}()
 4 SYSTEMPATH\Common.php(1184): CodeIgniter\View\View->render('publik/index', [], true)
 5 APPPATH\Controllers\HomepageController.php(34): view('publik/index', [...])
 6 SYSTEMPATH\CodeIgniter.php(934): App\Controllers\HomepageController->index()
 7 SYSTEMPATH\CodeIgniter.php(499): CodeIgniter\CodeIgniter->runController(Object(App\Controllers\HomepageController))
 8 SYSTEMPATH\CodeIgniter.php(368): CodeIgniter\CodeIgniter->handleRequest(null, Object(Config\Cache), false)
 9 FCPATH\index.php(67): CodeIgniter\CodeIgniter->run()
10 SYSTEMPATH\Commands\Server\rewrite.php(47): require_once('C:\\Users\\danih\\OneDrive\\Desktop\\web_management_desa\\public\\index.php')
CRITICAL - 2023-07-09 16:50:36 --> Call to undefined method stdClass::created_date()
in APPPATH\Views\publik\index.php on line 39.
 1 SYSTEMPATH\View\View.php(213): include()
 2 SYSTEMPATH\View\View.php(216): CodeIgniter\View\View->CodeIgniter\View\{closure}()
 3 SYSTEMPATH\Common.php(1184): CodeIgniter\View\View->render('publik/index', [], true)
 4 APPPATH\Controllers\HomepageController.php(34): view('publik/index', [...])
 5 SYSTEMPATH\CodeIgniter.php(934): App\Controllers\HomepageController->index()
 6 SYSTEMPATH\CodeIgniter.php(499): CodeIgniter\CodeIgniter->runController(Object(App\Controllers\HomepageController))
 7 SYSTEMPATH\CodeIgniter.php(368): CodeIgniter\CodeIgniter->handleRequest(null, Object(Config\Cache), false)
 8 FCPATH\index.php(67): CodeIgniter\CodeIgniter->run()
 9 SYSTEMPATH\Commands\Server\rewrite.php(47): require_once('C:\\Users\\danih\\OneDrive\\Desktop\\web_management_desa\\public\\index.php')
INFO - 2023-07-09 17:17:21 --> Session: Class initialized using 'CodeIgniter\Session\Handlers\FileHandler' driver.
INFO - 2023-07-09 17:17:24 --> Session: Class initialized using 'CodeIgniter\Session\Handlers\FileHandler' driver.
INFO - 2023-07-09 17:17:25 --> Session: Class initialized using 'CodeIgniter\Session\Handlers\FileHandler' driver.
INFO - 2023-07-09 17:17:27 --> Session: Class initialized using 'CodeIgniter\Session\Handlers\FileHandler' driver.
INFO - 2023-07-09 17:17:29 --> Session: Class initialized using 'CodeIgniter\Session\Handlers\FileHandler' driver.
INFO - 2023-07-09 17:20:04 --> Session: Class initialized using 'CodeIgniter\Session\Handlers\FileHandler' driver.
INFO - 2023-07-09 17:20:05 --> Session: Class initialized using 'CodeIgniter\Session\Handlers\FileHandler' driver.
INFO - 2023-07-09 17:21:57 --> Session: Class initialized using 'CodeIgniter\Session\Handlers\FileHandler' driver.
INFO - 2023-07-09 17:22:13 --> Session: Class initialized using 'CodeIgniter\Session\Handlers\FileHandler' driver.
INFO - 2023-07-09 17:22:13 --> Session: Class initialized using 'CodeIgniter\Session\Handlers\FileHandler' driver.
INFO - 2023-07-09 17:22:20 --> Session: Class initialized using 'CodeIgniter\Session\Handlers\FileHandler' driver.
INFO - 2023-07-09 17:22:32 --> Session: Class initialized using 'CodeIgniter\Session\Handlers\FileHandler' driver.
INFO - 2023-07-09 17:22:32 --> Session: Class initialized using 'CodeIgniter\Session\Handlers\FileHandler' driver.
INFO - 2023-07-09 17:29:28 --> Session: Class initialized using 'CodeIgniter\Session\Handlers\FileHandler' driver.
INFO - 2023-07-09 17:41:26 --> Session: Class initialized using 'CodeIgniter\Session\Handlers\FileHandler' driver.
INFO - 2023-07-09 17:41:37 --> Session: Class initialized using 'CodeIgniter\Session\Handlers\FileHandler' driver.
INFO - 2023-07-09 17:42:22 --> Session: Class initialized using 'CodeIgniter\Session\Handlers\FileHandler' driver.
INFO - 2023-07-09 17:42:22 --> Session: Class initialized using 'CodeIgniter\Session\Handlers\FileHandler' driver.
INFO - 2023-07-09 18:06:41 --> Session: Class initialized using 'CodeIgniter\Session\Handlers\FileHandler' driver.
INFO - 2023-07-09 18:06:47 --> Session: Class initialized using 'CodeIgniter\Session\Handlers\FileHandler' driver.
INFO - 2023-07-09 18:06:47 --> Session: Class initialized using 'CodeIgniter\Session\Handlers\FileHandler' driver.
